<?xml version="1.0" encoding="UTF-8"?>
<!-- Generated by org.testng.reporters.JUnitXMLReporter -->
<testsuite hostname="LAPTOP-D8GBQRP8" ignored="0" name="api" tests="17" failures="0" timestamp="11 mar 2023 20:36:37 GMT" time="9.789" errors="0">
  <testcase name="pxd_authentication_test1" time="1.957" classname="com.platformX.api.tests.PXD_001_Authentication_Test"/>
  <testcase name="pxd_authentication_test2" time="0.244" classname="com.platformX.api.tests.PXD_001_Authentication_Test"/>
  <testcase name="pxd_authentication_test3" time="0.481" classname="com.platformX.api.tests.PXD_001_Authentication_Test"/>
  <testcase name="pxd_authentication_test4" time="0.39" classname="com.platformX.api.tests.PXD_001_Authentication_Test"/>
  <testcase name="pxd_authentication_test5" time="0.319" classname="com.platformX.api.tests.PXD_001_Authentication_Test"/>
  <testcase name="pxd_authentication_test6" time="0.366" classname="com.platformX.api.tests.PXD_001_Authentication_Test"/>
  <testcase name="pxd_get_user_data_test1" time="0.872" classname="com.platformX.api.tests.PXD_002_Get_User_Data_Test"/>
  <testcase name="pxd_get_user_data_test2" time="0.206" classname="com.platformX.api.tests.PXD_002_Get_User_Data_Test"/>
  <testcase name="pxd_get_user_data_test3" time="0.261" classname="com.platformX.api.tests.PXD_002_Get_User_Data_Test"/>
  <testcase name="get_administration_message_test1" time="0.641" classname="com.platformX.api.tests.PXD_003_Get_Administration_Message_Test"/>
  <testcase name="get_administration_message_test2" time="0.191" classname="com.platformX.api.tests.PXD_003_Get_Administration_Message_Test"/>
  <testcase name="get_administration_message_test3" time="0.283" classname="com.platformX.api.tests.PXD_003_Get_Administration_Message_Test"/>
  <testcase name="get_administration_message_test4" time="0.815" classname="com.platformX.api.tests.PXD_003_Get_Administration_Message_Test"/>
  <testcase name="pxd_get_administration_users_test1" time="0.808" classname="com.platformX.api.tests.PXD_004_Get_Administration_Users_Test"/>
  <testcase name="pxd_get_administration_users_test2" time="0.408" classname="com.platformX.api.tests.PXD_004_Get_Administration_Users_Test"/>
  <testcase name="pxd_get_user_data_test3" time="0.959" classname="com.platformX.api.tests.PXD_004_Get_Administration_Users_Test"/>
  <testcase name="pxd_get_user_data_test4" time="0.548" classname="com.platformX.api.tests.PXD_004_Get_Administration_Users_Test"/>
</testsuite> <!-- api -->
