<?xml version="1.0" encoding="UTF-8"?>
<!-- Generated by org.testng.reporters.JUnitXMLReporter -->
<testsuite hostname="LAPTOP-D8GBQRP8" ignored="0" name="api" tests="10" failures="0" timestamp="26 feb 2023 15:27:51 GMT" time="4.015" errors="0">
  <testcase name="get_administration_message_test" time="1.014" classname="com.platformX.api.tests.GetAdministrationMessageScenario"/>
  <testcase name="pxd_authentication_test1" time="0.853" classname="com.platformX.api.tests.PXD_001_Authentication_Test"/>
  <testcase name="pxd_authentication_test2" time="0.126" classname="com.platformX.api.tests.PXD_001_Authentication_Test"/>
  <testcase name="pxd_authentication_test3" time="0.216" classname="com.platformX.api.tests.PXD_001_Authentication_Test"/>
  <testcase name="pxd_authentication_test4" time="0.259" classname="com.platformX.api.tests.PXD_001_Authentication_Test"/>
  <testcase name="pxd_authentication_test5" time="0.241" classname="com.platformX.api.tests.PXD_001_Authentication_Test"/>
  <testcase name="pxd_authentication_test6" time="0.269" classname="com.platformX.api.tests.PXD_001_Authentication_Test"/>
  <testcase name="pxd_get_user_data_test1" time="0.645" classname="com.platformX.api.tests.PXD_002_Get_User_Data_Test"/>
  <testcase name="pxd_get_user_data_test2" time="0.191" classname="com.platformX.api.tests.PXD_002_Get_User_Data_Test"/>
  <testcase name="pxd_get_user_data_test3" time="0.174" classname="com.platformX.api.tests.PXD_002_Get_User_Data_Test"/>
</testsuite> <!-- api -->
