<?xml version="1.0" encoding="UTF-8"?>
<!-- Generated by org.testng.reporters.JUnitXMLReporter -->
<testsuite hostname="LAPTOP-D8GBQRP8" ignored="0" name="Svi testovi" tests="35" failures="6" timestamp="08 mar 2021 10:15:01 GMT" time="1253.602" errors="0">
  <testcase name="qa_001_logIn_logOut_test" time="14.483" classname="com.platformX.tests.QA_001_LogIn_LogOut_Test"/>
  <testcase name="qa_002_verifikacije_sekcije_sifarnici_test" time="23.034" classname="com.platformX.tests.QA_002_Verifikacija_Sekcije_Sifarnici_Test"/>
  <testcase name="qa_003_verifikacije_sekcije_tarifni_sistem_test" time="18.535" classname="com.platformX.tests.QA_003_Verifikacija_Sekcije_Tarifni_Sistem_Test"/>
  <testcase name="qa_004_verifikacija_sekcije_kupci_test" time="23.783" classname="com.platformX.tests.QA_004_Verifikacija_Sekcije_Kupci_Test">
    <failure type="java.lang.AssertionError" message="Mjenice: Broj kolona nije dobar!  expected [true] but found [false]">
      <![CDATA[java.lang.AssertionError: Mjenice: Broj kolona nije dobar!  expected [true] but found [false]
	at com.platformX.page.MjenicePage.verifikujMjenice(MjenicePage.java:25)
	at com.platformX.tests.QA_004_Verifikacija_Sekcije_Kupci_Test.qa_004_verifikacija_sekcije_kupci_test(QA_004_Verifikacija_Sekcije_Kupci_Test.java:63)
... Removed 28 stack frames]]>
    </failure>
  </testcase> <!-- qa_004_verifikacija_sekcije_kupci_test -->
  <testcase name="qa_005_verifikacija_sekcije_mjerna_mjesta_test" time="13.611" classname="com.platformX.tests.QA_005_Verifikacija_Sekcije_Mjerna_Mjesta_Test"/>
  <testcase name="qa_006_verifikacija_sekcije_obracun_test" time="18.567" classname="com.platformX.tests.QA_006_Verifikacija_Sekcije_Obracun_Test">
    <failure type="java.lang.AssertionError" message="KupciZaTestneRacune: Broj kolona nije dobar!  expected [true] but found [false]">
      <![CDATA[java.lang.AssertionError: KupciZaTestneRacune: Broj kolona nije dobar!  expected [true] but found [false]
	at com.platformX.page.KupciZaTestneRacunePage.verifikujKupciZaTestneRacune(KupciZaTestneRacunePage.java:30)
	at com.platformX.tests.QA_006_Verifikacija_Sekcije_Obracun_Test.qa_006_verifikacija_sekcije_obracun_test(QA_006_Verifikacija_Sekcije_Obracun_Test.java:51)
... Removed 28 stack frames]]>
    </failure>
  </testcase> <!-- qa_006_verifikacija_sekcije_obracun_test -->
  <testcase name="qa_007_verifikacija_sekcije_finansije_test" time="20.158" classname="com.platformX.tests.QA_007_Verifikacija_Sekcije_Finansije_Test"/>
  <testcase name="qa_008_dodavanje_banke_test" time="14.009" classname="com.platformX.tests.QA_008_Dodavanje_Banke_Test"/>
  <testcase name="qa_009_dodavanje_ziro_racuna_test" time="23.697" classname="com.platformX.tests.QA_009_Dodavanje_Ziro_Racuna_Test"/>
  <testcase name="qa_010_dodavanje_dnevnika_uplata_test" time="38.209" classname="com.platformX.tests.QA_010_Dodavanje_Dnevnika_Uplata_Test"/>
  <testcase name="qa_011_dodavanje_uplata_poziv_na_broj_test1" time="43.83" classname="com.platformX.tests.QA_011_Dodavanje_Uplate_Poziv_Na_Broj_Test1"/>
  <testcase name="qa_011_dodavanje_uplate_test" time="43.491" classname="com.platformX.tests.QA_011_Dodavanje_Uplate_Test"/>
  <testcase name="qa_012_dodavanje_uplate_poziv_na_broj_test2" time="45.017" classname="com.platformX.tests.QA_012_Dodavanje_Uplate_Poziv_Na_Broj_Test2"/>
  <testcase name="qa_013_dodavanje_radne_jedinice_test" time="11.912" classname="com.platformX.tests.QA_013_Dodavanje_Radne_Jedinice_Test"/>
  <testcase name="qa_014_dodavanje_operativnog_podrucja_test" time="12.459" classname="com.platformX.tests.QA_014_Dodavanje_Operativnog_Podrucja_Test"/>
  <testcase name="qa_015_dodavanje_uplate_sa_kupcem_test" time="43.508" classname="com.platformX.tests.QA_015_Dodavanje_Uplate_Sa_Kupcem_Test"/>
  <testcase name="qa_016_preknjizavanje_dnevnika_uplata_test" time="43.849" classname="com.platformX.tests.QA_016_Preknjizavanje_Dnevnika_Uplata_Test"/>
  <testcase name="qa_017_dodavanje_pravnog_lica_test" time="16.357" classname="com.platformX.tests.QA_017_Dodavanje_Pravnog_Lica_Test"/>
  <testcase name="qa_018_dodavanje_ugovora_test" time="34.035" classname="com.platformX.tests.QA_018_Dodavanje_Ugovora_Test"/>
  <testcase name="qa_019_neuspjesno_dodavanje_ugovora_test1" time="49.699" classname="com.platformX.tests.QA_019_Neuspjesno_Dodavanje_Ugovora_Test1"/>
  <testcase name="qa_021_nesupjesno_dodavanje_ugovora_test3" time="32.054" classname="com.platformX.tests.QA_021_Neuspjesno_Dodavanje_Ugovora_Test3"/>
  <testcase name="qa_023_nesupjesno_dodavanje_ugovora_test5" time="32.923" classname="com.platformX.tests.QA_023_Neuspjesno_Dodavanje_Ugovora_Test5"/>
  <testcase name="qa_024_nesupjesno_dodavanje_ugovora_test6" time="33.724" classname="com.platformX.tests.QA_024_Neuspjesno_Dodavanje_Ugovora_Test6"/>
  <testcase name="qa_025_dodavanje_potpisanog_ugovora_test" time="28.518" classname="com.platformX.tests.QA_025_Dodavanje_Potpisanog_Ugovora_Test"/>
  <testcase name="qa_026_provjera_validacija_na_ugovoru_test1" time="13.864" classname="com.platformX.tests.QA_026_Provjera_Validacija_Na_Ugovoru_Test1"/>
  <testcase name="qa_027_provjera_validacija_na_ugovoru_test2" time="21.581" classname="com.platformX.tests.QA_027_Provjera_Validacija_Na_Ugovoru_Test2"/>
  <testcase name="qa_028_izmjena_ugovora_test" time="44.327" classname="com.platformX.tests.QA_028_Izmjena_Ugovora_Test"/>
  <testcase name="qa_029_provjera_validacija_na_izmjeni_ugovora_test" time="31.395" classname="com.platformX.tests.QA_029_Provjera_Validacija_Na_Izmjeni_Ugovora_Test"/>
  <testcase name="qa_032_deaktivacija_ugovora_test" time="40.978" classname="com.platformX.tests.QA_032_Deaktivacija_Ugovora_Test"/>
  <testcase name="qa_033_neuspjesna_deaktivacija_ugovora_test" time="39.14" classname="com.platformX.tests.QA_033_Neuspjesna_Deaktivacija_Ugovora_Test"/>
  <testcase name="qa_034_odbacivanje_ugovora_test" time="37.415" classname="com.platformX.tests.QA_034_Odbacivanje_Ugovora_Test"/>
  <testcase name="qa_035_ukljucivanje_ugovora_test" time="34.755" classname="com.platformX.tests.QA_035_Ukljucivanje_Ugovora_Test">
    <failure type="org.openqa.selenium.WebDriverException" message="unknown error: Element &amp;lt;div class=&amp;quot;v-list-item__content&amp;quot;&amp;gt;...&amp;lt;/div&amp;gt; is not clickable at point (1390, 588). Other element would receive the click: &amp;lt;div role=&amp;quot;listbox&amp;quot; class=&amp;quot;v-item-group theme--light v-list-item-group&amp;quot;&amp;gt;...&amp;lt;/div&amp;gt;
  (Session info: chrome=88.0.4324.190)
  (Driver info: chromedriver=2.42.591088 (7b2b2dca23cca0862f674758c9a3933e685c27d5),platform=Windows NT 10.0.19042 x86_64) (WARNING: The server did not provide any stacktrace information)
Command duration or timeout: 0 milliseconds
Build info: version: &amp;apos;3.14.0&amp;apos;, revision: &amp;apos;aacccce0&amp;apos;, time: &amp;apos;2018-08-02T20:19:58.91Z&amp;apos;
System info: host: &amp;apos;LAPTOP-D8GBQRP8&amp;apos;, ip: &amp;apos;192.168.255.105&amp;apos;, os.name: &amp;apos;Windows 10&amp;apos;, os.arch: &amp;apos;amd64&amp;apos;, os.version: &amp;apos;10.0&amp;apos;, java.version: &amp;apos;1.8.0_261&amp;apos;
Driver info: org.openqa.selenium.chrome.ChromeDriver
Capabilities {acceptInsecureCerts: false, acceptSslCerts: false, applicationCacheEnabled: false, browserConnectionEnabled: false, browserName: chrome, chrome: {chromedriverVersion: 2.42.591088 (7b2b2dca23cca0..., userDataDir: C:\Users\User\AppData\Local...}, cssSelectorsEnabled: true, databaseEnabled: false, goog:chromeOptions: {debuggerAddress: localhost:60255}, handlesAlerts: true, hasTouchScreen: false, javascriptEnabled: true, locationContextEnabled: true, mobileEmulationEnabled: false, nativeEvents: true, networkConnectionEnabled: false, pageLoadStrategy: normal, platform: XP, platformName: XP, rotatable: false, setWindowRect: true, takesHeapSnapshot: true, takesScreenshot: true, unexpectedAlertBehaviour: , unhandledPromptBehavior: , version: 88.0.4324.190, webStorageEnabled: true}
Session ID: a6ed41c95e6ea58e80201e236ac0d110">
      <![CDATA[org.openqa.selenium.WebDriverException: unknown error: Element <div class="v-list-item__content">...</div> is not clickable at point (1390, 588). Other element would receive the click: <div role="listbox" class="v-item-group theme--light v-list-item-group">...</div>
  (Session info: chrome=88.0.4324.190)
  (Driver info: chromedriver=2.42.591088 (7b2b2dca23cca0862f674758c9a3933e685c27d5),platform=Windows NT 10.0.19042 x86_64) (WARNING: The server did not provide any stacktrace information)
Command duration or timeout: 0 milliseconds
Build info: version: '3.14.0', revision: 'aacccce0', time: '2018-08-02T20:19:58.91Z'
System info: host: 'LAPTOP-D8GBQRP8', ip: '192.168.255.105', os.name: 'Windows 10', os.arch: 'amd64', os.version: '10.0', java.version: '1.8.0_261'
Driver info: org.openqa.selenium.chrome.ChromeDriver
Capabilities {acceptInsecureCerts: false, acceptSslCerts: false, applicationCacheEnabled: false, browserConnectionEnabled: false, browserName: chrome, chrome: {chromedriverVersion: 2.42.591088 (7b2b2dca23cca0..., userDataDir: C:\Users\User\AppData\Local...}, cssSelectorsEnabled: true, databaseEnabled: false, goog:chromeOptions: {debuggerAddress: localhost:60255}, handlesAlerts: true, hasTouchScreen: false, javascriptEnabled: true, locationContextEnabled: true, mobileEmulationEnabled: false, nativeEvents: true, networkConnectionEnabled: false, pageLoadStrategy: normal, platform: XP, platformName: XP, rotatable: false, setWindowRect: true, takesHeapSnapshot: true, takesScreenshot: true, unexpectedAlertBehaviour: , unhandledPromptBehavior: , version: 88.0.4324.190, webStorageEnabled: true}
Session ID: a6ed41c95e6ea58e80201e236ac0d110
	at org.openqa.selenium.remote.ErrorHandler.createThrowable(ErrorHandler.java:214)
	at org.openqa.selenium.remote.ErrorHandler.throwIfResponseFailed(ErrorHandler.java:166)
	at org.openqa.selenium.remote.http.JsonHttpResponseCodec.reconstructValue(JsonHttpResponseCodec.java:40)
	at org.openqa.selenium.remote.http.AbstractHttpResponseCodec.decode(AbstractHttpResponseCodec.java:80)
	at org.openqa.selenium.remote.http.AbstractHttpResponseCodec.decode(AbstractHttpResponseCodec.java:44)
	at org.openqa.selenium.remote.HttpCommandExecutor.execute(HttpCommandExecutor.java:158)
	at org.openqa.selenium.remote.service.DriverCommandExecutor.execute(DriverCommandExecutor.java:83)
	at org.openqa.selenium.remote.RemoteWebDriver.execute(RemoteWebDriver.java:548)
	at org.openqa.selenium.remote.RemoteWebElement.execute(RemoteWebElement.java:276)
	at org.openqa.selenium.remote.RemoteWebElement.click(RemoteWebElement.java:83)
	at org.openqa.selenium.support.pagefactory.internal.LocatingElementHandler.invoke(LocatingElementHandler.java:51)
	at com.sun.proxy.$Proxy11.click(Unknown Source)
	at com.platformX.page.UgovoriPage.iskljuciUgovor(UgovoriPage.java:891)
	at com.platformX.tests.QA_035_Ukljucivanje_Ugovora_Test.qa_035_ukljucivanje_ugovora_test(QA_035_Ukljucivanje_Ugovora_Test.java:36)
... Removed 32 stack frames]]>
    </failure>
  </testcase> <!-- qa_035_ukljucivanje_ugovora_test -->
  <testcase name="qa_036_neuspjesno_ukljucivanje_ugovora_test" time="36.58" classname="com.platformX.tests.QA_036_Neuspjesno_Ukljucivanje_Ugovora_Test">
    <failure type="org.openqa.selenium.WebDriverException" message="unknown error: Element &amp;lt;div class=&amp;quot;v-list-item__content&amp;quot;&amp;gt;...&amp;lt;/div&amp;gt; is not clickable at point (1390, 588). Other element would receive the click: &amp;lt;div role=&amp;quot;listbox&amp;quot; class=&amp;quot;v-item-group theme--light v-list-item-group&amp;quot;&amp;gt;...&amp;lt;/div&amp;gt;
  (Session info: chrome=88.0.4324.190)
  (Driver info: chromedriver=2.42.591088 (7b2b2dca23cca0862f674758c9a3933e685c27d5),platform=Windows NT 10.0.19042 x86_64) (WARNING: The server did not provide any stacktrace information)
Command duration or timeout: 0 milliseconds
Build info: version: &amp;apos;3.14.0&amp;apos;, revision: &amp;apos;aacccce0&amp;apos;, time: &amp;apos;2018-08-02T20:19:58.91Z&amp;apos;
System info: host: &amp;apos;LAPTOP-D8GBQRP8&amp;apos;, ip: &amp;apos;192.168.255.105&amp;apos;, os.name: &amp;apos;Windows 10&amp;apos;, os.arch: &amp;apos;amd64&amp;apos;, os.version: &amp;apos;10.0&amp;apos;, java.version: &amp;apos;1.8.0_261&amp;apos;
Driver info: org.openqa.selenium.chrome.ChromeDriver
Capabilities {acceptInsecureCerts: false, acceptSslCerts: false, applicationCacheEnabled: false, browserConnectionEnabled: false, browserName: chrome, chrome: {chromedriverVersion: 2.42.591088 (7b2b2dca23cca0..., userDataDir: C:\Users\User\AppData\Local...}, cssSelectorsEnabled: true, databaseEnabled: false, goog:chromeOptions: {debuggerAddress: localhost:60285}, handlesAlerts: true, hasTouchScreen: false, javascriptEnabled: true, locationContextEnabled: true, mobileEmulationEnabled: false, nativeEvents: true, networkConnectionEnabled: false, pageLoadStrategy: normal, platform: XP, platformName: XP, rotatable: false, setWindowRect: true, takesHeapSnapshot: true, takesScreenshot: true, unexpectedAlertBehaviour: , unhandledPromptBehavior: , version: 88.0.4324.190, webStorageEnabled: true}
Session ID: 14a41f6e3059cff5201c5481dd8d7d25">
      <![CDATA[org.openqa.selenium.WebDriverException: unknown error: Element <div class="v-list-item__content">...</div> is not clickable at point (1390, 588). Other element would receive the click: <div role="listbox" class="v-item-group theme--light v-list-item-group">...</div>
  (Session info: chrome=88.0.4324.190)
  (Driver info: chromedriver=2.42.591088 (7b2b2dca23cca0862f674758c9a3933e685c27d5),platform=Windows NT 10.0.19042 x86_64) (WARNING: The server did not provide any stacktrace information)
Command duration or timeout: 0 milliseconds
Build info: version: '3.14.0', revision: 'aacccce0', time: '2018-08-02T20:19:58.91Z'
System info: host: 'LAPTOP-D8GBQRP8', ip: '192.168.255.105', os.name: 'Windows 10', os.arch: 'amd64', os.version: '10.0', java.version: '1.8.0_261'
Driver info: org.openqa.selenium.chrome.ChromeDriver
Capabilities {acceptInsecureCerts: false, acceptSslCerts: false, applicationCacheEnabled: false, browserConnectionEnabled: false, browserName: chrome, chrome: {chromedriverVersion: 2.42.591088 (7b2b2dca23cca0..., userDataDir: C:\Users\User\AppData\Local...}, cssSelectorsEnabled: true, databaseEnabled: false, goog:chromeOptions: {debuggerAddress: localhost:60285}, handlesAlerts: true, hasTouchScreen: false, javascriptEnabled: true, locationContextEnabled: true, mobileEmulationEnabled: false, nativeEvents: true, networkConnectionEnabled: false, pageLoadStrategy: normal, platform: XP, platformName: XP, rotatable: false, setWindowRect: true, takesHeapSnapshot: true, takesScreenshot: true, unexpectedAlertBehaviour: , unhandledPromptBehavior: , version: 88.0.4324.190, webStorageEnabled: true}
Session ID: 14a41f6e3059cff5201c5481dd8d7d25
	at org.openqa.selenium.remote.ErrorHandler.createThrowable(ErrorHandler.java:214)
	at org.openqa.selenium.remote.ErrorHandler.throwIfResponseFailed(ErrorHandler.java:166)
	at org.openqa.selenium.remote.http.JsonHttpResponseCodec.reconstructValue(JsonHttpResponseCodec.java:40)
	at org.openqa.selenium.remote.http.AbstractHttpResponseCodec.decode(AbstractHttpResponseCodec.java:80)
	at org.openqa.selenium.remote.http.AbstractHttpResponseCodec.decode(AbstractHttpResponseCodec.java:44)
	at org.openqa.selenium.remote.HttpCommandExecutor.execute(HttpCommandExecutor.java:158)
	at org.openqa.selenium.remote.service.DriverCommandExecutor.execute(DriverCommandExecutor.java:83)
	at org.openqa.selenium.remote.RemoteWebDriver.execute(RemoteWebDriver.java:548)
	at org.openqa.selenium.remote.RemoteWebElement.execute(RemoteWebElement.java:276)
	at org.openqa.selenium.remote.RemoteWebElement.click(RemoteWebElement.java:83)
	at org.openqa.selenium.support.pagefactory.internal.LocatingElementHandler.invoke(LocatingElementHandler.java:51)
	at com.sun.proxy.$Proxy11.click(Unknown Source)
	at com.platformX.page.UgovoriPage.iskljuciUgovor(UgovoriPage.java:891)
	at com.platformX.tests.QA_036_Neuspjesno_Ukljucivanje_Ugovora_Test.qa_036_neuspjesno_ukljucivanje_ugovora_test(QA_036_Neuspjesno_Ukljucivanje_Ugovora_Test.java:36)
... Removed 32 stack frames]]>
    </failure>
  </testcase> <!-- qa_036_neuspjesno_ukljucivanje_ugovora_test -->
  <testcase name="qa_037_iskljucivanje_ugovora_test" time="35.969" classname="com.platformX.tests.QA_037_Iskljucivanje_Ugovora_Test">
    <failure type="org.openqa.selenium.WebDriverException" message="unknown error: Element &amp;lt;div class=&amp;quot;v-list-item__content&amp;quot;&amp;gt;...&amp;lt;/div&amp;gt; is not clickable at point (1390, 588). Other element would receive the click: &amp;lt;div role=&amp;quot;listbox&amp;quot; class=&amp;quot;v-item-group theme--light v-list-item-group&amp;quot;&amp;gt;...&amp;lt;/div&amp;gt;
  (Session info: chrome=88.0.4324.190)
  (Driver info: chromedriver=2.42.591088 (7b2b2dca23cca0862f674758c9a3933e685c27d5),platform=Windows NT 10.0.19042 x86_64) (WARNING: The server did not provide any stacktrace information)
Command duration or timeout: 0 milliseconds
Build info: version: &amp;apos;3.14.0&amp;apos;, revision: &amp;apos;aacccce0&amp;apos;, time: &amp;apos;2018-08-02T20:19:58.91Z&amp;apos;
System info: host: &amp;apos;LAPTOP-D8GBQRP8&amp;apos;, ip: &amp;apos;192.168.255.105&amp;apos;, os.name: &amp;apos;Windows 10&amp;apos;, os.arch: &amp;apos;amd64&amp;apos;, os.version: &amp;apos;10.0&amp;apos;, java.version: &amp;apos;1.8.0_261&amp;apos;
Driver info: org.openqa.selenium.chrome.ChromeDriver
Capabilities {acceptInsecureCerts: false, acceptSslCerts: false, applicationCacheEnabled: false, browserConnectionEnabled: false, browserName: chrome, chrome: {chromedriverVersion: 2.42.591088 (7b2b2dca23cca0..., userDataDir: C:\Users\User\AppData\Local...}, cssSelectorsEnabled: true, databaseEnabled: false, goog:chromeOptions: {debuggerAddress: localhost:60312}, handlesAlerts: true, hasTouchScreen: false, javascriptEnabled: true, locationContextEnabled: true, mobileEmulationEnabled: false, nativeEvents: true, networkConnectionEnabled: false, pageLoadStrategy: normal, platform: XP, platformName: XP, rotatable: false, setWindowRect: true, takesHeapSnapshot: true, takesScreenshot: true, unexpectedAlertBehaviour: , unhandledPromptBehavior: , version: 88.0.4324.190, webStorageEnabled: true}
Session ID: c6ce60e082e5349baa3e9c9192910e4a">
      <![CDATA[org.openqa.selenium.WebDriverException: unknown error: Element <div class="v-list-item__content">...</div> is not clickable at point (1390, 588). Other element would receive the click: <div role="listbox" class="v-item-group theme--light v-list-item-group">...</div>
  (Session info: chrome=88.0.4324.190)
  (Driver info: chromedriver=2.42.591088 (7b2b2dca23cca0862f674758c9a3933e685c27d5),platform=Windows NT 10.0.19042 x86_64) (WARNING: The server did not provide any stacktrace information)
Command duration or timeout: 0 milliseconds
Build info: version: '3.14.0', revision: 'aacccce0', time: '2018-08-02T20:19:58.91Z'
System info: host: 'LAPTOP-D8GBQRP8', ip: '192.168.255.105', os.name: 'Windows 10', os.arch: 'amd64', os.version: '10.0', java.version: '1.8.0_261'
Driver info: org.openqa.selenium.chrome.ChromeDriver
Capabilities {acceptInsecureCerts: false, acceptSslCerts: false, applicationCacheEnabled: false, browserConnectionEnabled: false, browserName: chrome, chrome: {chromedriverVersion: 2.42.591088 (7b2b2dca23cca0..., userDataDir: C:\Users\User\AppData\Local...}, cssSelectorsEnabled: true, databaseEnabled: false, goog:chromeOptions: {debuggerAddress: localhost:60312}, handlesAlerts: true, hasTouchScreen: false, javascriptEnabled: true, locationContextEnabled: true, mobileEmulationEnabled: false, nativeEvents: true, networkConnectionEnabled: false, pageLoadStrategy: normal, platform: XP, platformName: XP, rotatable: false, setWindowRect: true, takesHeapSnapshot: true, takesScreenshot: true, unexpectedAlertBehaviour: , unhandledPromptBehavior: , version: 88.0.4324.190, webStorageEnabled: true}
Session ID: c6ce60e082e5349baa3e9c9192910e4a
	at org.openqa.selenium.remote.ErrorHandler.createThrowable(ErrorHandler.java:214)
	at org.openqa.selenium.remote.ErrorHandler.throwIfResponseFailed(ErrorHandler.java:166)
	at org.openqa.selenium.remote.http.JsonHttpResponseCodec.reconstructValue(JsonHttpResponseCodec.java:40)
	at org.openqa.selenium.remote.http.AbstractHttpResponseCodec.decode(AbstractHttpResponseCodec.java:80)
	at org.openqa.selenium.remote.http.AbstractHttpResponseCodec.decode(AbstractHttpResponseCodec.java:44)
	at org.openqa.selenium.remote.HttpCommandExecutor.execute(HttpCommandExecutor.java:158)
	at org.openqa.selenium.remote.service.DriverCommandExecutor.execute(DriverCommandExecutor.java:83)
	at org.openqa.selenium.remote.RemoteWebDriver.execute(RemoteWebDriver.java:548)
	at org.openqa.selenium.remote.RemoteWebElement.execute(RemoteWebElement.java:276)
	at org.openqa.selenium.remote.RemoteWebElement.click(RemoteWebElement.java:83)
	at org.openqa.selenium.support.pagefactory.internal.LocatingElementHandler.invoke(LocatingElementHandler.java:51)
	at com.sun.proxy.$Proxy11.click(Unknown Source)
	at com.platformX.page.UgovoriPage.iskljuciUgovor(UgovoriPage.java:891)
	at com.platformX.tests.QA_037_Iskljucivanje_Ugovora_Test.qa_037_iskljucivanje_ugovora_test(QA_037_Iskljucivanje_Ugovora_Test.java:36)
... Removed 32 stack frames]]>
    </failure>
  </testcase> <!-- qa_037_iskljucivanje_ugovora_test -->
  <testcase name="qa_038_neuspjesno_iskljucivanje_ugovora_test" time="35.716" classname="com.platformX.tests.QA_038_Neuspjesno_Iskljucivanje_Ugovora_Test">
    <failure type="org.openqa.selenium.WebDriverException" message="unknown error: Element &amp;lt;div class=&amp;quot;v-list-item__content&amp;quot;&amp;gt;...&amp;lt;/div&amp;gt; is not clickable at point (1390, 588). Other element would receive the click: &amp;lt;div role=&amp;quot;listbox&amp;quot; class=&amp;quot;v-item-group theme--light v-list-item-group&amp;quot;&amp;gt;...&amp;lt;/div&amp;gt;
  (Session info: chrome=88.0.4324.190)
  (Driver info: chromedriver=2.42.591088 (7b2b2dca23cca0862f674758c9a3933e685c27d5),platform=Windows NT 10.0.19042 x86_64) (WARNING: The server did not provide any stacktrace information)
Command duration or timeout: 0 milliseconds
Build info: version: &amp;apos;3.14.0&amp;apos;, revision: &amp;apos;aacccce0&amp;apos;, time: &amp;apos;2018-08-02T20:19:58.91Z&amp;apos;
System info: host: &amp;apos;LAPTOP-D8GBQRP8&amp;apos;, ip: &amp;apos;192.168.255.105&amp;apos;, os.name: &amp;apos;Windows 10&amp;apos;, os.arch: &amp;apos;amd64&amp;apos;, os.version: &amp;apos;10.0&amp;apos;, java.version: &amp;apos;1.8.0_261&amp;apos;
Driver info: org.openqa.selenium.chrome.ChromeDriver
Capabilities {acceptInsecureCerts: false, acceptSslCerts: false, applicationCacheEnabled: false, browserConnectionEnabled: false, browserName: chrome, chrome: {chromedriverVersion: 2.42.591088 (7b2b2dca23cca0..., userDataDir: C:\Users\User\AppData\Local...}, cssSelectorsEnabled: true, databaseEnabled: false, goog:chromeOptions: {debuggerAddress: localhost:60341}, handlesAlerts: true, hasTouchScreen: false, javascriptEnabled: true, locationContextEnabled: true, mobileEmulationEnabled: false, nativeEvents: true, networkConnectionEnabled: false, pageLoadStrategy: normal, platform: XP, platformName: XP, rotatable: false, setWindowRect: true, takesHeapSnapshot: true, takesScreenshot: true, unexpectedAlertBehaviour: , unhandledPromptBehavior: , version: 88.0.4324.190, webStorageEnabled: true}
Session ID: d0c6e0528fb12822197612d967325997">
      <![CDATA[org.openqa.selenium.WebDriverException: unknown error: Element <div class="v-list-item__content">...</div> is not clickable at point (1390, 588). Other element would receive the click: <div role="listbox" class="v-item-group theme--light v-list-item-group">...</div>
  (Session info: chrome=88.0.4324.190)
  (Driver info: chromedriver=2.42.591088 (7b2b2dca23cca0862f674758c9a3933e685c27d5),platform=Windows NT 10.0.19042 x86_64) (WARNING: The server did not provide any stacktrace information)
Command duration or timeout: 0 milliseconds
Build info: version: '3.14.0', revision: 'aacccce0', time: '2018-08-02T20:19:58.91Z'
System info: host: 'LAPTOP-D8GBQRP8', ip: '192.168.255.105', os.name: 'Windows 10', os.arch: 'amd64', os.version: '10.0', java.version: '1.8.0_261'
Driver info: org.openqa.selenium.chrome.ChromeDriver
Capabilities {acceptInsecureCerts: false, acceptSslCerts: false, applicationCacheEnabled: false, browserConnectionEnabled: false, browserName: chrome, chrome: {chromedriverVersion: 2.42.591088 (7b2b2dca23cca0..., userDataDir: C:\Users\User\AppData\Local...}, cssSelectorsEnabled: true, databaseEnabled: false, goog:chromeOptions: {debuggerAddress: localhost:60341}, handlesAlerts: true, hasTouchScreen: false, javascriptEnabled: true, locationContextEnabled: true, mobileEmulationEnabled: false, nativeEvents: true, networkConnectionEnabled: false, pageLoadStrategy: normal, platform: XP, platformName: XP, rotatable: false, setWindowRect: true, takesHeapSnapshot: true, takesScreenshot: true, unexpectedAlertBehaviour: , unhandledPromptBehavior: , version: 88.0.4324.190, webStorageEnabled: true}
Session ID: d0c6e0528fb12822197612d967325997
	at org.openqa.selenium.remote.ErrorHandler.createThrowable(ErrorHandler.java:214)
	at org.openqa.selenium.remote.ErrorHandler.throwIfResponseFailed(ErrorHandler.java:166)
	at org.openqa.selenium.remote.http.JsonHttpResponseCodec.reconstructValue(JsonHttpResponseCodec.java:40)
	at org.openqa.selenium.remote.http.AbstractHttpResponseCodec.decode(AbstractHttpResponseCodec.java:80)
	at org.openqa.selenium.remote.http.AbstractHttpResponseCodec.decode(AbstractHttpResponseCodec.java:44)
	at org.openqa.selenium.remote.HttpCommandExecutor.execute(HttpCommandExecutor.java:158)
	at org.openqa.selenium.remote.service.DriverCommandExecutor.execute(DriverCommandExecutor.java:83)
	at org.openqa.selenium.remote.RemoteWebDriver.execute(RemoteWebDriver.java:548)
	at org.openqa.selenium.remote.RemoteWebElement.execute(RemoteWebElement.java:276)
	at org.openqa.selenium.remote.RemoteWebElement.click(RemoteWebElement.java:83)
	at org.openqa.selenium.support.pagefactory.internal.LocatingElementHandler.invoke(LocatingElementHandler.java:51)
	at com.sun.proxy.$Proxy11.click(Unknown Source)
	at com.platformX.page.UgovoriPage.iskljuciUgovor(UgovoriPage.java:891)
	at com.platformX.tests.QA_038_Neuspjesno_Iskljucivanje_Ugovora_Test.qa_038_neuspjesno_iskljucivanje_ugovora_test(QA_038_Neuspjesno_Iskljucivanje_Ugovora_Test.java:36)
... Removed 32 stack frames]]>
    </failure>
  </testcase> <!-- qa_038_neuspjesno_iskljucivanje_ugovora_test -->
</testsuite> <!-- Svi testovi -->
