<?xml version="1.0" encoding="UTF-8"?>
<!-- Generated by org.testng.reporters.JUnitXMLReporter -->
<testsuite hostname="LAPTOP-D8GBQRP8" ignored="0" name="Svi testovi" tests="39" failures="0" timestamp="09 maj 2021 08:34:32 GMT" time="1435.605" errors="0">
  <testcase name="qa_001_logIn_logOut_test" time="5.945" classname="com.platformX.tests.QA_001_LogIn_LogOut_Test"/>
  <testcase name="qa_002_verifikacije_sekcije_sifarnici_test" time="19.984" classname="com.platformX.tests.QA_002_Verifikacija_Sekcije_Sifarnici_Test"/>
  <testcase name="qa_003_verifikacije_sekcije_tarifni_sistem_test" time="15.227" classname="com.platformX.tests.QA_003_Verifikacija_Sekcije_Tarifni_Sistem_Test"/>
  <testcase name="qa_004_verifikacija_sekcije_kupci_test" time="22.357" classname="com.platformX.tests.QA_004_Verifikacija_Sekcije_Kupci_Test"/>
  <testcase name="qa_005_verifikacija_sekcije_mjerna_mjesta_test" time="10.755" classname="com.platformX.tests.QA_005_Verifikacija_Sekcije_Mjerna_Mjesta_Test"/>
  <testcase name="qa_006_verifikacija_sekcije_obracun_test" time="17.054" classname="com.platformX.tests.QA_006_Verifikacija_Sekcije_Obracun_Test"/>
  <testcase name="qa_007_verifikacija_sekcije_finansije_test" time="19.562" classname="com.platformX.tests.QA_007_Verifikacija_Sekcije_Finansije_Test"/>
  <testcase name="qa_008_dodavanje_banke_test" time="10.568" classname="com.platformX.tests.QA_008_Dodavanje_Banke_Test"/>
  <testcase name="qa_008_verifikacija_sekcije_pravni_odnosi_test" time="18.275" classname="com.platformX.tests.QA_008_Verifikacija_Sekcije_Pravni_Odnosi_Test"/>
  <testcase name="qa_009_dodavanje_ziro_racuna_test" time="21.536" classname="com.platformX.tests.QA_009_Dodavanje_Ziro_Racuna_Test"/>
  <testcase name="qa_010_dodavanje_dnevnika_uplata_test" time="40.479" classname="com.platformX.tests.QA_010_Dodavanje_Dnevnika_Uplata_Test"/>
  <testcase name="qa_011_dodavanje_uplata_poziv_na_broj_test1" time="50.318" classname="com.platformX.tests.QA_011_Dodavanje_Uplate_Poziv_Na_Broj_Test1"/>
  <testcase name="qa_011_dodavanje_uplate_test" time="52.746" classname="com.platformX.tests.QA_011_Dodavanje_Uplate_Test"/>
  <testcase name="qa_012_dodavanje_uplate_poziv_na_broj_test2" time="50.489" classname="com.platformX.tests.QA_012_Dodavanje_Uplate_Poziv_Na_Broj_Test2"/>
  <testcase name="qa_013_dodavanje_radne_jedinice_test" time="9.445" classname="com.platformX.tests.QA_013_Dodavanje_Radne_Jedinice_Test"/>
  <testcase name="qa_014_dodavanje_operativnog_podrucja_test" time="8.759" classname="com.platformX.tests.QA_014_Dodavanje_Operativnog_Podrucja_Test"/>
  <testcase name="qa_015_dodavanje_uplate_sa_kupcem_test" time="48.757" classname="com.platformX.tests.QA_015_Dodavanje_Uplate_Sa_Kupcem_Test"/>
  <testcase name="qa_016_preknjizavanje_dnevnika_uplata_test" time="48.392" classname="com.platformX.tests.QA_016_Preknjizavanje_Dnevnika_Uplata_Test"/>
  <testcase name="qa_017_dodavanje_pravnog_lica_test" time="18.369" classname="com.platformX.tests.QA_017_Dodavanje_Pravnog_Lica_Test"/>
  <testcase name="qa_018_dodavanje_ugovora_test" time="40.851" classname="com.platformX.tests.QA_018_Dodavanje_Ugovora_Test"/>
  <testcase name="qa_019_neuspjesno_dodavanje_ugovora_test1" time="57.554" classname="com.platformX.tests.QA_019_Neuspjesno_Dodavanje_Ugovora_Test1"/>
  <testcase name="qa_021_nesupjesno_dodavanje_ugovora_test3" time="37.612" classname="com.platformX.tests.QA_021_Neuspjesno_Dodavanje_Ugovora_Test3"/>
  <testcase name="qa_023_nesupjesno_dodavanje_ugovora_test5" time="35.976" classname="com.platformX.tests.QA_023_Neuspjesno_Dodavanje_Ugovora_Test5"/>
  <testcase name="qa_024_nesupjesno_dodavanje_ugovora_test6" time="37.831" classname="com.platformX.tests.QA_024_Neuspjesno_Dodavanje_Ugovora_Test6"/>
  <testcase name="qa_025_dodavanje_potpisanog_ugovora_test" time="31.054" classname="com.platformX.tests.QA_025_Dodavanje_Potpisanog_Ugovora_Test"/>
  <testcase name="qa_026_provjera_validacija_na_ugovoru_test1" time="11.461" classname="com.platformX.tests.QA_026_Provjera_Validacija_Na_Ugovoru_Test1"/>
  <testcase name="qa_027_provjera_validacija_na_ugovoru_test2" time="19.268" classname="com.platformX.tests.QA_027_Provjera_Validacija_Na_Ugovoru_Test2"/>
  <testcase name="qa_028_izmjena_ugovora_test" time="51.632" classname="com.platformX.tests.QA_028_Izmjena_Ugovora_Test"/>
  <testcase name="qa_029_provjera_validacija_na_izmjeni_ugovora_test" time="33.239" classname="com.platformX.tests.QA_029_Provjera_Validacija_Na_Izmjeni_Ugovora_Test"/>
  <testcase name="qa_032_deaktivacija_ugovora_test" time="46.722" classname="com.platformX.tests.QA_032_Deaktivacija_Ugovora_Test"/>
  <testcase name="qa_033_neuspjesna_deaktivacija_ugovora_test" time="43.341" classname="com.platformX.tests.QA_033_Neuspjesna_Deaktivacija_Ugovora_Test"/>
  <testcase name="qa_034_odbacivanje_ugovora_test" time="37.832" classname="com.platformX.tests.QA_034_Odbacivanje_Ugovora_Test"/>
  <testcase name="qa_035_ukljucivanje_ugovora_test" time="49.277" classname="com.platformX.tests.QA_035_Ukljucivanje_Ugovora_Test"/>
  <testcase name="qa_036_neuspjesno_ukljucivanje_ugovora_test" time="50.02" classname="com.platformX.tests.QA_036_Neuspjesno_Ukljucivanje_Ugovora_Test"/>
  <testcase name="qa_037_iskljucivanje_ugovora_test" time="45.74" classname="com.platformX.tests.QA_037_Iskljucivanje_Ugovora_Test"/>
  <testcase name="qa_038_neuspjesno_iskljucivanje_ugovora_test" time="45.278" classname="com.platformX.tests.QA_038_Neuspjesno_Iskljucivanje_Ugovora_Test"/>
  <testcase name="qa_039_neuspjesno_odbacivanje_ugovora_test" time="11.163" classname="com.platformX.tests.QA_039_Neuspjesno_Odbacivanje_Ugovora_Test"/>
  <testcase name="qa_040_provjera_validacija_na_preregistraciji_ugovora_test" time="11.453" classname="com.platformX.tests.QA_040_Provjera_Validacija_Na_Preregistraciji_Ugovora_Test"/>
  <testcase name="qa_041_preregistracija_ugovora_test" time="24.106" classname="com.platformX.tests.QA_041_Preregistracija_Ugovora_Test"/>
</testsuite> <!-- Svi testovi -->
