<?xml version="1.0" encoding="UTF-8"?>
<testng-results skipped="0" failed="0" ignored="0" total="1" passed="1">
  <reporter-output>
  </reporter-output>
  <suite name="Default suite" duration-ms="44008" started-at="2021-05-21T18:08:21Z" finished-at="2021-05-21T18:09:05Z">
    <groups>
    </groups>
    <test name="Default test" duration-ms="44008" started-at="2021-05-21T18:08:21Z" finished-at="2021-05-21T18:09:05Z">
      <class name="com.platformX.tests.QA_029_Provjera_Validacija_Na_Izmjeni_Ugovora_Test">
        <test-method status="PASS" signature="setUp(java.lang.String)[pri:0, instance:com.platformX.tests.QA_029_Provjera_Validacija_Na_Izmjeni_Ugovora_Test@3967e60c]" name="setUp" is-config="true" duration-ms="5419" started-at="2021-05-21T20:08:21Z" finished-at="2021-05-21T20:08:27Z">
          <params>
            <param index="0">
              <value>
                <![CDATA[chrome]]>
              </value>
            </param>
          </params>
          <reporter-output>
          </reporter-output>
        </test-method> <!-- setUp -->
        <test-method status="PASS" signature="qa_029_provjera_validacija_na_izmjeni_ugovora_test()[pri:0, instance:com.platformX.tests.QA_029_Provjera_Validacija_Na_Izmjeni_Ugovora_Test@3967e60c]" name="qa_029_provjera_validacija_na_izmjeni_ugovora_test" duration-ms="37927" started-at="2021-05-21T20:08:27Z" finished-at="2021-05-21T20:09:05Z">
          <reporter-output>
          </reporter-output>
        </test-method> <!-- qa_029_provjera_validacija_na_izmjeni_ugovora_test -->
        <test-method status="PASS" signature="cleanUp()[pri:0, instance:com.platformX.tests.QA_029_Provjera_Validacija_Na_Izmjeni_Ugovora_Test@3967e60c]" name="cleanUp" is-config="true" duration-ms="642" started-at="2021-05-21T20:09:05Z" finished-at="2021-05-21T20:09:05Z">
          <reporter-output>
          </reporter-output>
        </test-method> <!-- cleanUp -->
      </class> <!-- com.platformX.tests.QA_029_Provjera_Validacija_Na_Izmjeni_Ugovora_Test -->
    </test> <!-- Default test -->
  </suite> <!-- Default suite -->
</testng-results>
