<?xml version="1.0" encoding="UTF-8"?>
<testng-results skipped="0" failed="0" ignored="0" total="1" passed="1">
  <reporter-output>
  </reporter-output>
  <suite name="Default suite" duration-ms="19122" started-at="2021-07-05T19:17:56Z" finished-at="2021-07-05T19:18:16Z">
    <groups>
    </groups>
    <test name="Default test" duration-ms="19122" started-at="2021-07-05T19:17:56Z" finished-at="2021-07-05T19:18:16Z">
      <class name="com.platformX.tests.QA_054_Brisanje_Vrste_Zahtjeva_Test">
        <test-method status="PASS" signature="setUp(java.lang.String)[pri:0, instance:com.platformX.tests.QA_054_Brisanje_Vrste_Zahtjeva_Test@3967e60c]" name="setUp" is-config="true" duration-ms="5320" started-at="2021-07-05T21:17:56Z" finished-at="2021-07-05T21:18:02Z">
          <params>
            <param index="0">
              <value>
                <![CDATA[chrome]]>
              </value>
            </param>
          </params>
          <reporter-output>
          </reporter-output>
        </test-method> <!-- setUp -->
        <test-method status="PASS" signature="qa_054_brisanje_vrste_zahtjeva_test()[pri:0, instance:com.platformX.tests.QA_054_Brisanje_Vrste_Zahtjeva_Test@3967e60c]" name="qa_054_brisanje_vrste_zahtjeva_test" duration-ms="13138" started-at="2021-07-05T21:18:02Z" finished-at="2021-07-05T21:18:15Z">
          <reporter-output>
          </reporter-output>
        </test-method> <!-- qa_054_brisanje_vrste_zahtjeva_test -->
        <test-method status="PASS" signature="cleanUp()[pri:0, instance:com.platformX.tests.QA_054_Brisanje_Vrste_Zahtjeva_Test@3967e60c]" name="cleanUp" is-config="true" duration-ms="645" started-at="2021-07-05T21:18:15Z" finished-at="2021-07-05T21:18:16Z">
          <reporter-output>
          </reporter-output>
        </test-method> <!-- cleanUp -->
      </class> <!-- com.platformX.tests.QA_054_Brisanje_Vrste_Zahtjeva_Test -->
    </test> <!-- Default test -->
  </suite> <!-- Default suite -->
</testng-results>
