<?xml version="1.0" encoding="UTF-8"?>
<testng-results skipped="0" failed="0" ignored="0" total="1" passed="1">
  <reporter-output>
  </reporter-output>
  <suite name="Default suite" duration-ms="22116" started-at="2021-03-24T11:36:40Z" finished-at="2021-03-24T11:37:02Z">
    <groups>
    </groups>
    <test name="Default test" duration-ms="22116" started-at="2021-03-24T11:36:40Z" finished-at="2021-03-24T11:37:02Z">
      <class name="com.platformX.tests.QA_040_Provjera_Validacija_Na_Preregistraciji_Ugovora_Test">
        <test-method status="PASS" signature="setUp(java.lang.String)[pri:0, instance:com.platformX.tests.QA_040_Provjera_Validacija_Na_Preregistraciji_Ugovora_Test@3967e60c]" name="setUp" is-config="true" duration-ms="5486" started-at="2021-03-24T12:36:40Z" finished-at="2021-03-24T12:36:45Z">
          <params>
            <param index="0">
              <value>
                <![CDATA[chrome]]>
              </value>
            </param>
          </params>
          <reporter-output>
          </reporter-output>
        </test-method> <!-- setUp -->
        <test-method status="PASS" signature="qa_040_provjera_validacija_na_preregistraciji_ugovora_test()[pri:0, instance:com.platformX.tests.QA_040_Provjera_Validacija_Na_Preregistraciji_Ugovora_Test@3967e60c]" name="qa_040_provjera_validacija_na_preregistraciji_ugovora_test" duration-ms="16616" started-at="2021-03-24T12:36:45Z" finished-at="2021-03-24T12:37:02Z">
          <reporter-output>
          </reporter-output>
        </test-method> <!-- qa_040_provjera_validacija_na_preregistraciji_ugovora_test -->
        <test-method status="PASS" signature="cleanUp()[pri:0, instance:com.platformX.tests.QA_040_Provjera_Validacija_Na_Preregistraciji_Ugovora_Test@3967e60c]" name="cleanUp" is-config="true" duration-ms="0" started-at="2021-03-24T12:37:02Z" finished-at="2021-03-24T12:37:02Z">
          <reporter-output>
          </reporter-output>
        </test-method> <!-- cleanUp -->
      </class> <!-- com.platformX.tests.QA_040_Provjera_Validacija_Na_Preregistraciji_Ugovora_Test -->
    </test> <!-- Default test -->
  </suite> <!-- Default suite -->
</testng-results>
