<?xml version="1.0" encoding="UTF-8"?>
<testng-results skipped="0" failed="0" ignored="0" total="1" passed="1">
  <reporter-output>
  </reporter-output>
  <suite name="Default suite" duration-ms="14046" started-at="2022-02-05T11:48:09Z" finished-at="2022-02-05T11:48:23Z">
    <groups>
    </groups>
    <test name="Default test" duration-ms="14046" started-at="2022-02-05T11:48:09Z" finished-at="2022-02-05T11:48:23Z">
      <class name="com.platformX.distribution.tests.PX_DIST_001_LogIn_LogOut_Test">
        <test-method status="PASS" signature="setUp(java.lang.String)[pri:0, instance:com.platformX.distribution.tests.PX_DIST_001_LogIn_LogOut_Test@3967e60c]" name="setUp" is-config="true" duration-ms="5380" started-at="2022-02-05T12:48:09Z" finished-at="2022-02-05T12:48:14Z">
          <params>
            <param index="0">
              <value>
                <![CDATA[chrome]]>
              </value>
            </param>
          </params>
          <reporter-output>
          </reporter-output>
        </test-method> <!-- setUp -->
        <test-method status="PASS" signature="px_dist_001_logIn_logOut_test()[pri:0, instance:com.platformX.distribution.tests.PX_DIST_001_LogIn_LogOut_Test@3967e60c]" name="px_dist_001_logIn_logOut_test" duration-ms="8648" started-at="2022-02-05T12:48:14Z" description="logIn i logOut sa verifikacijama stranica" finished-at="2022-02-05T12:48:23Z">
          <reporter-output>
          </reporter-output>
        </test-method> <!-- px_dist_001_logIn_logOut_test -->
        <test-method status="PASS" signature="cleanUp()[pri:0, instance:com.platformX.distribution.tests.PX_DIST_001_LogIn_LogOut_Test@3967e60c]" name="cleanUp" is-config="true" duration-ms="2" started-at="2022-02-05T12:48:23Z" finished-at="2022-02-05T12:48:23Z">
          <reporter-output>
          </reporter-output>
        </test-method> <!-- cleanUp -->
      </class> <!-- com.platformX.distribution.tests.PX_DIST_001_LogIn_LogOut_Test -->
    </test> <!-- Default test -->
  </suite> <!-- Default suite -->
</testng-results>
