<?xml version="1.0" encoding="UTF-8"?>
<testng-results skipped="0" failed="0" ignored="0" total="1" passed="1">
  <reporter-output>
  </reporter-output>
  <suite name="Default suite" duration-ms="38060" started-at="2021-10-20T10:59:36Z" finished-at="2021-10-20T11:00:14Z">
    <groups>
    </groups>
    <test name="Default test" duration-ms="38060" started-at="2021-10-20T10:59:36Z" finished-at="2021-10-20T11:00:14Z">
      <class name="com.platformX.tests.PX_056_Preregistracija_Ugovora_Test">
        <test-method status="PASS" signature="setUp(java.lang.String)[pri:0, instance:com.platformX.tests.PX_056_Preregistracija_Ugovora_Test@3967e60c]" name="setUp" is-config="true" duration-ms="5427" started-at="2021-10-20T12:59:36Z" finished-at="2021-10-20T12:59:41Z">
          <params>
            <param index="0">
              <value>
                <![CDATA[chrome]]>
              </value>
            </param>
          </params>
          <reporter-output>
          </reporter-output>
        </test-method> <!-- setUp -->
        <test-method status="PASS" signature="px_056_preregistracija_ugovora_test()[pri:0, instance:com.platformX.tests.PX_056_Preregistracija_Ugovora_Test@3967e60c]" name="px_056_preregistracija_ugovora_test" duration-ms="31978" started-at="2021-10-20T12:59:41Z" finished-at="2021-10-20T13:00:13Z">
          <reporter-output>
          </reporter-output>
        </test-method> <!-- px_056_preregistracija_ugovora_test -->
        <test-method status="PASS" signature="cleanUp()[pri:0, instance:com.platformX.tests.PX_056_Preregistracija_Ugovora_Test@3967e60c]" name="cleanUp" is-config="true" duration-ms="638" started-at="2021-10-20T13:00:13Z" finished-at="2021-10-20T13:00:14Z">
          <reporter-output>
          </reporter-output>
        </test-method> <!-- cleanUp -->
      </class> <!-- com.platformX.tests.PX_056_Preregistracija_Ugovora_Test -->
    </test> <!-- Default test -->
  </suite> <!-- Default suite -->
</testng-results>
