<?xml version="1.0" encoding="UTF-8"?>
<testng-results skipped="0" failed="0" ignored="0" total="1" passed="1">
  <reporter-output>
  </reporter-output>
  <suite name="Default suite" duration-ms="14350" started-at="2022-09-22T12:37:47Z" finished-at="2022-09-22T12:38:01Z">
    <groups>
    </groups>
    <test name="Default test" duration-ms="14350" started-at="2022-09-22T12:37:47Z" finished-at="2022-09-22T12:38:01Z">
      <class name="com.platformX.distribution.tests.PX_DIST_006_Verifikacija_Sekcije_Kupci_Test">
        <test-method status="PASS" signature="px_dist_005_verifikacije_sekcije_kupci_test()[pri:0, instance:com.platformX.distribution.tests.PX_DIST_006_Verifikacija_Sekcije_Kupci_Test@161479c6]" name="px_dist_005_verifikacije_sekcije_kupci_test" duration-ms="13732" started-at="2022-09-22T14:37:47Z" description="test prolazi kroz sve stranice iz sekcije KUPCI i verifikuje ih" finished-at="2022-09-22T14:38:00Z">
          <reporter-output>
          </reporter-output>
        </test-method> <!-- px_dist_005_verifikacije_sekcije_kupci_test -->
        <test-method status="PASS" signature="terminateBrowser()[pri:0, instance:com.platformX.distribution.tests.PX_DIST_006_Verifikacija_Sekcije_Kupci_Test@161479c6]" name="terminateBrowser" is-config="true" duration-ms="606" started-at="2022-09-22T14:38:00Z" finished-at="2022-09-22T14:38:01Z">
          <reporter-output>
          </reporter-output>
        </test-method> <!-- terminateBrowser -->
      </class> <!-- com.platformX.distribution.tests.PX_DIST_006_Verifikacija_Sekcije_Kupci_Test -->
    </test> <!-- Default test -->
  </suite> <!-- Default suite -->
</testng-results>
