<?xml version="1.0" encoding="UTF-8"?>
<testng-results skipped="0" failed="0" ignored="0" total="1" passed="1">
  <reporter-output>
  </reporter-output>
  <suite name="Default suite" duration-ms="43261" started-at="2021-02-13T22:10:58Z" finished-at="2021-02-13T22:11:41Z">
    <groups>
    </groups>
    <test name="Default test" duration-ms="43261" started-at="2021-02-13T22:10:58Z" finished-at="2021-02-13T22:11:41Z">
      <class name="com.platformX.tests.QA_019_Dodaj_Pravno_Lice_Test">
        <test-method status="PASS" signature="setUp(java.lang.String)[pri:0, instance:com.platformX.tests.QA_019_Dodaj_Pravno_Lice_Test@3967e60c]" name="setUp" is-config="true" duration-ms="5557" started-at="2021-02-13T23:10:58Z" finished-at="2021-02-13T23:11:04Z">
          <params>
            <param index="0">
              <value>
                <![CDATA[chrome]]>
              </value>
            </param>
          </params>
          <reporter-output>
          </reporter-output>
        </test-method> <!-- setUp -->
        <test-method status="PASS" signature="qa_019_dodaj_pravno_lice_test()[pri:0, instance:com.platformX.tests.QA_019_Dodaj_Pravno_Lice_Test@3967e60c]" name="qa_019_dodaj_pravno_lice_test" duration-ms="37684" started-at="2021-02-13T23:11:04Z" finished-at="2021-02-13T23:11:41Z">
          <reporter-output>
          </reporter-output>
        </test-method> <!-- qa_019_dodaj_pravno_lice_test -->
        <test-method status="PASS" signature="cleanUp()[pri:0, instance:com.platformX.tests.QA_019_Dodaj_Pravno_Lice_Test@3967e60c]" name="cleanUp" is-config="true" duration-ms="1" started-at="2021-02-13T23:11:41Z" finished-at="2021-02-13T23:11:41Z">
          <reporter-output>
          </reporter-output>
        </test-method> <!-- cleanUp -->
      </class> <!-- com.platformX.tests.QA_019_Dodaj_Pravno_Lice_Test -->
    </test> <!-- Default test -->
  </suite> <!-- Default suite -->
</testng-results>
