<?xml version="1.0" encoding="UTF-8"?>
<testng-results skipped="0" failed="0" ignored="0" total="1" passed="1">
  <reporter-output>
  </reporter-output>
  <suite name="Default suite" duration-ms="22104" started-at="2022-04-28T06:03:54Z" finished-at="2022-04-28T06:04:16Z">
    <groups>
    </groups>
    <test name="Default test" duration-ms="22104" started-at="2022-04-28T06:03:54Z" finished-at="2022-04-28T06:04:16Z">
      <class name="com.platformX.tests.PX_069_Dodavanje_Radne_Jedinice_Test">
        <test-method status="PASS" signature="setUp(java.lang.String)[pri:0, instance:com.platformX.tests.PX_069_Dodavanje_Radne_Jedinice_Test@3967e60c]" name="setUp" is-config="true" duration-ms="5406" started-at="2022-04-28T08:03:54Z" finished-at="2022-04-28T08:03:59Z">
          <params>
            <param index="0">
              <value>
                <![CDATA[chrome]]>
              </value>
            </param>
          </params>
          <reporter-output>
          </reporter-output>
        </test-method> <!-- setUp -->
        <test-method status="PASS" signature="px_069_dodavanje_radne_jedinice_test()[pri:0, instance:com.platformX.tests.PX_069_Dodavanje_Radne_Jedinice_Test@3967e60c]" name="px_069_dodavanje_radne_jedinice_test" duration-ms="16016" started-at="2022-04-28T08:03:59Z" finished-at="2022-04-28T08:04:15Z">
          <reporter-output>
          </reporter-output>
        </test-method> <!-- px_069_dodavanje_radne_jedinice_test -->
        <test-method status="PASS" signature="cleanUp()[pri:0, instance:com.platformX.tests.PX_069_Dodavanje_Radne_Jedinice_Test@3967e60c]" name="cleanUp" is-config="true" duration-ms="666" started-at="2022-04-28T08:04:15Z" finished-at="2022-04-28T08:04:16Z">
          <reporter-output>
          </reporter-output>
        </test-method> <!-- cleanUp -->
      </class> <!-- com.platformX.tests.PX_069_Dodavanje_Radne_Jedinice_Test -->
    </test> <!-- Default test -->
  </suite> <!-- Default suite -->
</testng-results>
