<?xml version="1.0" encoding="UTF-8"?>
<testng-results skipped="0" failed="0" ignored="0" total="1" passed="1">
  <reporter-output>
  </reporter-output>
  <suite name="Default suite" duration-ms="33190" started-at="2022-02-03T15:16:08Z" finished-at="2022-02-03T15:16:41Z">
    <groups>
    </groups>
    <test name="Default test" duration-ms="33190" started-at="2022-02-03T15:16:08Z" finished-at="2022-02-03T15:16:41Z">
      <class name="com.platformX.tests.PX_067_Brisanje_Pravnog_Lica_Test">
        <test-method status="PASS" signature="setUp(java.lang.String)[pri:0, instance:com.platformX.tests.PX_067_Brisanje_Pravnog_Lica_Test@3967e60c]" name="setUp" is-config="true" duration-ms="5401" started-at="2022-02-03T16:16:08Z" finished-at="2022-02-03T16:16:13Z">
          <params>
            <param index="0">
              <value>
                <![CDATA[chrome]]>
              </value>
            </param>
          </params>
          <reporter-output>
          </reporter-output>
        </test-method> <!-- setUp -->
        <test-method status="PASS" signature="px_067_brisanje_pravnog_lica_test()[pri:0, instance:com.platformX.tests.PX_067_Brisanje_Pravnog_Lica_Test@3967e60c]" name="px_067_brisanje_pravnog_lica_test" duration-ms="27765" started-at="2022-02-03T16:16:13Z" finished-at="2022-02-03T16:16:41Z">
          <reporter-output>
          </reporter-output>
        </test-method> <!-- px_067_brisanje_pravnog_lica_test -->
        <test-method status="PASS" signature="cleanUp()[pri:0, instance:com.platformX.tests.PX_067_Brisanje_Pravnog_Lica_Test@3967e60c]" name="cleanUp" is-config="true" duration-ms="6" started-at="2022-02-03T16:16:41Z" finished-at="2022-02-03T16:16:41Z">
          <reporter-output>
          </reporter-output>
        </test-method> <!-- cleanUp -->
      </class> <!-- com.platformX.tests.PX_067_Brisanje_Pravnog_Lica_Test -->
    </test> <!-- Default test -->
  </suite> <!-- Default suite -->
</testng-results>
