<?xml version="1.0" encoding="UTF-8"?>
<testng-results skipped="0" failed="0" ignored="0" total="1" passed="1">
  <reporter-output>
  </reporter-output>
  <suite name="Default suite" duration-ms="63870" started-at="2021-03-03T16:58:45Z" finished-at="2021-03-03T16:59:49Z">
    <groups>
    </groups>
    <test name="Default test" duration-ms="63870" started-at="2021-03-03T16:58:45Z" finished-at="2021-03-03T16:59:49Z">
      <class name="com.platformX.tests.QA_019_Neuspjesno_Dodavanje_Ugovora_Test1">
        <test-method status="PASS" signature="setUp(java.lang.String)[pri:0, instance:com.platformX.tests.QA_019_Neuspjesno_Dodavanje_Ugovora_Test1@3967e60c]" name="setUp" is-config="true" duration-ms="5445" started-at="2021-03-03T17:58:45Z" finished-at="2021-03-03T17:58:50Z">
          <params>
            <param index="0">
              <value>
                <![CDATA[chrome]]>
              </value>
            </param>
          </params>
          <reporter-output>
          </reporter-output>
        </test-method> <!-- setUp -->
        <test-method status="PASS" signature="qa_019_neuspjesno_dodavanje_ugovora_test1()[pri:0, instance:com.platformX.tests.QA_019_Neuspjesno_Dodavanje_Ugovora_Test1@3967e60c]" name="qa_019_neuspjesno_dodavanje_ugovora_test1" duration-ms="57773" started-at="2021-03-03T17:58:50Z" finished-at="2021-03-03T17:59:48Z">
          <reporter-output>
          </reporter-output>
        </test-method> <!-- qa_019_neuspjesno_dodavanje_ugovora_test1 -->
        <test-method status="PASS" signature="cleanUp()[pri:0, instance:com.platformX.tests.QA_019_Neuspjesno_Dodavanje_Ugovora_Test1@3967e60c]" name="cleanUp" is-config="true" duration-ms="635" started-at="2021-03-03T17:59:48Z" finished-at="2021-03-03T17:59:49Z">
          <reporter-output>
          </reporter-output>
        </test-method> <!-- cleanUp -->
      </class> <!-- com.platformX.tests.QA_019_Neuspjesno_Dodavanje_Ugovora_Test1 -->
    </test> <!-- Default test -->
  </suite> <!-- Default suite -->
</testng-results>
