<?xml version="1.0" encoding="UTF-8"?>
<testng-results skipped="0" failed="0" ignored="0" total="1" passed="1">
  <reporter-output>
  </reporter-output>
  <suite name="Default suite" duration-ms="55976" started-at="2021-03-31T21:36:43Z" finished-at="2021-03-31T21:37:38Z">
    <groups>
    </groups>
    <test name="Default test" duration-ms="55976" started-at="2021-03-31T21:36:43Z" finished-at="2021-03-31T21:37:38Z">
      <class name="com.platformX.tests.QA_011_Dodavanje_Uplate_Poziv_Na_Broj_Test1">
        <test-method status="PASS" signature="setUp(java.lang.String)[pri:0, instance:com.platformX.tests.QA_011_Dodavanje_Uplate_Poziv_Na_Broj_Test1@3967e60c]" name="setUp" is-config="true" duration-ms="5529" started-at="2021-03-31T23:36:43Z" finished-at="2021-03-31T23:36:48Z">
          <params>
            <param index="0">
              <value>
                <![CDATA[chrome]]>
              </value>
            </param>
          </params>
          <reporter-output>
          </reporter-output>
        </test-method> <!-- setUp -->
        <test-method status="PASS" signature="qa_011_dodavanje_uplata_poziv_na_broj_test1()[pri:0, instance:com.platformX.tests.QA_011_Dodavanje_Uplate_Poziv_Na_Broj_Test1@3967e60c]" name="qa_011_dodavanje_uplata_poziv_na_broj_test1" duration-ms="50431" started-at="2021-03-31T23:36:48Z" finished-at="2021-03-31T23:37:38Z">
          <reporter-output>
          </reporter-output>
        </test-method> <!-- qa_011_dodavanje_uplata_poziv_na_broj_test1 -->
        <test-method status="PASS" signature="cleanUp()[pri:0, instance:com.platformX.tests.QA_011_Dodavanje_Uplate_Poziv_Na_Broj_Test1@3967e60c]" name="cleanUp" is-config="true" duration-ms="0" started-at="2021-03-31T23:37:38Z" finished-at="2021-03-31T23:37:38Z">
          <reporter-output>
          </reporter-output>
        </test-method> <!-- cleanUp -->
      </class> <!-- com.platformX.tests.QA_011_Dodavanje_Uplate_Poziv_Na_Broj_Test1 -->
    </test> <!-- Default test -->
  </suite> <!-- Default suite -->
</testng-results>
