<?xml version="1.0" encoding="UTF-8"?>
<testng-results skipped="0" failed="0" ignored="0" total="1" passed="1">
  <reporter-output>
  </reporter-output>
  <suite name="Default suite" duration-ms="28196" started-at="2022-09-01T05:35:24Z" finished-at="2022-09-01T05:35:52Z">
    <groups>
    </groups>
    <test name="Default test" duration-ms="28196" started-at="2022-09-01T05:35:24Z" finished-at="2022-09-01T05:35:52Z">
      <class name="com.platformX.distribution.tests.PX_DIST_005_Verifikacija_Sekcije_Mjerna_Mjesta_Test">
        <test-method status="PASS" signature="setUp(java.lang.String)[pri:0, instance:com.platformX.distribution.tests.PX_DIST_005_Verifikacija_Sekcije_Mjerna_Mjesta_Test@3967e60c]" name="setUp" is-config="true" duration-ms="5401" started-at="2022-09-01T07:35:24Z" finished-at="2022-09-01T07:35:29Z">
          <params>
            <param index="0">
              <value>
                <![CDATA[chrome]]>
              </value>
            </param>
          </params>
          <reporter-output>
          </reporter-output>
        </test-method> <!-- setUp -->
        <test-method status="PASS" signature="px_dist_005_verifikacije_sekcije_mjerna_mjesta_test()[pri:0, instance:com.platformX.distribution.tests.PX_DIST_005_Verifikacija_Sekcije_Mjerna_Mjesta_Test@3967e60c]" name="px_dist_005_verifikacije_sekcije_mjerna_mjesta_test" duration-ms="22106" started-at="2022-09-01T07:35:29Z" description="test prolazi kroz sve stranice iz sekcije MJERNA MJESTA i verifikuje ih" finished-at="2022-09-01T07:35:51Z">
          <reporter-output>
          </reporter-output>
        </test-method> <!-- px_dist_005_verifikacije_sekcije_mjerna_mjesta_test -->
        <test-method status="PASS" signature="cleanUp()[pri:0, instance:com.platformX.distribution.tests.PX_DIST_005_Verifikacija_Sekcije_Mjerna_Mjesta_Test@3967e60c]" name="cleanUp" is-config="true" duration-ms="674" started-at="2022-09-01T07:35:51Z" finished-at="2022-09-01T07:35:52Z">
          <reporter-output>
          </reporter-output>
        </test-method> <!-- cleanUp -->
      </class> <!-- com.platformX.distribution.tests.PX_DIST_005_Verifikacija_Sekcije_Mjerna_Mjesta_Test -->
    </test> <!-- Default test -->
  </suite> <!-- Default suite -->
</testng-results>
