<?xml version="1.0" encoding="UTF-8"?>
<testng-results skipped="0" failed="1" ignored="0" total="1" passed="0">
  <reporter-output>
  </reporter-output>
  <suite name="Default suite" duration-ms="32377" started-at="2021-03-31T10:53:55Z" finished-at="2021-03-31T10:54:27Z">
    <groups>
    </groups>
    <test name="Default test" duration-ms="32377" started-at="2021-03-31T10:53:55Z" finished-at="2021-03-31T10:54:27Z">
      <class name="com.platformX.tests.QA_041_Preregistracija_Ugovora_Test">
        <test-method status="PASS" signature="setUp(java.lang.String)[pri:0, instance:com.platformX.tests.QA_041_Preregistracija_Ugovora_Test@3967e60c]" name="setUp" is-config="true" duration-ms="5460" started-at="2021-03-31T12:53:55Z" finished-at="2021-03-31T12:54:00Z">
          <params>
            <param index="0">
              <value>
                <![CDATA[chrome]]>
              </value>
            </param>
          </params>
          <reporter-output>
          </reporter-output>
        </test-method> <!-- setUp -->
        <test-method status="FAIL" signature="qa_041_preregistracija_ugovora_test()[pri:0, instance:com.platformX.tests.QA_041_Preregistracija_Ugovora_Test@3967e60c]" name="qa_041_preregistracija_ugovora_test" duration-ms="26899" started-at="2021-03-31T12:54:00Z" finished-at="2021-03-31T12:54:27Z">
          <exception class="java.lang.AssertionError">
            <message>
              <![CDATA[Ugovori: Datum zavrsetka nije dobar! expected [true] but found [false]]]>
            </message>
            <full-stacktrace>
              <![CDATA[java.lang.AssertionError: Ugovori: Datum zavrsetka nije dobar! expected [true] but found [false]
	at org.testng.Assert.fail(Assert.java:93)
	at org.testng.Assert.failNotEquals(Assert.java:512)
	at org.testng.Assert.assertTrue(Assert.java:41)
	at com.platformX.page.UgovoriPage.verifikujPreregistrovanUgovor(UgovoriPage.java:607)
	at com.platformX.tests.QA_041_Preregistracija_Ugovora_Test.qa_041_preregistracija_ugovora_test(QA_041_Preregistracija_Ugovora_Test.java:30)
	at sun.reflect.NativeMethodAccessorImpl.invoke0(Native Method)
	at sun.reflect.NativeMethodAccessorImpl.invoke(Unknown Source)
	at sun.reflect.DelegatingMethodAccessorImpl.invoke(Unknown Source)
	at java.lang.reflect.Method.invoke(Unknown Source)
	at org.testng.internal.MethodInvocationHelper.invokeMethod(MethodInvocationHelper.java:108)
	at org.testng.internal.Invoker.invokeMethod(Invoker.java:661)
	at org.testng.internal.Invoker.invokeTestMethod(Invoker.java:869)
	at org.testng.internal.Invoker.invokeTestMethods(Invoker.java:1193)
	at org.testng.internal.TestMethodWorker.invokeTestMethods(TestMethodWorker.java:126)
	at org.testng.internal.TestMethodWorker.run(TestMethodWorker.java:109)
	at org.testng.TestRunner.privateRun(TestRunner.java:744)
	at org.testng.TestRunner.run(TestRunner.java:602)
	at org.testng.SuiteRunner.runTest(SuiteRunner.java:380)
	at org.testng.SuiteRunner.runSequentially(SuiteRunner.java:375)
	at org.testng.SuiteRunner.privateRun(SuiteRunner.java:340)
	at org.testng.SuiteRunner.run(SuiteRunner.java:289)
	at org.testng.SuiteRunnerWorker.runSuite(SuiteRunnerWorker.java:52)
	at org.testng.SuiteRunnerWorker.run(SuiteRunnerWorker.java:86)
	at org.testng.TestNG.runSuitesSequentially(TestNG.java:1301)
	at org.testng.TestNG.runSuitesLocally(TestNG.java:1226)
	at org.testng.TestNG.runSuites(TestNG.java:1144)
	at org.testng.TestNG.run(TestNG.java:1115)
	at org.testng.remote.AbstractRemoteTestNG.run(AbstractRemoteTestNG.java:115)
	at org.testng.remote.RemoteTestNG.initAndRun(RemoteTestNG.java:251)
	at org.testng.remote.RemoteTestNG.main(RemoteTestNG.java:77)
]]>
            </full-stacktrace>
          </exception> <!-- java.lang.AssertionError -->
          <reporter-output>
          </reporter-output>
        </test-method> <!-- qa_041_preregistracija_ugovora_test -->
        <test-method status="PASS" signature="cleanUp()[pri:0, instance:com.platformX.tests.QA_041_Preregistracija_Ugovora_Test@3967e60c]" name="cleanUp" is-config="true" duration-ms="0" started-at="2021-03-31T12:54:27Z" finished-at="2021-03-31T12:54:27Z">
          <reporter-output>
          </reporter-output>
        </test-method> <!-- cleanUp -->
      </class> <!-- com.platformX.tests.QA_041_Preregistracija_Ugovora_Test -->
    </test> <!-- Default test -->
  </suite> <!-- Default suite -->
</testng-results>
