<?xml version="1.0" encoding="UTF-8"?>
<testng-results skipped="0" failed="0" ignored="0" total="1" passed="1">
  <reporter-output>
  </reporter-output>
  <suite name="Default suite" duration-ms="16503" started-at="2021-07-27T20:53:30Z" finished-at="2021-07-27T20:53:46Z">
    <groups>
    </groups>
    <test name="Default test" duration-ms="16503" started-at="2021-07-27T20:53:30Z" finished-at="2021-07-27T20:53:46Z">
      <class name="com.platformX.tests.QA_058_Dodavanje_Umanjenja_Cijene_Test">
        <test-method status="PASS" signature="setUp(java.lang.String)[pri:0, instance:com.platformX.tests.QA_058_Dodavanje_Umanjenja_Cijene_Test@3967e60c]" name="setUp" is-config="true" duration-ms="5443" started-at="2021-07-27T22:53:30Z" finished-at="2021-07-27T22:53:35Z">
          <params>
            <param index="0">
              <value>
                <![CDATA[chrome]]>
              </value>
            </param>
          </params>
          <reporter-output>
          </reporter-output>
        </test-method> <!-- setUp -->
        <test-method status="PASS" signature="qa_058_dodavanje_umanjenja_cijene_test()[pri:0, instance:com.platformX.tests.QA_058_Dodavanje_Umanjenja_Cijene_Test@3967e60c]" name="qa_058_dodavanje_umanjenja_cijene_test" duration-ms="11042" started-at="2021-07-27T22:53:35Z" finished-at="2021-07-27T22:53:46Z">
          <reporter-output>
          </reporter-output>
        </test-method> <!-- qa_058_dodavanje_umanjenja_cijene_test -->
        <test-method status="PASS" signature="cleanUp()[pri:0, instance:com.platformX.tests.QA_058_Dodavanje_Umanjenja_Cijene_Test@3967e60c]" name="cleanUp" is-config="true" duration-ms="0" started-at="2021-07-27T22:53:46Z" finished-at="2021-07-27T22:53:46Z">
          <reporter-output>
          </reporter-output>
        </test-method> <!-- cleanUp -->
      </class> <!-- com.platformX.tests.QA_058_Dodavanje_Umanjenja_Cijene_Test -->
    </test> <!-- Default test -->
  </suite> <!-- Default suite -->
</testng-results>
