<?xml version="1.0" encoding="UTF-8"?>
<testng-results skipped="0" failed="0" ignored="0" total="1" passed="1">
  <reporter-output>
  </reporter-output>
  <suite name="Default suite" duration-ms="14078" started-at="2021-09-28T11:55:16Z" finished-at="2021-09-28T11:55:30Z">
    <groups>
    </groups>
    <test name="Default test" duration-ms="14078" started-at="2021-09-28T11:55:16Z" finished-at="2021-09-28T11:55:30Z">
      <class name="com.platformX.tests.PX_036_Dodavanje_Vrste_Zahtjeva_Test">
        <test-method status="PASS" signature="setUp(java.lang.String)[pri:0, instance:com.platformX.tests.PX_036_Dodavanje_Vrste_Zahtjeva_Test@3967e60c]" name="setUp" is-config="true" duration-ms="5313" started-at="2021-09-28T13:55:16Z" finished-at="2021-09-28T13:55:21Z">
          <params>
            <param index="0">
              <value>
                <![CDATA[chrome]]>
              </value>
            </param>
          </params>
          <reporter-output>
          </reporter-output>
        </test-method> <!-- setUp -->
        <test-method status="PASS" signature="px_036_dodavanje_vrste_zahtjeva_test()[pri:0, instance:com.platformX.tests.PX_036_Dodavanje_Vrste_Zahtjeva_Test@3967e60c]" name="px_036_dodavanje_vrste_zahtjeva_test" duration-ms="8751" started-at="2021-09-28T13:55:21Z" finished-at="2021-09-28T13:55:30Z">
          <reporter-output>
          </reporter-output>
        </test-method> <!-- px_036_dodavanje_vrste_zahtjeva_test -->
        <test-method status="PASS" signature="cleanUp()[pri:0, instance:com.platformX.tests.PX_036_Dodavanje_Vrste_Zahtjeva_Test@3967e60c]" name="cleanUp" is-config="true" duration-ms="0" started-at="2021-09-28T13:55:30Z" finished-at="2021-09-28T13:55:30Z">
          <reporter-output>
          </reporter-output>
        </test-method> <!-- cleanUp -->
      </class> <!-- com.platformX.tests.PX_036_Dodavanje_Vrste_Zahtjeva_Test -->
    </test> <!-- Default test -->
  </suite> <!-- Default suite -->
</testng-results>
