<?xml version="1.0" encoding="UTF-8"?>
<testng-results skipped="0" failed="0" ignored="0" total="1" passed="1">
  <reporter-output>
  </reporter-output>
  <suite name="Default suite" duration-ms="13220" started-at="2022-09-07T09:56:45Z" finished-at="2022-09-07T09:56:58Z">
    <groups>
    </groups>
    <test name="Default test" duration-ms="13220" started-at="2022-09-07T09:56:45Z" finished-at="2022-09-07T09:56:58Z">
      <class name="scp.test.SCP_001_LogIn_LogOut_Test">
        <test-method status="PASS" signature="setUp(java.lang.String)[pri:0, instance:scp.test.SCP_001_LogIn_LogOut_Test@3967e60c]" name="setUp" is-config="true" duration-ms="5370" started-at="2022-09-07T11:56:45Z" finished-at="2022-09-07T11:56:50Z">
          <params>
            <param index="0">
              <value>
                <![CDATA[chrome]]>
              </value>
            </param>
          </params>
          <reporter-output>
          </reporter-output>
        </test-method> <!-- setUp -->
        <test-method status="PASS" signature="scp_001_logIn_logOut_test()[pri:0, instance:scp.test.SCP_001_LogIn_LogOut_Test@3967e60c]" name="scp_001_logIn_logOut_test" duration-ms="7174" started-at="2022-09-07T11:56:50Z" description="logIn i logOut sa verifikacijama stranica" finished-at="2022-09-07T11:56:58Z">
          <reporter-output>
          </reporter-output>
        </test-method> <!-- scp_001_logIn_logOut_test -->
        <test-method status="PASS" signature="cleanUp()[pri:0, instance:scp.test.SCP_001_LogIn_LogOut_Test@3967e60c]" name="cleanUp" is-config="true" duration-ms="659" started-at="2022-09-07T11:56:58Z" finished-at="2022-09-07T11:56:58Z">
          <reporter-output>
          </reporter-output>
        </test-method> <!-- cleanUp -->
      </class> <!-- scp.test.SCP_001_LogIn_LogOut_Test -->
    </test> <!-- Default test -->
  </suite> <!-- Default suite -->
</testng-results>
