<?xml version="1.0" encoding="UTF-8"?>
<testng-results skipped="0" failed="0" ignored="0" total="1" passed="1">
  <reporter-output>
  </reporter-output>
  <suite name="Default suite" duration-ms="21150" started-at="2021-05-16T20:51:25Z" finished-at="2021-05-16T20:51:47Z">
    <groups>
    </groups>
    <test name="Default test" duration-ms="21150" started-at="2021-05-16T20:51:25Z" finished-at="2021-05-16T20:51:47Z">
      <class name="com.platformX.tests.QA_044_Brisanje_Djelatnosti_Test">
        <test-method status="PASS" signature="setUp(java.lang.String)[pri:0, instance:com.platformX.tests.QA_044_Brisanje_Djelatnosti_Test@3967e60c]" name="setUp" is-config="true" duration-ms="5420" started-at="2021-05-16T22:51:25Z" finished-at="2021-05-16T22:51:31Z">
          <params>
            <param index="0">
              <value>
                <![CDATA[chrome]]>
              </value>
            </param>
          </params>
          <reporter-output>
          </reporter-output>
        </test-method> <!-- setUp -->
        <test-method status="PASS" signature="qa_044_brisanje_djelatnosti_test()[pri:0, instance:com.platformX.tests.QA_044_Brisanje_Djelatnosti_Test@3967e60c]" name="qa_044_brisanje_djelatnosti_test" duration-ms="15074" started-at="2021-05-16T22:51:31Z" finished-at="2021-05-16T22:51:46Z">
          <reporter-output>
          </reporter-output>
        </test-method> <!-- qa_044_brisanje_djelatnosti_test -->
        <test-method status="PASS" signature="cleanUp()[pri:0, instance:com.platformX.tests.QA_044_Brisanje_Djelatnosti_Test@3967e60c]" name="cleanUp" is-config="true" duration-ms="640" started-at="2021-05-16T22:51:46Z" finished-at="2021-05-16T22:51:47Z">
          <reporter-output>
          </reporter-output>
        </test-method> <!-- cleanUp -->
      </class> <!-- com.platformX.tests.QA_044_Brisanje_Djelatnosti_Test -->
    </test> <!-- Default test -->
  </suite> <!-- Default suite -->
</testng-results>
