<?xml version="1.0" encoding="UTF-8"?>
<testng-results skipped="0" failed="0" ignored="0" total="1" passed="1">
  <reporter-output>
  </reporter-output>
  <suite name="Default suite" duration-ms="20791" started-at="2021-07-16T07:10:03Z" finished-at="2021-07-16T07:10:24Z">
    <groups>
    </groups>
    <test name="Default test" duration-ms="20791" started-at="2021-07-16T07:10:03Z" finished-at="2021-07-16T07:10:24Z">
      <class name="com.platformX.tests.QA_055_Brisanje_Kategorije_Cijene_Test">
        <test-method status="PASS" signature="setUp(java.lang.String)[pri:0, instance:com.platformX.tests.QA_055_Brisanje_Kategorije_Cijene_Test@3967e60c]" name="setUp" is-config="true" duration-ms="5406" started-at="2021-07-16T09:10:03Z" finished-at="2021-07-16T09:10:08Z">
          <params>
            <param index="0">
              <value>
                <![CDATA[chrome]]>
              </value>
            </param>
          </params>
          <reporter-output>
          </reporter-output>
        </test-method> <!-- setUp -->
        <test-method status="PASS" signature="qa_055_brisanje_kategorije_cijene_test()[pri:0, instance:com.platformX.tests.QA_055_Brisanje_Kategorije_Cijene_Test@3967e60c]" name="qa_055_brisanje_kategorije_cijene_test" duration-ms="15367" started-at="2021-07-16T09:10:08Z" finished-at="2021-07-16T09:10:24Z">
          <reporter-output>
          </reporter-output>
        </test-method> <!-- qa_055_brisanje_kategorije_cijene_test -->
        <test-method status="PASS" signature="cleanUp()[pri:0, instance:com.platformX.tests.QA_055_Brisanje_Kategorije_Cijene_Test@3967e60c]" name="cleanUp" is-config="true" duration-ms="0" started-at="2021-07-16T09:10:24Z" finished-at="2021-07-16T09:10:24Z">
          <reporter-output>
          </reporter-output>
        </test-method> <!-- cleanUp -->
      </class> <!-- com.platformX.tests.QA_055_Brisanje_Kategorije_Cijene_Test -->
    </test> <!-- Default test -->
  </suite> <!-- Default suite -->
</testng-results>
