<?xml version="1.0" encoding="UTF-8"?>
<testng-results skipped="0" failed="0" ignored="0" total="1" passed="1">
  <reporter-output>
  </reporter-output>
  <suite name="Default suite" duration-ms="40741" started-at="2022-04-08T07:06:04Z" finished-at="2022-04-08T07:06:45Z">
    <groups>
    </groups>
    <test name="Default test" duration-ms="40741" started-at="2022-04-08T07:06:04Z" finished-at="2022-04-08T07:06:45Z">
      <class name="com.platformX.tests.PX_005_Verifikacija_Sekcije_Kupci_Test">
        <test-method status="PASS" signature="setUp(java.lang.String)[pri:0, instance:com.platformX.tests.PX_005_Verifikacija_Sekcije_Kupci_Test@3967e60c]" name="setUp" is-config="true" duration-ms="5359" started-at="2022-04-08T09:06:04Z" finished-at="2022-04-08T09:06:09Z">
          <params>
            <param index="0">
              <value>
                <![CDATA[chrome]]>
              </value>
            </param>
          </params>
          <reporter-output>
          </reporter-output>
        </test-method> <!-- setUp -->
        <test-method status="PASS" signature="px_005_verifikacija_sekcije_kupci_test()[pri:0, instance:com.platformX.tests.PX_005_Verifikacija_Sekcije_Kupci_Test@3967e60c]" name="px_005_verifikacija_sekcije_kupci_test" duration-ms="34733" started-at="2022-04-08T09:06:09Z" description="test prolazi kroz sve stranice iz sekcije KUPCI i verifikuje ih" finished-at="2022-04-08T09:06:44Z">
          <reporter-output>
          </reporter-output>
        </test-method> <!-- px_005_verifikacija_sekcije_kupci_test -->
        <test-method status="PASS" signature="cleanUp()[pri:0, instance:com.platformX.tests.PX_005_Verifikacija_Sekcije_Kupci_Test@3967e60c]" name="cleanUp" is-config="true" duration-ms="633" started-at="2022-04-08T09:06:44Z" finished-at="2022-04-08T09:06:45Z">
          <reporter-output>
          </reporter-output>
        </test-method> <!-- cleanUp -->
      </class> <!-- com.platformX.tests.PX_005_Verifikacija_Sekcije_Kupci_Test -->
    </test> <!-- Default test -->
  </suite> <!-- Default suite -->
</testng-results>
