<?xml version="1.0" encoding="UTF-8"?>
<testng-results skipped="0" failed="0" ignored="0" total="1" passed="1">
  <reporter-output>
  </reporter-output>
  <suite name="Default suite" duration-ms="1015" started-at="2022-12-06T19:46:58Z" finished-at="2022-12-06T19:46:59Z">
    <groups>
    </groups>
    <test name="Default test" duration-ms="1015" started-at="2022-12-06T19:46:58Z" finished-at="2022-12-06T19:46:59Z">
      <class name="com.platformX.api.tests.GetAdministrationMessageScenario">
        <test-method status="PASS" signature="get_administration_message_test()[pri:0, instance:com.platformX.api.tests.GetAdministrationMessageScenario@1534f01b]" name="get_administration_message_test" duration-ms="997" started-at="2022-12-06T20:46:58Z" finished-at="2022-12-06T20:46:59Z">
          <reporter-output>
          </reporter-output>
        </test-method> <!-- get_administration_message_test -->
      </class> <!-- com.platformX.api.tests.GetAdministrationMessageScenario -->
    </test> <!-- Default test -->
  </suite> <!-- Default suite -->
</testng-results>
