<?xml version="1.0" encoding="UTF-8"?>
<testng-results skipped="0" failed="0" ignored="0" total="1" passed="1">
  <reporter-output>
  </reporter-output>
  <suite name="Default suite" duration-ms="28025" started-at="2022-09-07T08:31:41Z" finished-at="2022-09-07T08:32:09Z">
    <groups>
    </groups>
    <test name="Default test" duration-ms="28025" started-at="2022-09-07T08:31:41Z" finished-at="2022-09-07T08:32:09Z">
      <class name="com.platformX.distribution.tests.PX_DIST_005_Verifikacija_Sekcije_Mjerna_Mjesta_Test">
        <test-method status="PASS" signature="px_dist_005_verifikacije_sekcije_mjerna_mjesta_test()[pri:0, instance:com.platformX.distribution.tests.PX_DIST_005_Verifikacija_Sekcije_Mjerna_Mjesta_Test@794cb805]" name="px_dist_005_verifikacije_sekcije_mjerna_mjesta_test" duration-ms="27357" started-at="2022-09-07T10:31:41Z" description="test prolazi kroz sve stranice iz sekcije MJERNA MJESTA i verifikuje ih" finished-at="2022-09-07T10:32:09Z">
          <reporter-output>
          </reporter-output>
        </test-method> <!-- px_dist_005_verifikacije_sekcije_mjerna_mjesta_test -->
        <test-method status="PASS" signature="terminateBrowser()[pri:0, instance:com.platformX.distribution.tests.PX_DIST_005_Verifikacija_Sekcije_Mjerna_Mjesta_Test@794cb805]" name="terminateBrowser" is-config="true" duration-ms="650" started-at="2022-09-07T10:32:09Z" finished-at="2022-09-07T10:32:09Z">
          <reporter-output>
          </reporter-output>
        </test-method> <!-- terminateBrowser -->
      </class> <!-- com.platformX.distribution.tests.PX_DIST_005_Verifikacija_Sekcije_Mjerna_Mjesta_Test -->
    </test> <!-- Default test -->
  </suite> <!-- Default suite -->
</testng-results>
