<?xml version="1.0" encoding="UTF-8"?>
<testng-results skipped="0" failed="0" ignored="0" total="1" passed="1">
  <reporter-output>
  </reporter-output>
  <suite name="Default suite" duration-ms="31392" started-at="2021-04-01T05:03:43Z" finished-at="2021-04-01T05:04:15Z">
    <groups>
    </groups>
    <test name="Default test" duration-ms="31392" started-at="2021-04-01T05:03:43Z" finished-at="2021-04-01T05:04:15Z">
      <class name="com.platformX.tests.QA_017_Dodavanje_Pravnog_Lica_Test">
        <test-method status="PASS" signature="setUp(java.lang.String)[pri:0, instance:com.platformX.tests.QA_017_Dodavanje_Pravnog_Lica_Test@3967e60c]" name="setUp" is-config="true" duration-ms="6139" started-at="2021-04-01T07:03:44Z" finished-at="2021-04-01T07:03:50Z">
          <params>
            <param index="0">
              <value>
                <![CDATA[chrome]]>
              </value>
            </param>
          </params>
          <reporter-output>
          </reporter-output>
        </test-method> <!-- setUp -->
        <test-method status="PASS" signature="qa_017_dodavanje_pravnog_lica_test()[pri:0, instance:com.platformX.tests.QA_017_Dodavanje_Pravnog_Lica_Test@3967e60c]" name="qa_017_dodavanje_pravnog_lica_test" duration-ms="24461" started-at="2021-04-01T07:03:50Z" finished-at="2021-04-01T07:04:14Z">
          <reporter-output>
          </reporter-output>
        </test-method> <!-- qa_017_dodavanje_pravnog_lica_test -->
        <test-method status="PASS" signature="cleanUp()[pri:0, instance:com.platformX.tests.QA_017_Dodavanje_Pravnog_Lica_Test@3967e60c]" name="cleanUp" is-config="true" duration-ms="758" started-at="2021-04-01T07:04:14Z" finished-at="2021-04-01T07:04:15Z">
          <reporter-output>
          </reporter-output>
        </test-method> <!-- cleanUp -->
      </class> <!-- com.platformX.tests.QA_017_Dodavanje_Pravnog_Lica_Test -->
    </test> <!-- Default test -->
  </suite> <!-- Default suite -->
</testng-results>
