<?xml version="1.0" encoding="UTF-8"?>
<testng-results ignored="0" total="1" passed="1" failed="0" skipped="0">
  <reporter-output>
  </reporter-output>
  <suite started-at="2022-09-22T07:36:36Z" name="Default suite" finished-at="2022-09-22T07:37:01Z" duration-ms="25806">
    <groups>
    </groups>
    <test started-at="2022-09-22T07:36:36Z" name="Default test" finished-at="2022-09-22T07:37:01Z" duration-ms="25806">
      <class name="com.platformX.tests.PX_008_Verifikacija_Sekcije_Finansije_Test">
        <test-method signature="px_008_verifikacija_sekcije_finansije_test()[pri:0, instance:com.platformX.tests.PX_008_Verifikacija_Sekcije_Finansije_Test@3ad2e17]" started-at="2022-09-22T09:36:36Z" name="px_008_verifikacija_sekcije_finansije_test" description="test prolazi kroz sve stranice iz sekcije FINANSIJE i verifikuje ih" finished-at="2022-09-22T09:37:01Z" duration-ms="25673" status="PASS">
          <reporter-output>
          </reporter-output>
        </test-method> <!-- px_008_verifikacija_sekcije_finansije_test -->
        <test-method is-config="true" signature="terminateBrowser()[pri:0, instance:com.platformX.tests.PX_008_Verifikacija_Sekcije_Finansije_Test@3ad2e17]" started-at="2022-09-22T09:37:01Z" name="terminateBrowser" finished-at="2022-09-22T09:37:01Z" duration-ms="117" status="PASS">
          <reporter-output>
          </reporter-output>
        </test-method> <!-- terminateBrowser -->
      </class> <!-- com.platformX.tests.PX_008_Verifikacija_Sekcije_Finansije_Test -->
    </test> <!-- Default test -->
  </suite> <!-- Default suite -->
</testng-results>
