<?xml version="1.0" encoding="UTF-8"?>
<testng-results skipped="0" failed="0" ignored="3" total="4" passed="1">
  <reporter-output>
  </reporter-output>
  <suite name="Default suite" duration-ms="38518" started-at="2024-10-15T19:33:33Z" finished-at="2024-10-15T19:34:11Z">
    <groups>
    </groups>
    <test name="Default test" duration-ms="38518" started-at="2024-10-15T19:33:33Z" finished-at="2024-10-15T19:34:11Z">
      <class name="com.platformX.tests.PX_020_Banke_CRUD_Test">
        <test-method status="PASS" signature="setUp(java.lang.String)[pri:0, instance:com.platformX.tests.PX_020_Banke_CRUD_Test@2ea227af]" name="setUp" is-config="true" duration-ms="5459" started-at="2024-10-15T21:33:33Z" finished-at="2024-10-15T21:33:38Z">
          <params>
            <param index="0">
              <value>
                <![CDATA[chrome]]>
              </value>
            </param>
          </params>
          <reporter-output>
          </reporter-output>
        </test-method> <!-- setUp -->
        <test-method status="PASS" signature="px_020_1_dodavanje_banke_test()[pri:0, instance:com.platformX.tests.PX_020_Banke_CRUD_Test@2ea227af]" name="px_020_1_dodavanje_banke_test" duration-ms="32384" started-at="2024-10-15T21:33:38Z" finished-at="2024-10-15T21:34:10Z">
          <reporter-output>
          </reporter-output>
        </test-method> <!-- px_020_1_dodavanje_banke_test -->
        <test-method status="PASS" signature="cleanUp()[pri:0, instance:com.platformX.tests.PX_020_Banke_CRUD_Test@2ea227af]" name="cleanUp" is-config="true" duration-ms="661" started-at="2024-10-15T21:34:10Z" finished-at="2024-10-15T21:34:11Z">
          <reporter-output>
          </reporter-output>
        </test-method> <!-- cleanUp -->
      </class> <!-- com.platformX.tests.PX_020_Banke_CRUD_Test -->
    </test> <!-- Default test -->
  </suite> <!-- Default suite -->
</testng-results>
