<?xml version="1.0" encoding="UTF-8"?>
<testng-results skipped="0" failed="0" ignored="0" total="1" passed="1">
  <reporter-output>
  </reporter-output>
  <suite name="Default suite" duration-ms="24256" started-at="2022-08-25T12:21:29Z" finished-at="2022-08-25T12:21:53Z">
    <groups>
    </groups>
    <test name="Default test" duration-ms="24256" started-at="2022-08-25T12:21:29Z" finished-at="2022-08-25T12:21:53Z">
      <class name="com.platformX.distribution.tests.PX_DIST_005_Verifikacija_Sekcije_Mjerna_Mjesta_Test">
        <test-method status="PASS" signature="setUp(java.lang.String)[pri:0, instance:com.platformX.distribution.tests.PX_DIST_005_Verifikacija_Sekcije_Mjerna_Mjesta_Test@3967e60c]" name="setUp" is-config="true" duration-ms="5487" started-at="2022-08-25T14:21:29Z" finished-at="2022-08-25T14:21:34Z">
          <params>
            <param index="0">
              <value>
                <![CDATA[chrome]]>
              </value>
            </param>
          </params>
          <reporter-output>
          </reporter-output>
        </test-method> <!-- setUp -->
        <test-method status="PASS" signature="px_dist_005_verifikacije_sekcije_mjerna_mjesta_test()[pri:0, instance:com.platformX.distribution.tests.PX_DIST_005_Verifikacija_Sekcije_Mjerna_Mjesta_Test@3967e60c]" name="px_dist_005_verifikacije_sekcije_mjerna_mjesta_test" duration-ms="18039" started-at="2022-08-25T14:21:34Z" description="test prolazi kroz sve stranice iz sekcije MJERNA MJESTA i verifikuje ih" finished-at="2022-08-25T14:21:52Z">
          <reporter-output>
          </reporter-output>
        </test-method> <!-- px_dist_005_verifikacije_sekcije_mjerna_mjesta_test -->
        <test-method status="PASS" signature="cleanUp()[pri:0, instance:com.platformX.distribution.tests.PX_DIST_005_Verifikacija_Sekcije_Mjerna_Mjesta_Test@3967e60c]" name="cleanUp" is-config="true" duration-ms="711" started-at="2022-08-25T14:21:52Z" finished-at="2022-08-25T14:21:53Z">
          <reporter-output>
          </reporter-output>
        </test-method> <!-- cleanUp -->
      </class> <!-- com.platformX.distribution.tests.PX_DIST_005_Verifikacija_Sekcije_Mjerna_Mjesta_Test -->
    </test> <!-- Default test -->
  </suite> <!-- Default suite -->
</testng-results>
