<?xml version="1.0" encoding="UTF-8"?>
<testng-results skipped="0" failed="0" ignored="0" total="1" passed="1">
  <reporter-output>
  </reporter-output>
  <suite name="Default suite" duration-ms="44185" started-at="2021-03-08T11:01:31Z" finished-at="2021-03-08T11:02:15Z">
    <groups>
    </groups>
    <test name="Default test" duration-ms="44185" started-at="2021-03-08T11:01:31Z" finished-at="2021-03-08T11:02:15Z">
      <class name="com.platformX.tests.QA_038_Neuspjesno_Iskljucivanje_Ugovora_Test">
        <test-method status="PASS" signature="setUp(java.lang.String)[pri:0, instance:com.platformX.tests.QA_038_Neuspjesno_Iskljucivanje_Ugovora_Test@3967e60c]" name="setUp" is-config="true" duration-ms="5481" started-at="2021-03-08T12:01:31Z" finished-at="2021-03-08T12:01:36Z">
          <params>
            <param index="0">
              <value>
                <![CDATA[chrome]]>
              </value>
            </param>
          </params>
          <reporter-output>
          </reporter-output>
        </test-method> <!-- setUp -->
        <test-method status="PASS" signature="qa_038_neuspjesno_iskljucivanje_ugovora_test()[pri:0, instance:com.platformX.tests.QA_038_Neuspjesno_Iskljucivanje_Ugovora_Test@3967e60c]" name="qa_038_neuspjesno_iskljucivanje_ugovora_test" duration-ms="38689" started-at="2021-03-08T12:01:36Z" finished-at="2021-03-08T12:02:15Z">
          <reporter-output>
          </reporter-output>
        </test-method> <!-- qa_038_neuspjesno_iskljucivanje_ugovora_test -->
        <test-method status="PASS" signature="cleanUp()[pri:0, instance:com.platformX.tests.QA_038_Neuspjesno_Iskljucivanje_Ugovora_Test@3967e60c]" name="cleanUp" is-config="true" duration-ms="0" started-at="2021-03-08T12:02:15Z" finished-at="2021-03-08T12:02:15Z">
          <reporter-output>
          </reporter-output>
        </test-method> <!-- cleanUp -->
      </class> <!-- com.platformX.tests.QA_038_Neuspjesno_Iskljucivanje_Ugovora_Test -->
    </test> <!-- Default test -->
  </suite> <!-- Default suite -->
</testng-results>
