<?xml version="1.0" encoding="UTF-8"?>
<testng-results skipped="0" failed="0" ignored="0" total="1" passed="1">
  <reporter-output>
  </reporter-output>
  <suite name="Default suite" duration-ms="53461" started-at="2021-06-22T12:10:07Z" finished-at="2021-06-22T12:11:00Z">
    <groups>
    </groups>
    <test name="Default test" duration-ms="53461" started-at="2021-06-22T12:10:07Z" finished-at="2021-06-22T12:11:00Z">
      <class name="com.platformX.tests.QA_028_Izmjena_Ugovora_Test">
        <test-method status="PASS" signature="setUp(java.lang.String)[pri:0, instance:com.platformX.tests.QA_028_Izmjena_Ugovora_Test@3967e60c]" name="setUp" is-config="true" duration-ms="5425" started-at="2021-06-22T14:10:07Z" finished-at="2021-06-22T14:10:12Z">
          <params>
            <param index="0">
              <value>
                <![CDATA[chrome]]>
              </value>
            </param>
          </params>
          <reporter-output>
          </reporter-output>
        </test-method> <!-- setUp -->
        <test-method status="PASS" signature="qa_028_izmjena_ugovora_test()[pri:0, instance:com.platformX.tests.QA_028_Izmjena_Ugovora_Test@3967e60c]" name="qa_028_izmjena_ugovora_test" duration-ms="48022" started-at="2021-06-22T14:10:12Z" finished-at="2021-06-22T14:11:00Z">
          <reporter-output>
          </reporter-output>
        </test-method> <!-- qa_028_izmjena_ugovora_test -->
        <test-method status="PASS" signature="cleanUp()[pri:0, instance:com.platformX.tests.QA_028_Izmjena_Ugovora_Test@3967e60c]" name="cleanUp" is-config="true" duration-ms="0" started-at="2021-06-22T14:11:00Z" finished-at="2021-06-22T14:11:00Z">
          <reporter-output>
          </reporter-output>
        </test-method> <!-- cleanUp -->
      </class> <!-- com.platformX.tests.QA_028_Izmjena_Ugovora_Test -->
    </test> <!-- Default test -->
  </suite> <!-- Default suite -->
</testng-results>
