<?xml version="1.0" encoding="UTF-8"?>
<testng-results skipped="0" failed="0" ignored="0" total="1" passed="1">
  <reporter-output>
  </reporter-output>
  <suite name="Default suite" duration-ms="24390" started-at="2023-05-30T07:02:00Z" finished-at="2023-05-30T07:02:24Z">
    <groups>
    </groups>
    <test name="Default test" duration-ms="24390" started-at="2023-05-30T07:02:00Z" finished-at="2023-05-30T07:02:24Z">
      <class name="com.platformX.api.tests.PXD_003_Get_Administration_Message_Positive_Test">
        <test-method status="PASS" signature="setUp(java.lang.String)[pri:0, instance:com.platformX.api.tests.PXD_003_Get_Administration_Message_Positive_Test@7164ca4c]" name="setUp" is-config="true" duration-ms="5575" started-at="2023-05-30T09:02:00Z" finished-at="2023-05-30T09:02:06Z">
          <params>
            <param index="0">
              <value>
                <![CDATA[chrome]]>
              </value>
            </param>
          </params>
          <reporter-output>
          </reporter-output>
        </test-method> <!-- setUp -->
        <test-method status="PASS" signature="get_administration_message_positive_test()[pri:0, instance:com.platformX.api.tests.PXD_003_Get_Administration_Message_Positive_Test@7164ca4c]" name="get_administration_message_positive_test" duration-ms="18056" started-at="2023-05-30T09:02:06Z" description="positive test case" finished-at="2023-05-30T09:02:24Z">
          <reporter-output>
          </reporter-output>
        </test-method> <!-- get_administration_message_positive_test -->
        <test-method status="PASS" signature="cleanUp()[pri:0, instance:com.platformX.api.tests.PXD_003_Get_Administration_Message_Positive_Test@7164ca4c]" name="cleanUp" is-config="true" duration-ms="744" started-at="2023-05-30T09:02:24Z" finished-at="2023-05-30T09:02:24Z">
          <reporter-output>
          </reporter-output>
        </test-method> <!-- cleanUp -->
      </class> <!-- com.platformX.api.tests.PXD_003_Get_Administration_Message_Positive_Test -->
    </test> <!-- Default test -->
  </suite> <!-- Default suite -->
</testng-results>
