<?xml version="1.0" encoding="UTF-8"?>
<testng-results skipped="0" failed="0" ignored="0" total="1" passed="1">
  <reporter-output>
  </reporter-output>
  <suite name="Default suite" duration-ms="47174" started-at="2021-02-14T00:36:31Z" finished-at="2021-02-14T00:37:18Z">
    <groups>
    </groups>
    <test name="Default test" duration-ms="47174" started-at="2021-02-14T00:36:31Z" finished-at="2021-02-14T00:37:18Z">
      <class name="com.platformX.tests.QA_028_Odbaci_Ugovor_Test">
        <test-method status="PASS" signature="setUp(java.lang.String)[pri:0, instance:com.platformX.tests.QA_028_Odbaci_Ugovor_Test@3967e60c]" name="setUp" is-config="true" duration-ms="5519" started-at="2021-02-14T01:36:31Z" finished-at="2021-02-14T01:36:37Z">
          <params>
            <param index="0">
              <value>
                <![CDATA[chrome]]>
              </value>
            </param>
          </params>
          <reporter-output>
          </reporter-output>
        </test-method> <!-- setUp -->
        <test-method status="PASS" signature="qa_028_odbaci_ugovor_test()[pri:0, instance:com.platformX.tests.QA_028_Odbaci_Ugovor_Test@3967e60c]" name="qa_028_odbaci_ugovor_test" duration-ms="40982" started-at="2021-02-14T01:36:37Z" finished-at="2021-02-14T01:37:18Z">
          <reporter-output>
          </reporter-output>
        </test-method> <!-- qa_028_odbaci_ugovor_test -->
        <test-method status="PASS" signature="cleanUp()[pri:0, instance:com.platformX.tests.QA_028_Odbaci_Ugovor_Test@3967e60c]" name="cleanUp" is-config="true" duration-ms="653" started-at="2021-02-14T01:37:18Z" finished-at="2021-02-14T01:37:18Z">
          <reporter-output>
          </reporter-output>
        </test-method> <!-- cleanUp -->
      </class> <!-- com.platformX.tests.QA_028_Odbaci_Ugovor_Test -->
    </test> <!-- Default test -->
  </suite> <!-- Default suite -->
</testng-results>
