<?xml version="1.0" encoding="UTF-8"?>
<testng-results skipped="0" failed="0" ignored="0" total="1" passed="1">
  <reporter-output>
  </reporter-output>
  <suite name="Default suite" duration-ms="17120" started-at="2021-07-02T11:03:52Z" finished-at="2021-07-02T11:04:09Z">
    <groups>
    </groups>
    <test name="Default test" duration-ms="17120" started-at="2021-07-02T11:03:52Z" finished-at="2021-07-02T11:04:09Z">
      <class name="com.platformX.tests.QA_052_Dodavanje_Vrste_Zahtjeva_Test">
        <test-method status="PASS" signature="setUp(java.lang.String)[pri:0, instance:com.platformX.tests.QA_052_Dodavanje_Vrste_Zahtjeva_Test@3967e60c]" name="setUp" is-config="true" duration-ms="5425" started-at="2021-07-02T13:03:52Z" finished-at="2021-07-02T13:03:57Z">
          <params>
            <param index="0">
              <value>
                <![CDATA[chrome]]>
              </value>
            </param>
          </params>
          <reporter-output>
          </reporter-output>
        </test-method> <!-- setUp -->
        <test-method status="PASS" signature="qa_052_dodavanje_tarifne_grupe_test()[pri:0, instance:com.platformX.tests.QA_052_Dodavanje_Vrste_Zahtjeva_Test@3967e60c]" name="qa_052_dodavanje_tarifne_grupe_test" duration-ms="11031" started-at="2021-07-02T13:03:57Z" finished-at="2021-07-02T13:04:08Z">
          <reporter-output>
          </reporter-output>
        </test-method> <!-- qa_052_dodavanje_tarifne_grupe_test -->
        <test-method status="PASS" signature="cleanUp()[pri:0, instance:com.platformX.tests.QA_052_Dodavanje_Vrste_Zahtjeva_Test@3967e60c]" name="cleanUp" is-config="true" duration-ms="645" started-at="2021-07-02T13:04:08Z" finished-at="2021-07-02T13:04:09Z">
          <reporter-output>
          </reporter-output>
        </test-method> <!-- cleanUp -->
      </class> <!-- com.platformX.tests.QA_052_Dodavanje_Vrste_Zahtjeva_Test -->
    </test> <!-- Default test -->
  </suite> <!-- Default suite -->
</testng-results>
