<?xml version="1.0" encoding="UTF-8"?>
<testng-results skipped="0" failed="0" ignored="0" total="1" passed="1">
  <reporter-output>
  </reporter-output>
  <suite name="Default suite" duration-ms="15741" started-at="2021-05-09T20:14:03Z" finished-at="2021-05-09T20:14:19Z">
    <groups>
    </groups>
    <test name="Default test" duration-ms="15741" started-at="2021-05-09T20:14:03Z" finished-at="2021-05-09T20:14:19Z">
      <class name="com.platformX.tests.QA_042_Dodavanje_Djelatnosti_Test">
        <test-method status="PASS" signature="setUp(java.lang.String)[pri:0, instance:com.platformX.tests.QA_042_Dodavanje_Djelatnosti_Test@3967e60c]" name="setUp" is-config="true" duration-ms="5322" started-at="2021-05-09T22:14:03Z" finished-at="2021-05-09T22:14:08Z">
          <params>
            <param index="0">
              <value>
                <![CDATA[chrome]]>
              </value>
            </param>
          </params>
          <reporter-output>
          </reporter-output>
        </test-method> <!-- setUp -->
        <test-method status="PASS" signature="qa_042_dodavanje_djelatnosti_test()[pri:0, instance:com.platformX.tests.QA_042_Dodavanje_Djelatnosti_Test@3967e60c]" name="qa_042_dodavanje_djelatnosti_test" duration-ms="10401" started-at="2021-05-09T22:14:08Z" finished-at="2021-05-09T22:14:19Z">
          <reporter-output>
          </reporter-output>
        </test-method> <!-- qa_042_dodavanje_djelatnosti_test -->
        <test-method status="PASS" signature="cleanUp()[pri:0, instance:com.platformX.tests.QA_042_Dodavanje_Djelatnosti_Test@3967e60c]" name="cleanUp" is-config="true" duration-ms="1" started-at="2021-05-09T22:14:19Z" finished-at="2021-05-09T22:14:19Z">
          <reporter-output>
          </reporter-output>
        </test-method> <!-- cleanUp -->
      </class> <!-- com.platformX.tests.QA_042_Dodavanje_Djelatnosti_Test -->
    </test> <!-- Default test -->
  </suite> <!-- Default suite -->
</testng-results>
