<?xml version="1.0" encoding="UTF-8"?>
<testng-results skipped="0" failed="0" ignored="0" total="1" passed="1">
  <reporter-output>
  </reporter-output>
  <suite name="Default suite" duration-ms="19849" started-at="2021-05-27T11:29:44Z" finished-at="2021-05-27T11:30:04Z">
    <groups>
    </groups>
    <test name="Default test" duration-ms="19849" started-at="2021-05-27T11:29:44Z" finished-at="2021-05-27T11:30:04Z">
      <class name="com.platformX.tests.QA_040_Provjera_Validacija_Na_Preregistraciji_Ugovora_Test">
        <test-method status="PASS" signature="setUp(java.lang.String)[pri:0, instance:com.platformX.tests.QA_040_Provjera_Validacija_Na_Preregistraciji_Ugovora_Test@3967e60c]" name="setUp" is-config="true" duration-ms="5493" started-at="2021-05-27T13:29:44Z" finished-at="2021-05-27T13:29:49Z">
          <params>
            <param index="0">
              <value>
                <![CDATA[chrome]]>
              </value>
            </param>
          </params>
          <reporter-output>
          </reporter-output>
        </test-method> <!-- setUp -->
        <test-method status="PASS" signature="qa_040_provjera_validacija_na_preregistraciji_ugovora_test()[pri:0, instance:com.platformX.tests.QA_040_Provjera_Validacija_Na_Preregistraciji_Ugovora_Test@3967e60c]" name="qa_040_provjera_validacija_na_preregistraciji_ugovora_test" duration-ms="14338" started-at="2021-05-27T13:29:49Z" finished-at="2021-05-27T13:30:04Z">
          <reporter-output>
          </reporter-output>
        </test-method> <!-- qa_040_provjera_validacija_na_preregistraciji_ugovora_test -->
        <test-method status="PASS" signature="cleanUp()[pri:0, instance:com.platformX.tests.QA_040_Provjera_Validacija_Na_Preregistraciji_Ugovora_Test@3967e60c]" name="cleanUp" is-config="true" duration-ms="0" started-at="2021-05-27T13:30:04Z" finished-at="2021-05-27T13:30:04Z">
          <reporter-output>
          </reporter-output>
        </test-method> <!-- cleanUp -->
      </class> <!-- com.platformX.tests.QA_040_Provjera_Validacija_Na_Preregistraciji_Ugovora_Test -->
    </test> <!-- Default test -->
  </suite> <!-- Default suite -->
</testng-results>
