<?xml version="1.0" encoding="UTF-8"?>
<testng-results skipped="0" failed="0" ignored="0" total="1" passed="1">
  <reporter-output>
  </reporter-output>
  <suite name="Default suite" duration-ms="27545" started-at="2021-05-04T17:43:13Z" finished-at="2021-05-04T17:43:41Z">
    <groups>
    </groups>
    <test name="Default test" duration-ms="27545" started-at="2021-05-04T17:43:13Z" finished-at="2021-05-04T17:43:41Z">
      <class name="com.platformX.tests.QA_027_Provjera_Validacija_Na_Ugovoru_Test2">
        <test-method status="PASS" signature="setUp(java.lang.String)[pri:0, instance:com.platformX.tests.QA_027_Provjera_Validacija_Na_Ugovoru_Test2@3967e60c]" name="setUp" is-config="true" duration-ms="6305" started-at="2021-05-04T19:43:13Z" finished-at="2021-05-04T19:43:19Z">
          <params>
            <param index="0">
              <value>
                <![CDATA[chrome]]>
              </value>
            </param>
          </params>
          <reporter-output>
          </reporter-output>
        </test-method> <!-- setUp -->
        <test-method status="PASS" signature="qa_027_provjera_validacija_na_ugovoru_test2()[pri:0, instance:com.platformX.tests.QA_027_Provjera_Validacija_Na_Ugovoru_Test2@3967e60c]" name="qa_027_provjera_validacija_na_ugovoru_test2" duration-ms="20583" started-at="2021-05-04T19:43:19Z" finished-at="2021-05-04T19:43:40Z">
          <reporter-output>
          </reporter-output>
        </test-method> <!-- qa_027_provjera_validacija_na_ugovoru_test2 -->
        <test-method status="PASS" signature="cleanUp()[pri:0, instance:com.platformX.tests.QA_027_Provjera_Validacija_Na_Ugovoru_Test2@3967e60c]" name="cleanUp" is-config="true" duration-ms="638" started-at="2021-05-04T19:43:40Z" finished-at="2021-05-04T19:43:41Z">
          <reporter-output>
          </reporter-output>
        </test-method> <!-- cleanUp -->
      </class> <!-- com.platformX.tests.QA_027_Provjera_Validacija_Na_Ugovoru_Test2 -->
    </test> <!-- Default test -->
  </suite> <!-- Default suite -->
</testng-results>
