<?xml version="1.0" encoding="UTF-8"?>
<testng-results skipped="0" failed="0" ignored="0" total="10" passed="10">
  <reporter-output>
  </reporter-output>
  <suite name="Default suite" duration-ms="5122" started-at="2024-01-16T20:02:28Z" finished-at="2024-01-16T20:02:33Z">
    <groups>
    </groups>
    <test name="Default test" duration-ms="5122" started-at="2024-01-16T20:02:28Z" finished-at="2024-01-16T20:02:33Z">
      <class name="com.platformX.api.tests.PXD_005_BasicCatalogs_FieldUnits_Test">
        <test-method status="PASS" signature="pxd_005_01_get_field_unit_test3()[pri:0, instance:com.platformX.api.tests.PXD_005_BasicCatalogs_FieldUnits_Test@2e48362c]" name="pxd_005_01_get_field_unit_test3" duration-ms="678" started-at="2024-01-16T21:02:28Z" description="negative test case: wrong bearer token" finished-at="2024-01-16T21:02:29Z">
          <reporter-output>
          </reporter-output>
        </test-method> <!-- pxd_005_01_get_field_unit_test3 -->
        <test-method status="PASS" signature="pxd_005_04_create_field_unit_test()[pri:0, instance:com.platformX.api.tests.PXD_005_BasicCatalogs_FieldUnits_Test@2e48362c]" name="pxd_005_04_create_field_unit_test" duration-ms="1280" started-at="2024-01-16T21:02:29Z" description="positive test case: create field unit" finished-at="2024-01-16T21:02:30Z">
          <reporter-output>
          </reporter-output>
        </test-method> <!-- pxd_005_04_create_field_unit_test -->
        <test-method status="PASS" signature="pxd_005_01_get_field_unit_test2()[pri:0, instance:com.platformX.api.tests.PXD_005_BasicCatalogs_FieldUnits_Test@2e48362c]" name="pxd_005_01_get_field_unit_test2" duration-ms="533" started-at="2024-01-16T21:02:30Z" description="negative test case: bearer token missing" finished-at="2024-01-16T21:02:31Z">
          <reporter-output>
          </reporter-output>
        </test-method> <!-- pxd_005_01_get_field_unit_test2 -->
        <test-method status="PASS" signature="pxd_005_01_get_field_unit_test1()[pri:0, instance:com.platformX.api.tests.PXD_005_BasicCatalogs_FieldUnits_Test@2e48362c]" name="pxd_005_01_get_field_unit_test1" duration-ms="908" started-at="2024-01-16T21:02:31Z" description="positive test case: get created field unit" depends-on-methods="com.platformX.api.tests.PXD_005_BasicCatalogs_FieldUnits_Test.pxd_005_04_create_field_unit_test" finished-at="2024-01-16T21:02:31Z">
          <reporter-output>
          </reporter-output>
        </test-method> <!-- pxd_005_01_get_field_unit_test1 -->
        <test-method status="PASS" signature="pxd_005_01_get_field_unit_test4()[pri:0, instance:com.platformX.api.tests.PXD_005_BasicCatalogs_FieldUnits_Test@2e48362c]" name="pxd_005_01_get_field_unit_test4" duration-ms="727" started-at="2024-01-16T21:02:31Z" description="negative test case: wrong id" depends-on-methods="com.platformX.api.tests.PXD_005_BasicCatalogs_FieldUnits_Test.pxd_005_04_create_field_unit_test" finished-at="2024-01-16T21:02:32Z">
          <reporter-output>
          </reporter-output>
        </test-method> <!-- pxd_005_01_get_field_unit_test4 -->
        <test-method status="PASS" signature="pxd_005_02_post_field_units_list_test()[pri:0, instance:com.platformX.api.tests.PXD_005_BasicCatalogs_FieldUnits_Test@2e48362c]" name="pxd_005_02_post_field_units_list_test" duration-ms="379" started-at="2024-01-16T21:02:32Z" description="positive test case: list" depends-on-methods="com.platformX.api.tests.PXD_005_BasicCatalogs_FieldUnits_Test.pxd_005_04_create_field_unit_test" finished-at="2024-01-16T21:02:33Z">
          <reporter-output>
          </reporter-output>
        </test-method> <!-- pxd_005_02_post_field_units_list_test -->
        <test-method status="PASS" signature="pxd_005_03_get_field_unit_lookup_test1()[pri:0, instance:com.platformX.api.tests.PXD_005_BasicCatalogs_FieldUnits_Test@2e48362c]" name="pxd_005_03_get_field_unit_lookup_test1" duration-ms="181" started-at="2024-01-16T21:02:33Z" description="positive test case: lookup" depends-on-methods="com.platformX.api.tests.PXD_005_BasicCatalogs_FieldUnits_Test.pxd_005_04_create_field_unit_test" finished-at="2024-01-16T21:02:33Z">
          <reporter-output>
          </reporter-output>
        </test-method> <!-- pxd_005_03_get_field_unit_lookup_test1 -->
        <test-method status="PASS" signature="pxd_005_03_get_field_unit_lookup_test2()[pri:0, instance:com.platformX.api.tests.PXD_005_BasicCatalogs_FieldUnits_Test@2e48362c]" name="pxd_005_03_get_field_unit_lookup_test2" duration-ms="143" started-at="2024-01-16T21:02:33Z" description="negative test case: wrong id" depends-on-methods="com.platformX.api.tests.PXD_005_BasicCatalogs_FieldUnits_Test.pxd_005_04_create_field_unit_test" finished-at="2024-01-16T21:02:33Z">
          <reporter-output>
          </reporter-output>
        </test-method> <!-- pxd_005_03_get_field_unit_lookup_test2 -->
        <test-method status="PASS" signature="pxd_005_05_update_field_unit_test()[pri:0, instance:com.platformX.api.tests.PXD_005_BasicCatalogs_FieldUnits_Test@2e48362c]" name="pxd_005_05_update_field_unit_test" duration-ms="127" started-at="2024-01-16T21:02:33Z" description="positive test case: update field unit" depends-on-methods="com.platformX.api.tests.PXD_005_BasicCatalogs_FieldUnits_Test.pxd_005_04_create_field_unit_test" finished-at="2024-01-16T21:02:33Z">
          <reporter-output>
          </reporter-output>
        </test-method> <!-- pxd_005_05_update_field_unit_test -->
        <test-method status="PASS" signature="pxd_005_06_delete_field_unit_test()[pri:0, instance:com.platformX.api.tests.PXD_005_BasicCatalogs_FieldUnits_Test@2e48362c]" name="pxd_005_06_delete_field_unit_test" duration-ms="134" started-at="2024-01-16T21:02:33Z" description="positive test case: delete field unit" depends-on-methods="com.platformX.api.tests.PXD_005_BasicCatalogs_FieldUnits_Test.pxd_005_04_create_field_unit_test" finished-at="2024-01-16T21:02:33Z">
          <reporter-output>
          </reporter-output>
        </test-method> <!-- pxd_005_06_delete_field_unit_test -->
      </class> <!-- com.platformX.api.tests.PXD_005_BasicCatalogs_FieldUnits_Test -->
    </test> <!-- Default test -->
  </suite> <!-- Default suite -->
</testng-results>
