<?xml version="1.0" encoding="UTF-8"?>
<testng-results skipped="0" failed="0" ignored="0" total="1" passed="1">
  <reporter-output>
  </reporter-output>
  <suite name="Default suite" duration-ms="27302" started-at="2021-11-23T22:34:11Z" finished-at="2021-11-23T22:34:39Z">
    <groups>
    </groups>
    <test name="Default test" duration-ms="27302" started-at="2021-11-23T22:34:11Z" finished-at="2021-11-23T22:34:39Z">
      <class name="com.platformX.tests.PX_077_Izmjena_Ulice_Test">
        <test-method status="PASS" signature="setUp(java.lang.String)[pri:0, instance:com.platformX.tests.PX_077_Izmjena_Ulice_Test@3967e60c]" name="setUp" is-config="true" duration-ms="5319" started-at="2021-11-23T23:34:11Z" finished-at="2021-11-23T23:34:17Z">
          <params>
            <param index="0">
              <value>
                <![CDATA[chrome]]>
              </value>
            </param>
          </params>
          <reporter-output>
          </reporter-output>
        </test-method> <!-- setUp -->
        <test-method status="PASS" signature="px_077_izmjena_ulice_test()[pri:0, instance:com.platformX.tests.PX_077_Izmjena_Ulice_Test@3967e60c]" name="px_077_izmjena_ulice_test" duration-ms="21321" started-at="2021-11-23T23:34:17Z" finished-at="2021-11-23T23:34:38Z">
          <reporter-output>
          </reporter-output>
        </test-method> <!-- px_077_izmjena_ulice_test -->
        <test-method status="PASS" signature="cleanUp()[pri:0, instance:com.platformX.tests.PX_077_Izmjena_Ulice_Test@3967e60c]" name="cleanUp" is-config="true" duration-ms="646" started-at="2021-11-23T23:34:38Z" finished-at="2021-11-23T23:34:39Z">
          <reporter-output>
          </reporter-output>
        </test-method> <!-- cleanUp -->
      </class> <!-- com.platformX.tests.PX_077_Izmjena_Ulice_Test -->
    </test> <!-- Default test -->
  </suite> <!-- Default suite -->
</testng-results>
