<?xml version="1.0" encoding="UTF-8"?>
<testng-results skipped="0" failed="0" ignored="0" total="1" passed="1">
  <reporter-output>
  </reporter-output>
  <suite name="Default suite" duration-ms="22136" started-at="2022-03-18T10:31:50Z" finished-at="2022-03-18T10:32:12Z">
    <groups>
    </groups>
    <test name="Default test" duration-ms="22136" started-at="2022-03-18T10:31:50Z" finished-at="2022-03-18T10:32:12Z">
      <class name="com.platformX.distribution.tests.PX_DIST_Izmjena_Poste_Test">
        <test-method status="PASS" signature="setUp(java.lang.String)[pri:0, instance:com.platformX.distribution.tests.PX_DIST_Izmjena_Poste_Test@3967e60c]" name="setUp" is-config="true" duration-ms="5371" started-at="2022-03-18T11:31:50Z" finished-at="2022-03-18T11:31:55Z">
          <params>
            <param index="0">
              <value>
                <![CDATA[chrome]]>
              </value>
            </param>
          </params>
          <reporter-output>
          </reporter-output>
        </test-method> <!-- setUp -->
        <test-method status="PASS" signature="px_dist_izmjena_poste_test()[pri:0, instance:com.platformX.distribution.tests.PX_DIST_Izmjena_Poste_Test@3967e60c]" name="px_dist_izmjena_poste_test" duration-ms="16060" started-at="2022-03-18T11:31:55Z" finished-at="2022-03-18T11:32:11Z">
          <reporter-output>
          </reporter-output>
        </test-method> <!-- px_dist_izmjena_poste_test -->
        <test-method status="PASS" signature="cleanUp()[pri:0, instance:com.platformX.distribution.tests.PX_DIST_Izmjena_Poste_Test@3967e60c]" name="cleanUp" is-config="true" duration-ms="690" started-at="2022-03-18T11:32:11Z" finished-at="2022-03-18T11:32:12Z">
          <reporter-output>
          </reporter-output>
        </test-method> <!-- cleanUp -->
      </class> <!-- com.platformX.distribution.tests.PX_DIST_Izmjena_Poste_Test -->
    </test> <!-- Default test -->
  </suite> <!-- Default suite -->
</testng-results>
