<?xml version="1.0" encoding="UTF-8"?>
<testng-results skipped="0" failed="0" ignored="0" total="1" passed="1">
  <reporter-output>
  </reporter-output>
  <suite name="Default suite" duration-ms="11690" started-at="2021-08-11T10:43:44Z" finished-at="2021-08-11T10:43:56Z">
    <groups>
    </groups>
    <test name="Default test" duration-ms="11690" started-at="2021-08-11T10:43:44Z" finished-at="2021-08-11T10:43:56Z">
      <class name="com.platformX.tests.QA_063_Pretraga_Mjernih_Mjesta_Sa_Pocetne_Stranice_Test">
        <test-method status="PASS" signature="setUp(java.lang.String)[pri:0, instance:com.platformX.tests.QA_063_Pretraga_Mjernih_Mjesta_Sa_Pocetne_Stranice_Test@3967e60c]" name="setUp" is-config="true" duration-ms="5306" started-at="2021-08-11T12:43:44Z" finished-at="2021-08-11T12:43:50Z">
          <params>
            <param index="0">
              <value>
                <![CDATA[chrome]]>
              </value>
            </param>
          </params>
          <reporter-output>
          </reporter-output>
        </test-method> <!-- setUp -->
        <test-method status="PASS" signature="qa_062_pretraga_pravnih_lica_sa_pocetne_stranice_test()[pri:0, instance:com.platformX.tests.QA_063_Pretraga_Mjernih_Mjesta_Sa_Pocetne_Stranice_Test@3967e60c]" name="qa_062_pretraga_pravnih_lica_sa_pocetne_stranice_test" duration-ms="6370" started-at="2021-08-11T12:43:50Z" finished-at="2021-08-11T12:43:56Z">
          <reporter-output>
          </reporter-output>
        </test-method> <!-- qa_062_pretraga_pravnih_lica_sa_pocetne_stranice_test -->
        <test-method status="PASS" signature="cleanUp()[pri:0, instance:com.platformX.tests.QA_063_Pretraga_Mjernih_Mjesta_Sa_Pocetne_Stranice_Test@3967e60c]" name="cleanUp" is-config="true" duration-ms="0" started-at="2021-08-11T12:43:56Z" finished-at="2021-08-11T12:43:56Z">
          <reporter-output>
          </reporter-output>
        </test-method> <!-- cleanUp -->
      </class> <!-- com.platformX.tests.QA_063_Pretraga_Mjernih_Mjesta_Sa_Pocetne_Stranice_Test -->
    </test> <!-- Default test -->
  </suite> <!-- Default suite -->
</testng-results>
