<?xml version="1.0" encoding="UTF-8"?>
<testng-results skipped="0" failed="0" ignored="8" total="10" passed="2">
  <reporter-output>
  </reporter-output>
  <suite name="Default suite" duration-ms="1711" started-at="2024-01-22T15:03:03Z" finished-at="2024-01-22T15:03:05Z">
    <groups>
    </groups>
    <test name="Default test" duration-ms="1711" started-at="2024-01-22T15:03:03Z" finished-at="2024-01-22T15:03:05Z">
      <class name="com.platformX.api.tests.PXD_006_BasicCatalogs_FieldOffices_Test">
        <test-method status="PASS" signature="pxd_006_04_create_field_office_test1()[pri:0, instance:com.platformX.api.tests.PXD_006_BasicCatalogs_FieldOffices_Test@12d2ce03]" name="pxd_006_04_create_field_office_test1" duration-ms="1272" started-at="2024-01-22T16:03:03Z" description="positive test case" finished-at="2024-01-22T16:03:04Z">
          <reporter-output>
          </reporter-output>
        </test-method> <!-- pxd_006_04_create_field_office_test1 -->
        <test-method status="PASS" signature="pxd_006_01_get_field_office_test1()[pri:0, instance:com.platformX.api.tests.PXD_006_BasicCatalogs_FieldOffices_Test@12d2ce03]" name="pxd_006_01_get_field_office_test1" duration-ms="420" started-at="2024-01-22T16:03:04Z" description="positive test case" depends-on-methods="com.platformX.api.tests.PXD_006_BasicCatalogs_FieldOffices_Test.pxd_006_04_create_field_office_test1" finished-at="2024-01-22T16:03:05Z">
          <reporter-output>
          </reporter-output>
        </test-method> <!-- pxd_006_01_get_field_office_test1 -->
      </class> <!-- com.platformX.api.tests.PXD_006_BasicCatalogs_FieldOffices_Test -->
    </test> <!-- Default test -->
  </suite> <!-- Default suite -->
</testng-results>
