<?xml version="1.0" encoding="UTF-8"?>
<testng-results skipped="0" failed="0" ignored="0" total="1" passed="1">
  <reporter-output>
  </reporter-output>
  <suite name="Default suite" duration-ms="30584" started-at="2022-01-25T20:14:32Z" finished-at="2022-01-25T20:15:02Z">
    <groups>
    </groups>
    <test name="Default test" duration-ms="30584" started-at="2022-01-25T20:14:32Z" finished-at="2022-01-25T20:15:02Z">
      <class name="com.platformX.tests.PX_007_Verifikacija_Sekcije_Obracun_Test">
        <test-method status="PASS" signature="setUp(java.lang.String)[pri:0, instance:com.platformX.tests.PX_007_Verifikacija_Sekcije_Obracun_Test@3967e60c]" name="setUp" is-config="true" duration-ms="5373" started-at="2022-01-25T21:14:32Z" finished-at="2022-01-25T21:14:37Z">
          <params>
            <param index="0">
              <value>
                <![CDATA[chrome]]>
              </value>
            </param>
          </params>
          <reporter-output>
          </reporter-output>
        </test-method> <!-- setUp -->
        <test-method status="PASS" signature="px_007_verifikacija_sekcije_obracun_test()[pri:0, instance:com.platformX.tests.PX_007_Verifikacija_Sekcije_Obracun_Test@3967e60c]" name="px_007_verifikacija_sekcije_obracun_test" duration-ms="25193" started-at="2022-01-25T21:14:37Z" description="test prolazi kroz sve stranice iz sekcije OBRAČUN i verifikuje ih" finished-at="2022-01-25T21:15:02Z">
          <reporter-output>
          </reporter-output>
        </test-method> <!-- px_007_verifikacija_sekcije_obracun_test -->
        <test-method status="PASS" signature="cleanUp()[pri:0, instance:com.platformX.tests.PX_007_Verifikacija_Sekcije_Obracun_Test@3967e60c]" name="cleanUp" is-config="true" duration-ms="1" started-at="2022-01-25T21:15:02Z" finished-at="2022-01-25T21:15:02Z">
          <reporter-output>
          </reporter-output>
        </test-method> <!-- cleanUp -->
      </class> <!-- com.platformX.tests.PX_007_Verifikacija_Sekcije_Obracun_Test -->
    </test> <!-- Default test -->
  </suite> <!-- Default suite -->
</testng-results>
