<?xml version="1.0" encoding="UTF-8"?>
<testng-results skipped="0" failed="0" ignored="0" total="1" passed="1">
  <reporter-output>
  </reporter-output>
  <suite name="Default suite" duration-ms="26489" started-at="2021-08-17T14:05:43Z" finished-at="2021-08-17T14:06:09Z">
    <groups>
    </groups>
    <test name="Default test" duration-ms="26489" started-at="2021-08-17T14:05:43Z" finished-at="2021-08-17T14:06:09Z">
      <class name="com.platformX.tests.QA_008_Verifikacija_Sekcije_Pravni_Odnosi_Test">
        <test-method status="PASS" signature="setUp(java.lang.String)[pri:0, instance:com.platformX.tests.QA_008_Verifikacija_Sekcije_Pravni_Odnosi_Test@3967e60c]" name="setUp" is-config="true" duration-ms="5628" started-at="2021-08-17T16:05:43Z" finished-at="2021-08-17T16:05:49Z">
          <params>
            <param index="0">
              <value>
                <![CDATA[chrome]]>
              </value>
            </param>
          </params>
          <reporter-output>
          </reporter-output>
        </test-method> <!-- setUp -->
        <test-method status="PASS" signature="qa_008_verifikacija_sekcije_pravni_odnosi_test()[pri:0, instance:com.platformX.tests.QA_008_Verifikacija_Sekcije_Pravni_Odnosi_Test@3967e60c]" name="qa_008_verifikacija_sekcije_pravni_odnosi_test" duration-ms="20231" started-at="2021-08-17T16:05:49Z" finished-at="2021-08-17T16:06:09Z">
          <reporter-output>
          </reporter-output>
        </test-method> <!-- qa_008_verifikacija_sekcije_pravni_odnosi_test -->
        <test-method status="PASS" signature="cleanUp()[pri:0, instance:com.platformX.tests.QA_008_Verifikacija_Sekcije_Pravni_Odnosi_Test@3967e60c]" name="cleanUp" is-config="true" duration-ms="612" started-at="2021-08-17T16:06:09Z" finished-at="2021-08-17T16:06:09Z">
          <reporter-output>
          </reporter-output>
        </test-method> <!-- cleanUp -->
      </class> <!-- com.platformX.tests.QA_008_Verifikacija_Sekcije_Pravni_Odnosi_Test -->
    </test> <!-- Default test -->
  </suite> <!-- Default suite -->
</testng-results>
