<?xml version="1.0" encoding="UTF-8"?>
<testng-results skipped="0" failed="0" ignored="0" total="1" passed="1">
  <reporter-output>
  </reporter-output>
  <suite name="Default suite" duration-ms="26094" started-at="2021-09-21T08:58:07Z" finished-at="2021-09-21T08:58:33Z">
    <groups>
    </groups>
    <test name="Default test" duration-ms="26094" started-at="2021-09-21T08:58:07Z" finished-at="2021-09-21T08:58:33Z">
      <class name="com.platformX.tests.QA_064_Neuspjesno_Dodavanje_Banke">
        <test-method status="PASS" signature="setUp(java.lang.String)[pri:0, instance:com.platformX.tests.QA_064_Neuspjesno_Dodavanje_Banke@3967e60c]" name="setUp" is-config="true" duration-ms="5395" started-at="2021-09-21T10:58:07Z" finished-at="2021-09-21T10:58:13Z">
          <params>
            <param index="0">
              <value>
                <![CDATA[chrome]]>
              </value>
            </param>
          </params>
          <reporter-output>
          </reporter-output>
        </test-method> <!-- setUp -->
        <test-method status="PASS" signature="qa_064_neuspjesno_dodavanje_banke_test()[pri:0, instance:com.platformX.tests.QA_064_Neuspjesno_Dodavanje_Banke@3967e60c]" name="qa_064_neuspjesno_dodavanje_banke_test" duration-ms="20042" started-at="2021-09-21T10:58:13Z" finished-at="2021-09-21T10:58:33Z">
          <reporter-output>
          </reporter-output>
        </test-method> <!-- qa_064_neuspjesno_dodavanje_banke_test -->
        <test-method status="PASS" signature="cleanUp()[pri:0, instance:com.platformX.tests.QA_064_Neuspjesno_Dodavanje_Banke@3967e60c]" name="cleanUp" is-config="true" duration-ms="638" started-at="2021-09-21T10:58:33Z" finished-at="2021-09-21T10:58:33Z">
          <reporter-output>
          </reporter-output>
        </test-method> <!-- cleanUp -->
      </class> <!-- com.platformX.tests.QA_064_Neuspjesno_Dodavanje_Banke -->
    </test> <!-- Default test -->
  </suite> <!-- Default suite -->
</testng-results>
