<?xml version="1.0" encoding="UTF-8"?>
<testng-results skipped="0" failed="0" ignored="0" total="1" passed="1">
  <reporter-output>
  </reporter-output>
  <suite name="Default suite" duration-ms="31594" started-at="2022-02-15T17:54:39Z" finished-at="2022-02-15T17:55:11Z">
    <groups>
    </groups>
    <test name="Default test" duration-ms="31594" started-at="2022-02-15T17:54:39Z" finished-at="2022-02-15T17:55:11Z">
      <class name="com.platformX.tests.PX_009_Verifikacija_Sekcije_Pravni_Odnosi_Test">
        <test-method status="PASS" signature="setUp(java.lang.String)[pri:0, instance:com.platformX.tests.PX_009_Verifikacija_Sekcije_Pravni_Odnosi_Test@3967e60c]" name="setUp" is-config="true" duration-ms="5432" started-at="2022-02-15T18:54:39Z" finished-at="2022-02-15T18:54:44Z">
          <params>
            <param index="0">
              <value>
                <![CDATA[chrome]]>
              </value>
            </param>
          </params>
          <reporter-output>
          </reporter-output>
        </test-method> <!-- setUp -->
        <test-method status="PASS" signature="px_009_verifikacija_sekcije_pravni_odnosi_test()[pri:0, instance:com.platformX.tests.PX_009_Verifikacija_Sekcije_Pravni_Odnosi_Test@3967e60c]" name="px_009_verifikacija_sekcije_pravni_odnosi_test" duration-ms="26142" started-at="2022-02-15T18:54:44Z" description="test prolazi kroz sve stranice iz sekcija PRAVNI ODNOSI i IZVJESTAJI i verifikuje ih" finished-at="2022-02-15T18:55:11Z">
          <reporter-output>
          </reporter-output>
        </test-method> <!-- px_009_verifikacija_sekcije_pravni_odnosi_test -->
        <test-method status="PASS" signature="cleanUp()[pri:0, instance:com.platformX.tests.PX_009_Verifikacija_Sekcije_Pravni_Odnosi_Test@3967e60c]" name="cleanUp" is-config="true" duration-ms="3" started-at="2022-02-15T18:55:11Z" finished-at="2022-02-15T18:55:11Z">
          <reporter-output>
          </reporter-output>
        </test-method> <!-- cleanUp -->
      </class> <!-- com.platformX.tests.PX_009_Verifikacija_Sekcije_Pravni_Odnosi_Test -->
    </test> <!-- Default test -->
  </suite> <!-- Default suite -->
</testng-results>
