<?xml version="1.0" encoding="UTF-8"?>
<testng-results skipped="0" failed="0" ignored="0" total="1" passed="1">
  <reporter-output>
  </reporter-output>
  <suite name="Default suite" duration-ms="22024" started-at="2022-02-19T08:49:01Z" finished-at="2022-02-19T08:49:23Z">
    <groups>
    </groups>
    <test name="Default test" duration-ms="22024" started-at="2022-02-19T08:49:01Z" finished-at="2022-02-19T08:49:23Z">
      <class name="com.platformX.distribution.tests.PX_DIST_Neuspjesno_Dodavanje_Poste_Test">
        <test-method status="PASS" signature="setUp(java.lang.String)[pri:0, instance:com.platformX.distribution.tests.PX_DIST_Neuspjesno_Dodavanje_Poste_Test@3967e60c]" name="setUp" is-config="true" duration-ms="7290" started-at="2022-02-19T09:49:01Z" finished-at="2022-02-19T09:49:09Z">
          <params>
            <param index="0">
              <value>
                <![CDATA[chrome]]>
              </value>
            </param>
          </params>
          <reporter-output>
          </reporter-output>
        </test-method> <!-- setUp -->
        <test-method status="PASS" signature="px_075_neuspjesno_dodavanje_poste_test()[pri:0, instance:com.platformX.distribution.tests.PX_DIST_Neuspjesno_Dodavanje_Poste_Test@3967e60c]" name="px_075_neuspjesno_dodavanje_poste_test" duration-ms="14013" started-at="2022-02-19T09:49:09Z" description="Pokušaj dodavanja poste sa istim ID-em" finished-at="2022-02-19T09:49:23Z">
          <reporter-output>
          </reporter-output>
        </test-method> <!-- px_075_neuspjesno_dodavanje_poste_test -->
        <test-method status="PASS" signature="cleanUp()[pri:0, instance:com.platformX.distribution.tests.PX_DIST_Neuspjesno_Dodavanje_Poste_Test@3967e60c]" name="cleanUp" is-config="true" duration-ms="704" started-at="2022-02-19T09:49:23Z" finished-at="2022-02-19T09:49:23Z">
          <reporter-output>
          </reporter-output>
        </test-method> <!-- cleanUp -->
      </class> <!-- com.platformX.distribution.tests.PX_DIST_Neuspjesno_Dodavanje_Poste_Test -->
    </test> <!-- Default test -->
  </suite> <!-- Default suite -->
</testng-results>
