<?xml version="1.0" encoding="UTF-8"?>
<testng-results skipped="0" failed="0" ignored="0" total="1" passed="1">
  <reporter-output>
  </reporter-output>
  <suite name="Default suite" duration-ms="28750" started-at="2021-03-22T09:29:44Z" finished-at="2021-03-22T09:30:13Z">
    <groups>
    </groups>
    <test name="Default test" duration-ms="28750" started-at="2021-03-22T09:29:44Z" finished-at="2021-03-22T09:30:13Z">
      <class name="com.platformX.tests.QA_039_Neuspjesno_Odbacivanje_Ugovora_Test">
        <test-method status="PASS" signature="setUp(java.lang.String)[pri:0, instance:com.platformX.tests.QA_039_Neuspjesno_Odbacivanje_Ugovora_Test@3967e60c]" name="setUp" is-config="true" duration-ms="5482" started-at="2021-03-22T10:29:44Z" finished-at="2021-03-22T10:29:50Z">
          <params>
            <param index="0">
              <value>
                <![CDATA[chrome]]>
              </value>
            </param>
          </params>
          <reporter-output>
          </reporter-output>
        </test-method> <!-- setUp -->
        <test-method status="PASS" signature="qa_039_neuspjesno_odbacivanje_ugovora_test()[pri:0, instance:com.platformX.tests.QA_039_Neuspjesno_Odbacivanje_Ugovora_Test@3967e60c]" name="qa_039_neuspjesno_odbacivanje_ugovora_test" duration-ms="23249" started-at="2021-03-22T10:29:50Z" finished-at="2021-03-22T10:30:13Z">
          <reporter-output>
          </reporter-output>
        </test-method> <!-- qa_039_neuspjesno_odbacivanje_ugovora_test -->
        <test-method status="PASS" signature="cleanUp()[pri:0, instance:com.platformX.tests.QA_039_Neuspjesno_Odbacivanje_Ugovora_Test@3967e60c]" name="cleanUp" is-config="true" duration-ms="0" started-at="2021-03-22T10:30:13Z" finished-at="2021-03-22T10:30:13Z">
          <reporter-output>
          </reporter-output>
        </test-method> <!-- cleanUp -->
      </class> <!-- com.platformX.tests.QA_039_Neuspjesno_Odbacivanje_Ugovora_Test -->
    </test> <!-- Default test -->
  </suite> <!-- Default suite -->
</testng-results>
