<?xml version="1.0" encoding="UTF-8"?>
<testng-results skipped="0" failed="0" ignored="0" total="1" passed="1">
  <reporter-output>
  </reporter-output>
  <suite name="Default suite" duration-ms="17657" started-at="2021-06-27T11:14:55Z" finished-at="2021-06-27T11:15:12Z">
    <groups>
    </groups>
    <test name="Default test" duration-ms="17657" started-at="2021-06-27T11:14:55Z" finished-at="2021-06-27T11:15:12Z">
      <class name="com.platformX.tests.QA_051_Izmjena_Kategorije_Cijene_Test">
        <test-method status="PASS" signature="setUp(java.lang.String)[pri:0, instance:com.platformX.tests.QA_051_Izmjena_Kategorije_Cijene_Test@3967e60c]" name="setUp" is-config="true" duration-ms="5393" started-at="2021-06-27T13:14:55Z" finished-at="2021-06-27T13:15:00Z">
          <params>
            <param index="0">
              <value>
                <![CDATA[chrome]]>
              </value>
            </param>
          </params>
          <reporter-output>
          </reporter-output>
        </test-method> <!-- setUp -->
        <test-method status="PASS" signature="qa_047_dodavanje_tarifne_grupe_test()[pri:0, instance:com.platformX.tests.QA_051_Izmjena_Kategorije_Cijene_Test@3967e60c]" name="qa_047_dodavanje_tarifne_grupe_test" duration-ms="12253" started-at="2021-06-27T13:15:00Z" finished-at="2021-06-27T13:15:12Z">
          <reporter-output>
          </reporter-output>
        </test-method> <!-- qa_047_dodavanje_tarifne_grupe_test -->
        <test-method status="PASS" signature="cleanUp()[pri:0, instance:com.platformX.tests.QA_051_Izmjena_Kategorije_Cijene_Test@3967e60c]" name="cleanUp" is-config="true" duration-ms="0" started-at="2021-06-27T13:15:12Z" finished-at="2021-06-27T13:15:12Z">
          <reporter-output>
          </reporter-output>
        </test-method> <!-- cleanUp -->
      </class> <!-- com.platformX.tests.QA_051_Izmjena_Kategorije_Cijene_Test -->
    </test> <!-- Default test -->
  </suite> <!-- Default suite -->
</testng-results>
