<?xml version="1.0" encoding="UTF-8"?>
<testng-results skipped="0" failed="0" ignored="0" total="1" passed="1">
  <reporter-output>
  </reporter-output>
  <suite name="Default suite" duration-ms="15300" started-at="2022-05-17T03:46:37Z" finished-at="2022-05-17T03:46:52Z">
    <groups>
    </groups>
    <test name="Default test" duration-ms="15300" started-at="2022-05-17T03:46:37Z" finished-at="2022-05-17T03:46:52Z">
      <class name="com.platformX.tests.PX_080_Verifikacija_Sekcija_Administracija_Izvjestaji_Test">
        <test-method status="PASS" signature="setUp(java.lang.String)[pri:0, instance:com.platformX.tests.PX_080_Verifikacija_Sekcija_Administracija_Izvjestaji_Test@3967e60c]" name="setUp" is-config="true" duration-ms="5356" started-at="2022-05-17T05:46:37Z" finished-at="2022-05-17T05:46:42Z">
          <params>
            <param index="0">
              <value>
                <![CDATA[chrome]]>
              </value>
            </param>
          </params>
          <reporter-output>
          </reporter-output>
        </test-method> <!-- setUp -->
        <test-method status="PASS" signature="px_080_verifikacija_sekcija_administracija_izvjestaji_test()[pri:0, instance:com.platformX.tests.PX_080_Verifikacija_Sekcija_Administracija_Izvjestaji_Test@3967e60c]" name="px_080_verifikacija_sekcija_administracija_izvjestaji_test" duration-ms="9256" started-at="2022-05-17T05:46:42Z" description="test prolazi kroz sve stranice iz sekcija ADMINISTRACIJA i IZVJESTAJI i verifikuje ih" finished-at="2022-05-17T05:46:52Z">
          <reporter-output>
          </reporter-output>
        </test-method> <!-- px_080_verifikacija_sekcija_administracija_izvjestaji_test -->
        <test-method status="PASS" signature="cleanUp()[pri:0, instance:com.platformX.tests.PX_080_Verifikacija_Sekcija_Administracija_Izvjestaji_Test@3967e60c]" name="cleanUp" is-config="true" duration-ms="674" started-at="2022-05-17T05:46:52Z" finished-at="2022-05-17T05:46:52Z">
          <reporter-output>
          </reporter-output>
        </test-method> <!-- cleanUp -->
      </class> <!-- com.platformX.tests.PX_080_Verifikacija_Sekcija_Administracija_Izvjestaji_Test -->
    </test> <!-- Default test -->
  </suite> <!-- Default suite -->
</testng-results>
