<?xml version="1.0" encoding="UTF-8"?>
<testng-results skipped="0" failed="0" ignored="0" total="1" passed="1">
  <reporter-output>
  </reporter-output>
  <suite name="Default suite" duration-ms="18614" started-at="2022-01-26T07:37:59Z" finished-at="2022-01-26T07:38:17Z">
    <groups>
    </groups>
    <test name="Default test" duration-ms="18614" started-at="2022-01-26T07:37:59Z" finished-at="2022-01-26T07:38:17Z">
      <class name="com.platformX.tests.PX_047_Provjera_Validacija_Na_Ugovoru_Test1">
        <test-method status="PASS" signature="setUp(java.lang.String)[pri:0, instance:com.platformX.tests.PX_047_Provjera_Validacija_Na_Ugovoru_Test1@3967e60c]" name="setUp" is-config="true" duration-ms="5440" started-at="2022-01-26T08:37:59Z" finished-at="2022-01-26T08:38:04Z">
          <params>
            <param index="0">
              <value>
                <![CDATA[chrome]]>
              </value>
            </param>
          </params>
          <reporter-output>
          </reporter-output>
        </test-method> <!-- setUp -->
        <test-method status="PASS" signature="px_047_provjera_validacija_na_ugovoru_test1()[pri:0, instance:com.platformX.tests.PX_047_Provjera_Validacija_Na_Ugovoru_Test1@3967e60c]" name="px_047_provjera_validacija_na_ugovoru_test1" duration-ms="13158" started-at="2022-01-26T08:38:04Z" finished-at="2022-01-26T08:38:17Z">
          <reporter-output>
          </reporter-output>
        </test-method> <!-- px_047_provjera_validacija_na_ugovoru_test1 -->
        <test-method status="PASS" signature="cleanUp()[pri:0, instance:com.platformX.tests.PX_047_Provjera_Validacija_Na_Ugovoru_Test1@3967e60c]" name="cleanUp" is-config="true" duration-ms="0" started-at="2022-01-26T08:38:17Z" finished-at="2022-01-26T08:38:17Z">
          <reporter-output>
          </reporter-output>
        </test-method> <!-- cleanUp -->
      </class> <!-- com.platformX.tests.PX_047_Provjera_Validacija_Na_Ugovoru_Test1 -->
    </test> <!-- Default test -->
  </suite> <!-- Default suite -->
</testng-results>
