<?xml version="1.0" encoding="UTF-8"?>
<testng-results skipped="0" failed="0" ignored="0" total="1" passed="1">
  <reporter-output>
  </reporter-output>
  <suite name="Default suite" duration-ms="39597" started-at="2022-04-06T18:35:43Z" finished-at="2022-04-06T18:36:23Z">
    <groups>
    </groups>
    <test name="Default test" duration-ms="39597" started-at="2022-04-06T18:35:43Z" finished-at="2022-04-06T18:36:23Z">
      <class name="com.platformX.tests.PX_005_Verifikacija_Sekcije_Kupci_Test">
        <test-method status="PASS" signature="setUp(java.lang.String)[pri:0, instance:com.platformX.tests.PX_005_Verifikacija_Sekcije_Kupci_Test@3967e60c]" name="setUp" is-config="true" duration-ms="5356" started-at="2022-04-06T20:35:43Z" finished-at="2022-04-06T20:35:49Z">
          <params>
            <param index="0">
              <value>
                <![CDATA[chrome]]>
              </value>
            </param>
          </params>
          <reporter-output>
          </reporter-output>
        </test-method> <!-- setUp -->
        <test-method status="PASS" signature="px_005_verifikacija_sekcije_kupci_test()[pri:0, instance:com.platformX.tests.PX_005_Verifikacija_Sekcije_Kupci_Test@3967e60c]" name="px_005_verifikacija_sekcije_kupci_test" duration-ms="33554" started-at="2022-04-06T20:35:49Z" description="test prolazi kroz sve stranice iz sekcije KUPCI i verifikuje ih" finished-at="2022-04-06T20:36:22Z">
          <reporter-output>
          </reporter-output>
        </test-method> <!-- px_005_verifikacija_sekcije_kupci_test -->
        <test-method status="PASS" signature="cleanUp()[pri:0, instance:com.platformX.tests.PX_005_Verifikacija_Sekcije_Kupci_Test@3967e60c]" name="cleanUp" is-config="true" duration-ms="669" started-at="2022-04-06T20:36:22Z" finished-at="2022-04-06T20:36:23Z">
          <reporter-output>
          </reporter-output>
        </test-method> <!-- cleanUp -->
      </class> <!-- com.platformX.tests.PX_005_Verifikacija_Sekcije_Kupci_Test -->
    </test> <!-- Default test -->
  </suite> <!-- Default suite -->
</testng-results>
