<?xml version="1.0" encoding="UTF-8"?>
<testng-results skipped="0" failed="0" ignored="0" total="1" passed="1">
  <reporter-output>
  </reporter-output>
  <suite name="Default suite" duration-ms="21065" started-at="2022-04-18T08:20:29Z" finished-at="2022-04-18T08:20:50Z">
    <groups>
    </groups>
    <test name="Default test" duration-ms="21065" started-at="2022-04-18T08:20:29Z" finished-at="2022-04-18T08:20:50Z">
      <class name="com.platformX.distribution.tests.PX_DIST_Neuspjesno_Dodavanje_Poste_Test">
        <test-method status="PASS" signature="setUp(java.lang.String)[pri:0, instance:com.platformX.distribution.tests.PX_DIST_Neuspjesno_Dodavanje_Poste_Test@3967e60c]" name="setUp" is-config="true" duration-ms="5401" started-at="2022-04-18T10:20:29Z" finished-at="2022-04-18T10:20:34Z">
          <params>
            <param index="0">
              <value>
                <![CDATA[chrome]]>
              </value>
            </param>
          </params>
          <reporter-output>
          </reporter-output>
        </test-method> <!-- setUp -->
        <test-method status="PASS" signature="px_dist_neuspjesno_dodavanje_poste_test()[pri:0, instance:com.platformX.distribution.tests.PX_DIST_Neuspjesno_Dodavanje_Poste_Test@3967e60c]" name="px_dist_neuspjesno_dodavanje_poste_test" duration-ms="14963" started-at="2022-04-18T10:20:34Z" description="Pokušaj dodavanja poste sa istim ID-em" finished-at="2022-04-18T10:20:49Z">
          <reporter-output>
          </reporter-output>
        </test-method> <!-- px_dist_neuspjesno_dodavanje_poste_test -->
        <test-method status="PASS" signature="cleanUp()[pri:0, instance:com.platformX.distribution.tests.PX_DIST_Neuspjesno_Dodavanje_Poste_Test@3967e60c]" name="cleanUp" is-config="true" duration-ms="682" started-at="2022-04-18T10:20:49Z" finished-at="2022-04-18T10:20:50Z">
          <reporter-output>
          </reporter-output>
        </test-method> <!-- cleanUp -->
      </class> <!-- com.platformX.distribution.tests.PX_DIST_Neuspjesno_Dodavanje_Poste_Test -->
    </test> <!-- Default test -->
  </suite> <!-- Default suite -->
</testng-results>
