<?xml version="1.0" encoding="UTF-8"?>
<testng-results skipped="0" failed="0" ignored="0" total="1" passed="1">
  <reporter-output>
  </reporter-output>
  <suite name="Default suite" duration-ms="15799" started-at="2022-09-20T11:35:22Z" finished-at="2022-09-20T11:35:38Z">
    <groups>
    </groups>
    <test name="Default test" duration-ms="15799" started-at="2022-09-20T11:35:22Z" finished-at="2022-09-20T11:35:38Z">
      <class name="scp.test.SCP_003_Dodavanje_Objekta_Test">
        <test-method status="PASS" signature="setUp(java.lang.String)[pri:0, instance:scp.test.SCP_003_Dodavanje_Objekta_Test@3967e60c]" name="setUp" is-config="true" duration-ms="5339" started-at="2022-09-20T13:35:22Z" finished-at="2022-09-20T13:35:27Z">
          <params>
            <param index="0">
              <value>
                <![CDATA[chrome]]>
              </value>
            </param>
          </params>
          <reporter-output>
          </reporter-output>
        </test-method> <!-- setUp -->
        <test-method status="PASS" signature="scp_003_dodavanje_objekta_test()[pri:0, instance:scp.test.SCP_003_Dodavanje_Objekta_Test@3967e60c]" name="scp_003_dodavanje_objekta_test" duration-ms="9776" started-at="2022-09-20T13:35:27Z" finished-at="2022-09-20T13:35:37Z">
          <reporter-output>
          </reporter-output>
        </test-method> <!-- scp_003_dodavanje_objekta_test -->
        <test-method status="PASS" signature="cleanUp()[pri:0, instance:scp.test.SCP_003_Dodavanje_Objekta_Test@3967e60c]" name="cleanUp" is-config="true" duration-ms="664" started-at="2022-09-20T13:35:37Z" finished-at="2022-09-20T13:35:38Z">
          <reporter-output>
          </reporter-output>
        </test-method> <!-- cleanUp -->
      </class> <!-- scp.test.SCP_003_Dodavanje_Objekta_Test -->
    </test> <!-- Default test -->
  </suite> <!-- Default suite -->
</testng-results>
