<?xml version="1.0" encoding="UTF-8"?>
<testng-results skipped="0" failed="0" ignored="0" total="1" passed="1">
  <reporter-output>
  </reporter-output>
  <suite name="Default suite" duration-ms="19989" started-at="2022-10-10T07:04:05Z" finished-at="2022-10-10T07:04:25Z">
    <groups>
    </groups>
    <test name="Default test" duration-ms="19989" started-at="2022-10-10T07:04:05Z" finished-at="2022-10-10T07:04:25Z">
      <class name="com.platformX.distribution.tests.PX_DIST_011_Verifikacija_Sekcije_Administracija_Test">
        <test-method status="PASS" signature="setUp(java.lang.String)[pri:0, instance:com.platformX.distribution.tests.PX_DIST_011_Verifikacija_Sekcije_Administracija_Test@3967e60c]" name="setUp" is-config="true" duration-ms="5349" started-at="2022-10-10T09:04:05Z" finished-at="2022-10-10T09:04:10Z">
          <params>
            <param index="0">
              <value>
                <![CDATA[chrome]]>
              </value>
            </param>
          </params>
          <reporter-output>
          </reporter-output>
        </test-method> <!-- setUp -->
        <test-method status="PASS" signature="px_dist_011_verifikacija_sekcija_administracija_test()[pri:0, instance:com.platformX.distribution.tests.PX_DIST_011_Verifikacija_Sekcije_Administracija_Test@3967e60c]" name="px_dist_011_verifikacija_sekcija_administracija_test" duration-ms="13923" started-at="2022-10-10T09:04:10Z" description="test prolazi kroz sve stranice iz sekcije ADMINISTRACIJA i verifikuje ih" finished-at="2022-10-10T09:04:24Z">
          <reporter-output>
          </reporter-output>
        </test-method> <!-- px_dist_011_verifikacija_sekcija_administracija_test -->
        <test-method status="PASS" signature="cleanUp()[pri:0, instance:com.platformX.distribution.tests.PX_DIST_011_Verifikacija_Sekcije_Administracija_Test@3967e60c]" name="cleanUp" is-config="true" duration-ms="703" started-at="2022-10-10T09:04:24Z" finished-at="2022-10-10T09:04:25Z">
          <reporter-output>
          </reporter-output>
        </test-method> <!-- cleanUp -->
      </class> <!-- com.platformX.distribution.tests.PX_DIST_011_Verifikacija_Sekcije_Administracija_Test -->
    </test> <!-- Default test -->
  </suite> <!-- Default suite -->
</testng-results>
