<?xml version="1.0" encoding="UTF-8"?>
<testng-results ignored="0" total="1" passed="1" failed="0" skipped="0">
  <reporter-output>
  </reporter-output>
  <suite started-at="2022-07-01T09:18:07Z" name="Default suite" finished-at="2022-07-01T09:18:34Z" duration-ms="26845">
    <groups>
    </groups>
    <test started-at="2022-07-01T09:18:07Z" name="Default test" finished-at="2022-07-01T09:18:34Z" duration-ms="26845">
      <class name="com.platformX.tests.PX_014_Brisanje_Umanjenja_Cijene_Test">
        <test-method is-config="true" signature="setUp(java.lang.String)[pri:0, instance:com.platformX.tests.PX_014_Brisanje_Umanjenja_Cijene_Test@6b88ca8c]" started-at="2022-07-01T11:18:07Z" name="setUp" finished-at="2022-07-01T11:18:17Z" duration-ms="9635" status="PASS">
          <params>
            <param index="0">
              <value>
                <![CDATA[chrome]]>
              </value>
            </param>
          </params>
          <reporter-output>
          </reporter-output>
        </test-method> <!-- setUp -->
        <test-method signature="px_014_brisanje_umanjenja_cijene_test()[pri:0, instance:com.platformX.tests.PX_014_Brisanje_Umanjenja_Cijene_Test@6b88ca8c]" started-at="2022-07-01T11:18:17Z" name="px_014_brisanje_umanjenja_cijene_test" finished-at="2022-07-01T11:18:33Z" duration-ms="16381" status="PASS">
          <reporter-output>
          </reporter-output>
        </test-method> <!-- px_014_brisanje_umanjenja_cijene_test -->
        <test-method is-config="true" signature="cleanUp()[pri:0, instance:com.platformX.tests.PX_014_Brisanje_Umanjenja_Cijene_Test@6b88ca8c]" started-at="2022-07-01T11:18:33Z" name="cleanUp" finished-at="2022-07-01T11:18:34Z" duration-ms="815" status="PASS">
          <reporter-output>
          </reporter-output>
        </test-method> <!-- cleanUp -->
      </class> <!-- com.platformX.tests.PX_014_Brisanje_Umanjenja_Cijene_Test -->
    </test> <!-- Default test -->
  </suite> <!-- Default suite -->
</testng-results>
