<?xml version="1.0" encoding="UTF-8"?>
<testng-results skipped="0" failed="0" ignored="0" total="10" passed="10">
  <reporter-output>
  </reporter-output>
  <suite name="Default suite" duration-ms="3130" started-at="2024-01-16T19:31:57Z" finished-at="2024-01-16T19:32:00Z">
    <groups>
    </groups>
    <test name="Default test" duration-ms="3130" started-at="2024-01-16T19:31:57Z" finished-at="2024-01-16T19:32:00Z">
      <class name="com.platformX.api.tests.PXD_005_BasicCatalogs_FieldUnits_Test">
        <test-method status="PASS" signature="pxd_005_01_get_field_unit_test2()[pri:0, instance:com.platformX.api.tests.PXD_005_BasicCatalogs_FieldUnits_Test@2e48362c]" name="pxd_005_01_get_field_unit_test2" duration-ms="683" started-at="2024-01-16T20:31:57Z" description="negative test case: bearer token missing" finished-at="2024-01-16T20:31:58Z">
          <reporter-output>
          </reporter-output>
        </test-method> <!-- pxd_005_01_get_field_unit_test2 -->
        <test-method status="PASS" signature="pxd_005_01_get_field_unit_test3()[pri:0, instance:com.platformX.api.tests.PXD_005_BasicCatalogs_FieldUnits_Test@2e48362c]" name="pxd_005_01_get_field_unit_test3" duration-ms="155" started-at="2024-01-16T20:31:58Z" description="negative test case: wrong bearer token" finished-at="2024-01-16T20:31:58Z">
          <reporter-output>
          </reporter-output>
        </test-method> <!-- pxd_005_01_get_field_unit_test3 -->
        <test-method status="PASS" signature="pxd_005_04_create_field_unit_test1()[pri:0, instance:com.platformX.api.tests.PXD_005_BasicCatalogs_FieldUnits_Test@2e48362c]" name="pxd_005_04_create_field_unit_test1" duration-ms="1045" started-at="2024-01-16T20:31:58Z" description="positive test case: create field unit" finished-at="2024-01-16T20:31:59Z">
          <reporter-output>
          </reporter-output>
        </test-method> <!-- pxd_005_04_create_field_unit_test1 -->
        <test-method status="PASS" signature="pxd_005_01_get_field_unit_test1()[pri:0, instance:com.platformX.api.tests.PXD_005_BasicCatalogs_FieldUnits_Test@2e48362c]" name="pxd_005_01_get_field_unit_test1" duration-ms="186" started-at="2024-01-16T20:31:59Z" description="positive test case: get created field unit" depends-on-methods="com.platformX.api.tests.PXD_005_BasicCatalogs_FieldUnits_Test.pxd_005_04_create_field_unit_test1" finished-at="2024-01-16T20:31:59Z">
          <reporter-output>
          </reporter-output>
        </test-method> <!-- pxd_005_01_get_field_unit_test1 -->
        <test-method status="PASS" signature="pxd_005_01_get_field_unit_test4()[pri:0, instance:com.platformX.api.tests.PXD_005_BasicCatalogs_FieldUnits_Test@2e48362c]" name="pxd_005_01_get_field_unit_test4" duration-ms="145" started-at="2024-01-16T20:31:59Z" description="negative test case: wrong id" depends-on-methods="com.platformX.api.tests.PXD_005_BasicCatalogs_FieldUnits_Test.pxd_005_04_create_field_unit_test1" finished-at="2024-01-16T20:31:59Z">
          <reporter-output>
          </reporter-output>
        </test-method> <!-- pxd_005_01_get_field_unit_test4 -->
        <test-method status="PASS" signature="pxd_005_02_post_field_units_list_test1()[pri:0, instance:com.platformX.api.tests.PXD_005_BasicCatalogs_FieldUnits_Test@2e48362c]" name="pxd_005_02_post_field_units_list_test1" duration-ms="260" started-at="2024-01-16T20:31:59Z" description="positive test case: list" depends-on-methods="com.platformX.api.tests.PXD_005_BasicCatalogs_FieldUnits_Test.pxd_005_04_create_field_unit_test1" finished-at="2024-01-16T20:31:59Z">
          <reporter-output>
          </reporter-output>
        </test-method> <!-- pxd_005_02_post_field_units_list_test1 -->
        <test-method status="PASS" signature="pxd_005_03_get_field_unit_lookup_test1()[pri:0, instance:com.platformX.api.tests.PXD_005_BasicCatalogs_FieldUnits_Test@2e48362c]" name="pxd_005_03_get_field_unit_lookup_test1" duration-ms="180" started-at="2024-01-16T20:31:59Z" description="positive test case" depends-on-methods="com.platformX.api.tests.PXD_005_BasicCatalogs_FieldUnits_Test.pxd_005_04_create_field_unit_test1" finished-at="2024-01-16T20:32:00Z">
          <reporter-output>
          </reporter-output>
        </test-method> <!-- pxd_005_03_get_field_unit_lookup_test1 -->
        <test-method status="PASS" signature="pxd_005_03_get_field_unit_lookup_test2()[pri:0, instance:com.platformX.api.tests.PXD_005_BasicCatalogs_FieldUnits_Test@2e48362c]" name="pxd_005_03_get_field_unit_lookup_test2" duration-ms="195" started-at="2024-01-16T20:32:00Z" description="negative test case: wrong id" depends-on-methods="com.platformX.api.tests.PXD_005_BasicCatalogs_FieldUnits_Test.pxd_005_04_create_field_unit_test1" finished-at="2024-01-16T20:32:00Z">
          <reporter-output>
          </reporter-output>
        </test-method> <!-- pxd_005_03_get_field_unit_lookup_test2 -->
        <test-method status="PASS" signature="pxd_005_05_update_field_unit_test1()[pri:0, instance:com.platformX.api.tests.PXD_005_BasicCatalogs_FieldUnits_Test@2e48362c]" name="pxd_005_05_update_field_unit_test1" duration-ms="114" started-at="2024-01-16T20:32:00Z" description="positive test case: update field unit" depends-on-methods="com.platformX.api.tests.PXD_005_BasicCatalogs_FieldUnits_Test.pxd_005_04_create_field_unit_test1" finished-at="2024-01-16T20:32:00Z">
          <reporter-output>
          </reporter-output>
        </test-method> <!-- pxd_005_05_update_field_unit_test1 -->
        <test-method status="PASS" signature="pxd_005_06_delete_field_unit_test1()[pri:0, instance:com.platformX.api.tests.PXD_005_BasicCatalogs_FieldUnits_Test@2e48362c]" name="pxd_005_06_delete_field_unit_test1" duration-ms="136" started-at="2024-01-16T20:32:00Z" description="positive test case: delete field unit" depends-on-methods="com.platformX.api.tests.PXD_005_BasicCatalogs_FieldUnits_Test.pxd_005_04_create_field_unit_test1" finished-at="2024-01-16T20:32:00Z">
          <reporter-output>
          </reporter-output>
        </test-method> <!-- pxd_005_06_delete_field_unit_test1 -->
      </class> <!-- com.platformX.api.tests.PXD_005_BasicCatalogs_FieldUnits_Test -->
    </test> <!-- Default test -->
  </suite> <!-- Default suite -->
</testng-results>
