<?xml version="1.0" encoding="UTF-8"?>
<testng-results skipped="0" failed="0" ignored="0" total="1" passed="1">
  <reporter-output>
  </reporter-output>
  <suite name="Default suite" duration-ms="19739" started-at="2022-09-29T10:54:00Z" finished-at="2022-09-29T10:54:20Z">
    <groups>
    </groups>
    <test name="Default test" duration-ms="19739" started-at="2022-09-29T10:54:00Z" finished-at="2022-09-29T10:54:20Z">
      <class name="com.platformX.distribution.tests.PX_DIST_008_Verifikacija_Sekcije_Obracunski_Ugovore_Test">
        <test-method status="PASS" signature="setUp(java.lang.String)[pri:0, instance:com.platformX.distribution.tests.PX_DIST_008_Verifikacija_Sekcije_Obracunski_Ugovore_Test@778d1062]" name="setUp" is-config="true" duration-ms="10027" started-at="2022-09-29T12:54:00Z" finished-at="2022-09-29T12:54:10Z">
          <params>
            <param index="0">
              <value>
                <![CDATA[chrome]]>
              </value>
            </param>
          </params>
          <reporter-output>
          </reporter-output>
        </test-method> <!-- setUp -->
        <test-method status="PASS" signature="px_dist_007_verifikacije_sekcije_obracunski_ugovori_test()[pri:0, instance:com.platformX.distribution.tests.PX_DIST_008_Verifikacija_Sekcije_Obracunski_Ugovore_Test@778d1062]" name="px_dist_007_verifikacije_sekcije_obracunski_ugovori_test" duration-ms="9048" started-at="2022-09-29T12:54:10Z" description="test prolazi kroz sve stranice iz sekcije OBRACUNSKI UGOVORI i verifikuje ih" finished-at="2022-09-29T12:54:19Z">
          <reporter-output>
          </reporter-output>
        </test-method> <!-- px_dist_007_verifikacije_sekcije_obracunski_ugovori_test -->
        <test-method status="PASS" signature="cleanUp()[pri:0, instance:com.platformX.distribution.tests.PX_DIST_008_Verifikacija_Sekcije_Obracunski_Ugovore_Test@778d1062]" name="cleanUp" is-config="true" duration-ms="653" started-at="2022-09-29T12:54:19Z" finished-at="2022-09-29T12:54:20Z">
          <reporter-output>
          </reporter-output>
        </test-method> <!-- cleanUp -->
      </class> <!-- com.platformX.distribution.tests.PX_DIST_008_Verifikacija_Sekcije_Obracunski_Ugovore_Test -->
    </test> <!-- Default test -->
  </suite> <!-- Default suite -->
</testng-results>
