<?xml version="1.0" encoding="UTF-8"?>
<testng-results ignored="0" total="1" passed="1" failed="0" skipped="0">
  <reporter-output>
  </reporter-output>
  <suite started-at="2022-10-04T13:02:13Z" name="Default suite" finished-at="2022-10-04T13:03:04Z" duration-ms="51395">
    <groups>
    </groups>
    <test started-at="2022-10-04T13:02:13Z" name="Default test" finished-at="2022-10-04T13:03:04Z" duration-ms="51395">
      <class name="com.platformX.distribution.tests.PX_DIST_003_Verifikacija_Sekcije_Sifarnici_Test">
        <test-method is-config="true" signature="setUp(java.lang.String)[pri:0, instance:com.platformX.distribution.tests.PX_DIST_003_Verifikacija_Sekcije_Sifarnici_Test@336f1079]" started-at="2022-10-04T15:02:13Z" name="setUp" finished-at="2022-10-04T15:02:23Z" duration-ms="10139" status="PASS">
          <params>
            <param index="0">
              <value>
                <![CDATA[chrome]]>
              </value>
            </param>
          </params>
          <reporter-output>
          </reporter-output>
        </test-method> <!-- setUp -->
        <test-method signature="px_dist_003_verifikacije_sekcije_sifarnici_test()[pri:0, instance:com.platformX.distribution.tests.PX_DIST_003_Verifikacija_Sekcije_Sifarnici_Test@336f1079]" started-at="2022-10-04T15:02:23Z" name="px_dist_003_verifikacije_sekcije_sifarnici_test" description="test prolazi kroz sve stranice iz sekcije �IFARNICI i verifikuje ih" finished-at="2022-10-04T15:03:04Z" duration-ms="41014" status="PASS">
          <reporter-output>
          </reporter-output>
        </test-method> <!-- px_dist_003_verifikacije_sekcije_sifarnici_test -->
        <test-method is-config="true" signature="cleanUp()[pri:0, instance:com.platformX.distribution.tests.PX_DIST_003_Verifikacija_Sekcije_Sifarnici_Test@336f1079]" started-at="2022-10-04T15:03:04Z" name="cleanUp" finished-at="2022-10-04T15:03:04Z" duration-ms="202" status="PASS">
          <reporter-output>
          </reporter-output>
        </test-method> <!-- cleanUp -->
      </class> <!-- com.platformX.distribution.tests.PX_DIST_003_Verifikacija_Sekcije_Sifarnici_Test -->
    </test> <!-- Default test -->
  </suite> <!-- Default suite -->
</testng-results>
