<?xml version="1.0" encoding="UTF-8"?>
<testng-results skipped="0" failed="0" ignored="0" total="1" passed="1">
  <reporter-output>
  </reporter-output>
  <suite name="Default suite" duration-ms="18491" started-at="2021-02-03T19:24:53Z" finished-at="2021-02-03T19:25:12Z">
    <groups>
    </groups>
    <test name="Default test" duration-ms="18491" started-at="2021-02-03T19:24:53Z" finished-at="2021-02-03T19:25:12Z">
      <class name="com.platformX.tests.QA_021_Provjera_Validacija_Na_Ugovoru_Test1">
        <test-method status="PASS" signature="setUp(java.lang.String)[pri:0, instance:com.platformX.tests.QA_021_Provjera_Validacija_Na_Ugovoru_Test1@3967e60c]" name="setUp" is-config="true" duration-ms="5349" started-at="2021-02-03T20:24:53Z" finished-at="2021-02-03T20:24:59Z">
          <params>
            <param index="0">
              <value>
                <![CDATA[chrome]]>
              </value>
            </param>
          </params>
          <reporter-output>
          </reporter-output>
        </test-method> <!-- setUp -->
        <test-method status="PASS" signature="qa_021_provjera_validacija_na_ugovoru_test1()[pri:0, instance:com.platformX.tests.QA_021_Provjera_Validacija_Na_Ugovoru_Test1@3967e60c]" name="qa_021_provjera_validacija_na_ugovoru_test1" duration-ms="13129" started-at="2021-02-03T20:24:59Z" finished-at="2021-02-03T20:25:12Z">
          <reporter-output>
          </reporter-output>
        </test-method> <!-- qa_021_provjera_validacija_na_ugovoru_test1 -->
        <test-method status="PASS" signature="cleanUp()[pri:0, instance:com.platformX.tests.QA_021_Provjera_Validacija_Na_Ugovoru_Test1@3967e60c]" name="cleanUp" is-config="true" duration-ms="0" started-at="2021-02-03T20:25:12Z" finished-at="2021-02-03T20:25:12Z">
          <reporter-output>
          </reporter-output>
        </test-method> <!-- cleanUp -->
      </class> <!-- com.platformX.tests.QA_021_Provjera_Validacija_Na_Ugovoru_Test1 -->
    </test> <!-- Default test -->
  </suite> <!-- Default suite -->
</testng-results>
