<?xml version="1.0" encoding="UTF-8"?>
<testng-results skipped="0" failed="0" ignored="0" total="1" passed="1">
  <reporter-output>
  </reporter-output>
  <suite name="Default suite" duration-ms="24827" started-at="2021-06-22T10:51:17Z" finished-at="2021-06-22T10:51:42Z">
    <groups>
    </groups>
    <test name="Default test" duration-ms="24827" started-at="2021-06-22T10:51:17Z" finished-at="2021-06-22T10:51:42Z">
      <class name="com.platformX.tests.QA_007_Verifikacija_Sekcije_Finansije_Test">
        <test-method status="PASS" signature="setUp(java.lang.String)[pri:0, instance:com.platformX.tests.QA_007_Verifikacija_Sekcije_Finansije_Test@3967e60c]" name="setUp" is-config="true" duration-ms="5424" started-at="2021-06-22T12:51:17Z" finished-at="2021-06-22T12:51:22Z">
          <params>
            <param index="0">
              <value>
                <![CDATA[chrome]]>
              </value>
            </param>
          </params>
          <reporter-output>
          </reporter-output>
        </test-method> <!-- setUp -->
        <test-method status="PASS" signature="qa_007_verifikacija_sekcije_finansije_test()[pri:0, instance:com.platformX.tests.QA_007_Verifikacija_Sekcije_Finansije_Test@3967e60c]" name="qa_007_verifikacija_sekcije_finansije_test" duration-ms="19386" started-at="2021-06-22T12:51:22Z" finished-at="2021-06-22T12:51:42Z">
          <reporter-output>
          </reporter-output>
        </test-method> <!-- qa_007_verifikacija_sekcije_finansije_test -->
        <test-method status="PASS" signature="cleanUp()[pri:0, instance:com.platformX.tests.QA_007_Verifikacija_Sekcije_Finansije_Test@3967e60c]" name="cleanUp" is-config="true" duration-ms="0" started-at="2021-06-22T12:51:42Z" finished-at="2021-06-22T12:51:42Z">
          <reporter-output>
          </reporter-output>
        </test-method> <!-- cleanUp -->
      </class> <!-- com.platformX.tests.QA_007_Verifikacija_Sekcije_Finansije_Test -->
    </test> <!-- Default test -->
  </suite> <!-- Default suite -->
</testng-results>
