<?xml version="1.0" encoding="UTF-8"?>
<testng-results skipped="0" failed="0" ignored="0" total="1" passed="1">
  <reporter-output>
  </reporter-output>
  <suite name="Default suite" duration-ms="25333" started-at="2021-08-02T20:07:27Z" finished-at="2021-08-02T20:07:52Z">
    <groups>
    </groups>
    <test name="Default test" duration-ms="25333" started-at="2021-08-02T20:07:27Z" finished-at="2021-08-02T20:07:52Z">
      <class name="com.platformX.tests.QA_060_Brisanje_Umanjenja_Cijene_Test">
        <test-method status="PASS" signature="setUp(java.lang.String)[pri:0, instance:com.platformX.tests.QA_060_Brisanje_Umanjenja_Cijene_Test@3967e60c]" name="setUp" is-config="true" duration-ms="6212" started-at="2021-08-02T22:07:27Z" finished-at="2021-08-02T22:07:33Z">
          <params>
            <param index="0">
              <value>
                <![CDATA[chrome]]>
              </value>
            </param>
          </params>
          <reporter-output>
          </reporter-output>
        </test-method> <!-- setUp -->
        <test-method status="PASS" signature="qa_059_izmjena_umanjenja_cijene_test()[pri:0, instance:com.platformX.tests.QA_060_Brisanje_Umanjenja_Cijene_Test@3967e60c]" name="qa_059_izmjena_umanjenja_cijene_test" duration-ms="19099" started-at="2021-08-02T22:07:33Z" finished-at="2021-08-02T22:07:52Z">
          <reporter-output>
          </reporter-output>
        </test-method> <!-- qa_059_izmjena_umanjenja_cijene_test -->
        <test-method status="PASS" signature="cleanUp()[pri:0, instance:com.platformX.tests.QA_060_Brisanje_Umanjenja_Cijene_Test@3967e60c]" name="cleanUp" is-config="true" duration-ms="0" started-at="2021-08-02T22:07:52Z" finished-at="2021-08-02T22:07:52Z">
          <reporter-output>
          </reporter-output>
        </test-method> <!-- cleanUp -->
      </class> <!-- com.platformX.tests.QA_060_Brisanje_Umanjenja_Cijene_Test -->
    </test> <!-- Default test -->
  </suite> <!-- Default suite -->
</testng-results>
