<?xml version="1.0" encoding="UTF-8"?>
<testng-results skipped="0" failed="0" ignored="0" total="1" passed="1">
  <reporter-output>
  </reporter-output>
  <suite name="Default suite" duration-ms="97400" started-at="2021-03-01T08:48:15Z" finished-at="2021-03-01T08:49:52Z">
    <groups>
    </groups>
    <test name="Default test" duration-ms="97400" started-at="2021-03-01T08:48:15Z" finished-at="2021-03-01T08:49:52Z">
      <class name="com.platformX.tests.QA_033_Neuspjesna_Deaktivacija_Ugovora_Test">
        <test-method status="PASS" signature="setUp(java.lang.String)[pri:0, instance:com.platformX.tests.QA_033_Neuspjesna_Deaktivacija_Ugovora_Test@3967e60c]" name="setUp" is-config="true" duration-ms="5434" started-at="2021-03-01T09:48:15Z" finished-at="2021-03-01T09:48:20Z">
          <params>
            <param index="0">
              <value>
                <![CDATA[chrome]]>
              </value>
            </param>
          </params>
          <reporter-output>
          </reporter-output>
        </test-method> <!-- setUp -->
        <test-method status="PASS" signature="qa_033_neuspjesna_deaktivacija_ugovora_test()[pri:0, instance:com.platformX.tests.QA_033_Neuspjesna_Deaktivacija_Ugovora_Test@3967e60c]" name="qa_033_neuspjesna_deaktivacija_ugovora_test" duration-ms="91950" started-at="2021-03-01T09:48:20Z" finished-at="2021-03-01T09:49:52Z">
          <reporter-output>
          </reporter-output>
        </test-method> <!-- qa_033_neuspjesna_deaktivacija_ugovora_test -->
        <test-method status="PASS" signature="cleanUp()[pri:0, instance:com.platformX.tests.QA_033_Neuspjesna_Deaktivacija_Ugovora_Test@3967e60c]" name="cleanUp" is-config="true" duration-ms="0" started-at="2021-03-01T09:49:52Z" finished-at="2021-03-01T09:49:52Z">
          <reporter-output>
          </reporter-output>
        </test-method> <!-- cleanUp -->
      </class> <!-- com.platformX.tests.QA_033_Neuspjesna_Deaktivacija_Ugovora_Test -->
    </test> <!-- Default test -->
  </suite> <!-- Default suite -->
</testng-results>
