<?xml version="1.0" encoding="UTF-8"?>
<testng-results skipped="0" failed="0" ignored="0" total="1" passed="1">
  <reporter-output>
  </reporter-output>
  <suite name="Default suite" duration-ms="20805" started-at="2022-05-06T08:40:22Z" finished-at="2022-05-06T08:40:43Z">
    <groups>
    </groups>
    <test name="Default test" duration-ms="20805" started-at="2022-05-06T08:40:22Z" finished-at="2022-05-06T08:40:43Z">
      <class name="com.platformX.distribution.tests.PX_DIST_Brisanje_Ulice_Test">
        <test-method status="PASS" signature="setUp(java.lang.String)[pri:0, instance:com.platformX.distribution.tests.PX_DIST_Brisanje_Ulice_Test@3967e60c]" name="setUp" is-config="true" duration-ms="5361" started-at="2022-05-06T10:40:22Z" finished-at="2022-05-06T10:40:27Z">
          <params>
            <param index="0">
              <value>
                <![CDATA[chrome]]>
              </value>
            </param>
          </params>
          <reporter-output>
          </reporter-output>
        </test-method> <!-- setUp -->
        <test-method status="PASS" signature="px_dist_brisanje_ulice_test()[pri:0, instance:com.platformX.distribution.tests.PX_DIST_Brisanje_Ulice_Test@3967e60c]" name="px_dist_brisanje_ulice_test" duration-ms="14728" started-at="2022-05-06T10:40:27Z" finished-at="2022-05-06T10:40:42Z">
          <reporter-output>
          </reporter-output>
        </test-method> <!-- px_dist_brisanje_ulice_test -->
        <test-method status="PASS" signature="cleanUp()[pri:0, instance:com.platformX.distribution.tests.PX_DIST_Brisanje_Ulice_Test@3967e60c]" name="cleanUp" is-config="true" duration-ms="705" started-at="2022-05-06T10:40:42Z" finished-at="2022-05-06T10:40:43Z">
          <reporter-output>
          </reporter-output>
        </test-method> <!-- cleanUp -->
      </class> <!-- com.platformX.distribution.tests.PX_DIST_Brisanje_Ulice_Test -->
    </test> <!-- Default test -->
  </suite> <!-- Default suite -->
</testng-results>
