<?xml version="1.0" encoding="UTF-8"?>
<testng-results ignored="0" total="1" passed="1" failed="0" skipped="0">
  <reporter-output>
  </reporter-output>
  <suite started-at="2022-09-30T07:01:31Z" name="Default suite" finished-at="2022-09-30T07:01:47Z" duration-ms="15535">
    <groups>
    </groups>
    <test started-at="2022-09-30T07:01:31Z" name="Default test" finished-at="2022-09-30T07:01:47Z" duration-ms="15535">
      <class name="com.platformX.distribution.tests.PX_DIST_011_Verifikacija_Sekcije_Administracija_Test">
        <test-method is-config="true" signature="setUp(java.lang.String)[pri:0, instance:com.platformX.distribution.tests.PX_DIST_011_Verifikacija_Sekcije_Administracija_Test@336f1079]" started-at="2022-09-30T09:01:31Z" name="setUp" finished-at="2022-09-30T09:01:40Z" duration-ms="9209" status="PASS">
          <params>
            <param index="0">
              <value>
                <![CDATA[chrome]]>
              </value>
            </param>
          </params>
          <reporter-output>
          </reporter-output>
        </test-method> <!-- setUp -->
        <test-method signature="px_dist_010_verifikacija_sekcija_obracun_test()[pri:0, instance:com.platformX.distribution.tests.PX_DIST_011_Verifikacija_Sekcije_Administracija_Test@336f1079]" started-at="2022-09-30T09:01:40Z" name="px_dist_010_verifikacija_sekcija_obracun_test" description="test prolazi kroz sve stranice iz sekcije ADMINISTRACIJA i verifikuje ih" finished-at="2022-09-30T09:01:46Z" duration-ms="6162" status="PASS">
          <reporter-output>
          </reporter-output>
        </test-method> <!-- px_dist_010_verifikacija_sekcija_obracun_test -->
        <test-method is-config="true" signature="cleanUp()[pri:0, instance:com.platformX.distribution.tests.PX_DIST_011_Verifikacija_Sekcije_Administracija_Test@336f1079]" started-at="2022-09-30T09:01:46Z" name="cleanUp" finished-at="2022-09-30T09:01:47Z" duration-ms="149" status="PASS">
          <reporter-output>
          </reporter-output>
        </test-method> <!-- cleanUp -->
      </class> <!-- com.platformX.distribution.tests.PX_DIST_011_Verifikacija_Sekcije_Administracija_Test -->
    </test> <!-- Default test -->
  </suite> <!-- Default suite -->
</testng-results>
