<?xml version="1.0" encoding="UTF-8"?>
<testng-results ignored="0" total="1" passed="1" failed="0" skipped="0">
  <reporter-output>
  </reporter-output>
  <suite started-at="2022-09-29T07:13:48Z" name="Default suite" finished-at="2022-09-29T07:14:25Z" duration-ms="37607">
    <groups>
    </groups>
    <test started-at="2022-09-29T07:13:48Z" name="Default test" finished-at="2022-09-29T07:14:25Z" duration-ms="37607">
      <class name="com.platformX.distribution.tests.PX_DIST_008_Verifikacija_Sekcije_Ocitanja_Test">
        <test-method is-config="true" signature="setUp(java.lang.String)[pri:0, instance:com.platformX.distribution.tests.PX_DIST_008_Verifikacija_Sekcije_Ocitanja_Test@336f1079]" started-at="2022-09-29T09:13:48Z" name="setUp" finished-at="2022-09-29T09:13:57Z" duration-ms="9201" status="PASS">
          <params>
            <param index="0">
              <value>
                <![CDATA[chrome]]>
              </value>
            </param>
          </params>
          <reporter-output>
          </reporter-output>
        </test-method> <!-- setUp -->
        <test-method signature="px_dist_008_verifikacija_sekcija_ocitanja_test()[pri:0, instance:com.platformX.distribution.tests.PX_DIST_008_Verifikacija_Sekcije_Ocitanja_Test@336f1079]" started-at="2022-09-29T09:13:57Z" name="px_dist_008_verifikacija_sekcija_ocitanja_test" description="test prolazi kroz sve stranice iz sekcije OCITANJA i verifikuje ih" finished-at="2022-09-29T09:14:25Z" duration-ms="28221" status="PASS">
          <reporter-output>
          </reporter-output>
        </test-method> <!-- px_dist_008_verifikacija_sekcija_ocitanja_test -->
        <test-method is-config="true" signature="cleanUp()[pri:0, instance:com.platformX.distribution.tests.PX_DIST_008_Verifikacija_Sekcije_Ocitanja_Test@336f1079]" started-at="2022-09-29T09:14:25Z" name="cleanUp" finished-at="2022-09-29T09:14:25Z" duration-ms="169" status="PASS">
          <reporter-output>
          </reporter-output>
        </test-method> <!-- cleanUp -->
      </class> <!-- com.platformX.distribution.tests.PX_DIST_008_Verifikacija_Sekcije_Ocitanja_Test -->
    </test> <!-- Default test -->
  </suite> <!-- Default suite -->
</testng-results>
