<?xml version="1.0" encoding="UTF-8"?>
<testng-results ignored="0" total="1" passed="1" failed="0" skipped="0">
  <reporter-output>
  </reporter-output>
  <suite started-at="2022-11-07T13:12:23Z" name="Default suite" finished-at="2022-11-07T13:13:03Z" duration-ms="39844">
    <groups>
    </groups>
    <test started-at="2022-11-07T13:12:23Z" name="Default test" finished-at="2022-11-07T13:13:03Z" duration-ms="39844">
      <class name="com.platformX.distribution.tests.PX_DIST_Uredjivanje_Zbirnog_Kontrolnog_Mjernog_Mjesta_Test">
        <test-method is-config="true" signature="setUp(java.lang.String)[pri:0, instance:com.platformX.distribution.tests.PX_DIST_Uredjivanje_Zbirnog_Kontrolnog_Mjernog_Mjesta_Test@1a20270e]" started-at="2022-11-07T14:12:23Z" name="setUp" finished-at="2022-11-07T14:12:33Z" duration-ms="9443" status="PASS">
          <params>
            <param index="0">
              <value>
                <![CDATA[chrome]]>
              </value>
            </param>
          </params>
          <reporter-output>
          </reporter-output>
        </test-method> <!-- setUp -->
        <test-method signature="px_dist_uredjivanje_zbirnog_kontrolnog_mjernog_mjesta_test()[pri:0, instance:com.platformX.distribution.tests.PX_DIST_Uredjivanje_Zbirnog_Kontrolnog_Mjernog_Mjesta_Test@1a20270e]" started-at="2022-11-07T14:12:33Z" name="px_dist_uredjivanje_zbirnog_kontrolnog_mjernog_mjesta_test" finished-at="2022-11-07T14:13:03Z" duration-ms="30127" status="PASS">
          <reporter-output>
          </reporter-output>
        </test-method> <!-- px_dist_uredjivanje_zbirnog_kontrolnog_mjernog_mjesta_test -->
        <test-method is-config="true" signature="cleanUp()[pri:0, instance:com.platformX.distribution.tests.PX_DIST_Uredjivanje_Zbirnog_Kontrolnog_Mjernog_Mjesta_Test@1a20270e]" started-at="2022-11-07T14:13:03Z" name="cleanUp" finished-at="2022-11-07T14:13:03Z" duration-ms="256" status="PASS">
          <reporter-output>
          </reporter-output>
        </test-method> <!-- cleanUp -->
      </class> <!-- com.platformX.distribution.tests.PX_DIST_Uredjivanje_Zbirnog_Kontrolnog_Mjernog_Mjesta_Test -->
    </test> <!-- Default test -->
  </suite> <!-- Default suite -->
</testng-results>
