<?xml version="1.0" encoding="UTF-8"?>
<testng-results skipped="0" failed="0" ignored="0" total="1" passed="1">
  <reporter-output>
  </reporter-output>
  <suite name="Default suite" duration-ms="49674" started-at="2021-06-03T07:35:37Z" finished-at="2021-06-03T07:36:27Z">
    <groups>
    </groups>
    <test name="Default test" duration-ms="49674" started-at="2021-06-03T07:35:37Z" finished-at="2021-06-03T07:36:27Z">
      <class name="com.platformX.tests.QA_036_Neuspjesno_Ukljucivanje_Ugovora_Test">
        <test-method status="PASS" signature="setUp(java.lang.String)[pri:0, instance:com.platformX.tests.QA_036_Neuspjesno_Ukljucivanje_Ugovora_Test@3967e60c]" name="setUp" is-config="true" duration-ms="5354" started-at="2021-06-03T09:35:37Z" finished-at="2021-06-03T09:35:43Z">
          <params>
            <param index="0">
              <value>
                <![CDATA[chrome]]>
              </value>
            </param>
          </params>
          <reporter-output>
          </reporter-output>
        </test-method> <!-- setUp -->
        <test-method status="PASS" signature="qa_036_neuspjesno_ukljucivanje_ugovora_test()[pri:0, instance:com.platformX.tests.QA_036_Neuspjesno_Ukljucivanje_Ugovora_Test@3967e60c]" name="qa_036_neuspjesno_ukljucivanje_ugovora_test" duration-ms="44306" started-at="2021-06-03T09:35:43Z" finished-at="2021-06-03T09:36:27Z">
          <reporter-output>
          </reporter-output>
        </test-method> <!-- qa_036_neuspjesno_ukljucivanje_ugovora_test -->
        <test-method status="PASS" signature="cleanUp()[pri:0, instance:com.platformX.tests.QA_036_Neuspjesno_Ukljucivanje_Ugovora_Test@3967e60c]" name="cleanUp" is-config="true" duration-ms="0" started-at="2021-06-03T09:36:27Z" finished-at="2021-06-03T09:36:27Z">
          <reporter-output>
          </reporter-output>
        </test-method> <!-- cleanUp -->
      </class> <!-- com.platformX.tests.QA_036_Neuspjesno_Ukljucivanje_Ugovora_Test -->
    </test> <!-- Default test -->
  </suite> <!-- Default suite -->
</testng-results>
