<?xml version="1.0" encoding="UTF-8"?>
<testng-results skipped="0" failed="0" ignored="0" total="1" passed="1">
  <reporter-output>
  </reporter-output>
  <suite name="Default suite" duration-ms="24910" started-at="2021-08-23T20:37:33Z" finished-at="2021-08-23T20:37:58Z">
    <groups>
    </groups>
    <test name="Default test" duration-ms="24910" started-at="2021-08-23T20:37:33Z" finished-at="2021-08-23T20:37:58Z">
      <class name="com.platformX.tests.QA_003_Verifikacija_Sekcije_Tarifni_Sistem_Test">
        <test-method status="PASS" signature="setUp(java.lang.String)[pri:0, instance:com.platformX.tests.QA_003_Verifikacija_Sekcije_Tarifni_Sistem_Test@3967e60c]" name="setUp" is-config="true" duration-ms="5524" started-at="2021-08-23T22:37:33Z" finished-at="2021-08-23T22:37:39Z">
          <params>
            <param index="0">
              <value>
                <![CDATA[chrome]]>
              </value>
            </param>
          </params>
          <reporter-output>
          </reporter-output>
        </test-method> <!-- setUp -->
        <test-method status="PASS" signature="qa_003_verifikacije_sekcije_tarifni_sistem_test()[pri:0, instance:com.platformX.tests.QA_003_Verifikacija_Sekcije_Tarifni_Sistem_Test@3967e60c]" name="qa_003_verifikacije_sekcije_tarifni_sistem_test" duration-ms="18678" started-at="2021-08-23T22:37:39Z" finished-at="2021-08-23T22:37:58Z">
          <reporter-output>
          </reporter-output>
        </test-method> <!-- qa_003_verifikacije_sekcije_tarifni_sistem_test -->
        <test-method status="PASS" signature="cleanUp()[pri:0, instance:com.platformX.tests.QA_003_Verifikacija_Sekcije_Tarifni_Sistem_Test@3967e60c]" name="cleanUp" is-config="true" duration-ms="680" started-at="2021-08-23T22:37:58Z" finished-at="2021-08-23T22:37:58Z">
          <reporter-output>
          </reporter-output>
        </test-method> <!-- cleanUp -->
      </class> <!-- com.platformX.tests.QA_003_Verifikacija_Sekcije_Tarifni_Sistem_Test -->
    </test> <!-- Default test -->
  </suite> <!-- Default suite -->
</testng-results>
