<?xml version="1.0" encoding="UTF-8"?>
<testng-results skipped="0" failed="0" ignored="0" total="1" passed="1">
  <reporter-output>
  </reporter-output>
  <suite name="Default suite" duration-ms="66670" started-at="2022-11-04T08:05:13Z" finished-at="2022-11-04T08:06:19Z">
    <groups>
    </groups>
    <test name="Default test" duration-ms="66670" started-at="2022-11-04T08:05:13Z" finished-at="2022-11-04T08:06:19Z">
      <class name="com.platformX.distribution.tests.PX_DIST_Uredjivanje_Obracunskog_Ugovora_PxD_Test">
        <test-method status="PASS" signature="setUp(java.lang.String)[pri:0, instance:com.platformX.distribution.tests.PX_DIST_Uredjivanje_Obracunskog_Ugovora_PxD_Test@56528192]" name="setUp" is-config="true" duration-ms="10007" started-at="2022-11-04T09:05:13Z" finished-at="2022-11-04T09:05:23Z">
          <params>
            <param index="0">
              <value>
                <![CDATA[chrome]]>
              </value>
            </param>
          </params>
          <reporter-output>
          </reporter-output>
        </test-method> <!-- setUp -->
        <test-method status="PASS" signature="px_dist_uredjivanje_obracunskog_ugovora_pxd_test()[pri:0, instance:com.platformX.distribution.tests.PX_DIST_Uredjivanje_Obracunskog_Ugovora_PxD_Test@56528192]" name="px_dist_uredjivanje_obracunskog_ugovora_pxd_test" duration-ms="56034" started-at="2022-11-04T09:05:23Z" finished-at="2022-11-04T09:06:19Z">
          <reporter-output>
          </reporter-output>
        </test-method> <!-- px_dist_uredjivanje_obracunskog_ugovora_pxd_test -->
        <test-method status="PASS" signature="cleanUp()[pri:0, instance:com.platformX.distribution.tests.PX_DIST_Uredjivanje_Obracunskog_Ugovora_PxD_Test@56528192]" name="cleanUp" is-config="true" duration-ms="616" started-at="2022-11-04T09:06:19Z" finished-at="2022-11-04T09:06:19Z">
          <reporter-output>
          </reporter-output>
        </test-method> <!-- cleanUp -->
      </class> <!-- com.platformX.distribution.tests.PX_DIST_Uredjivanje_Obracunskog_Ugovora_PxD_Test -->
    </test> <!-- Default test -->
  </suite> <!-- Default suite -->
</testng-results>
