<?xml version="1.0" encoding="UTF-8"?>
<testng-results skipped="0" failed="0" ignored="0" total="1" passed="1">
  <reporter-output>
  </reporter-output>
  <suite name="Default suite" duration-ms="27504" started-at="2022-09-27T19:47:49Z" finished-at="2022-09-27T19:48:17Z">
    <groups>
    </groups>
    <test name="Default test" duration-ms="27504" started-at="2022-09-27T19:47:49Z" finished-at="2022-09-27T19:48:17Z">
      <class name="com.platformX.distribution.tests.PX_DIST_007_Verifikacija_Sekcije_Brojila_Test">
        <test-method status="PASS" signature="setUp(java.lang.String)[pri:0, instance:com.platformX.distribution.tests.PX_DIST_007_Verifikacija_Sekcije_Brojila_Test@3967e60c]" name="setUp" is-config="true" duration-ms="5343" started-at="2022-09-27T21:47:49Z" finished-at="2022-09-27T21:47:55Z">
          <params>
            <param index="0">
              <value>
                <![CDATA[chrome]]>
              </value>
            </param>
          </params>
          <reporter-output>
          </reporter-output>
        </test-method> <!-- setUp -->
        <test-method status="PASS" signature="px_dist_007_verifikacije_sekcije_brojila_test()[pri:0, instance:com.platformX.distribution.tests.PX_DIST_007_Verifikacija_Sekcije_Brojila_Test@3967e60c]" name="px_dist_007_verifikacije_sekcije_brojila_test" duration-ms="22137" started-at="2022-09-27T21:47:55Z" description="test prolazi kroz sve stranice iz sekcije BROJILA i verifikuje ih" finished-at="2022-09-27T21:48:17Z">
          <reporter-output>
          </reporter-output>
        </test-method> <!-- px_dist_007_verifikacije_sekcije_brojila_test -->
        <test-method status="PASS" signature="cleanUp()[pri:0, instance:com.platformX.distribution.tests.PX_DIST_007_Verifikacija_Sekcije_Brojila_Test@3967e60c]" name="cleanUp" is-config="true" duration-ms="6" started-at="2022-09-27T21:48:17Z" finished-at="2022-09-27T21:48:17Z">
          <reporter-output>
          </reporter-output>
        </test-method> <!-- cleanUp -->
      </class> <!-- com.platformX.distribution.tests.PX_DIST_007_Verifikacija_Sekcije_Brojila_Test -->
    </test> <!-- Default test -->
  </suite> <!-- Default suite -->
</testng-results>
