<?xml version="1.0" encoding="UTF-8"?>
<testng-results skipped="0" failed="0" ignored="1" total="3" passed="2">
  <reporter-output>
  </reporter-output>
  <suite name="Default suite" duration-ms="84258" started-at="2023-06-12T19:34:14Z" finished-at="2023-06-12T19:35:38Z">
    <groups>
    </groups>
    <test name="Default test" duration-ms="84258" started-at="2023-06-12T19:34:14Z" finished-at="2023-06-12T19:35:38Z">
      <class name="com.platformX.tests.PX_005_Radne_Jedinice_CRUD_Test">
        <test-method status="PASS" signature="setUp(java.lang.String)[pri:0, instance:com.platformX.tests.PX_005_Radne_Jedinice_CRUD_Test@7f552bd3]" name="setUp" is-config="true" duration-ms="5431" started-at="2023-06-12T21:34:14Z" finished-at="2023-06-12T21:34:19Z">
          <params>
            <param index="0">
              <value>
                <![CDATA[chrome]]>
              </value>
            </param>
          </params>
          <reporter-output>
          </reporter-output>
        </test-method> <!-- setUp -->
        <test-method status="PASS" signature="px_005_1_dodavanje_radne_jedinice_test()[pri:0, instance:com.platformX.tests.PX_005_Radne_Jedinice_CRUD_Test@7f552bd3]" name="px_005_1_dodavanje_radne_jedinice_test" duration-ms="18239" started-at="2023-06-12T21:34:19Z" finished-at="2023-06-12T21:34:38Z">
          <reporter-output>
          </reporter-output>
        </test-method> <!-- px_005_1_dodavanje_radne_jedinice_test -->
        <test-method status="PASS" signature="cleanUp()[pri:0, instance:com.platformX.tests.PX_005_Radne_Jedinice_CRUD_Test@7f552bd3]" name="cleanUp" is-config="true" duration-ms="668" started-at="2023-06-12T21:34:38Z" finished-at="2023-06-12T21:34:38Z">
          <reporter-output>
          </reporter-output>
        </test-method> <!-- cleanUp -->
        <test-method status="PASS" signature="setUp(java.lang.String)[pri:0, instance:com.platformX.tests.PX_005_Radne_Jedinice_CRUD_Test@7f552bd3]" name="setUp" is-config="true" duration-ms="5164" started-at="2023-06-12T21:34:38Z" finished-at="2023-06-12T21:34:43Z">
          <params>
            <param index="0">
              <value>
                <![CDATA[chrome]]>
              </value>
            </param>
          </params>
          <reporter-output>
          </reporter-output>
        </test-method> <!-- setUp -->
        <test-method status="PASS" signature="px_005_2_uredjivanje_radne_jedinice_test()[pri:0, instance:com.platformX.tests.PX_005_Radne_Jedinice_CRUD_Test@7f552bd3]" name="px_005_2_uredjivanje_radne_jedinice_test" duration-ms="54067" started-at="2023-06-12T21:34:43Z" depends-on-methods="com.platformX.tests.PX_005_Radne_Jedinice_CRUD_Test.px_005_1_dodavanje_radne_jedinice_test" finished-at="2023-06-12T21:35:38Z">
          <reporter-output>
          </reporter-output>
        </test-method> <!-- px_005_2_uredjivanje_radne_jedinice_test -->
        <test-method status="PASS" signature="cleanUp()[pri:0, instance:com.platformX.tests.PX_005_Radne_Jedinice_CRUD_Test@7f552bd3]" name="cleanUp" is-config="true" duration-ms="669" started-at="2023-06-12T21:35:38Z" finished-at="2023-06-12T21:35:38Z">
          <reporter-output>
          </reporter-output>
        </test-method> <!-- cleanUp -->
      </class> <!-- com.platformX.tests.PX_005_Radne_Jedinice_CRUD_Test -->
    </test> <!-- Default test -->
  </suite> <!-- Default suite -->
</testng-results>
