<?xml version="1.0" encoding="UTF-8"?>
<testng-results skipped="0" failed="0" ignored="0" total="3" passed="3">
  <reporter-output>
  </reporter-output>
  <suite name="Default suite" duration-ms="1957" started-at="2024-04-08T20:04:18Z" finished-at="2024-04-08T20:04:20Z">
    <groups>
    </groups>
    <test name="Default test" duration-ms="1957" started-at="2024-04-08T20:04:18Z" finished-at="2024-04-08T20:04:20Z">
      <class name="com.platformX.api.tests.PXD_016_BasicCatalogs_MeterReadingImportTypes_Test">
        <test-method status="PASS" signature="pxd_015_01_get_basic_catalogs_meter_reading_import_types_test2()[pri:0, instance:com.platformX.api.tests.PXD_016_BasicCatalogs_MeterReadingImportTypes_Test@481ba2cf]" name="pxd_015_01_get_basic_catalogs_meter_reading_import_types_test2" duration-ms="1171" started-at="2024-04-08T22:04:18Z" description="negative test case: bearer token missing" finished-at="2024-04-08T22:04:19Z">
          <reporter-output>
          </reporter-output>
        </test-method> <!-- pxd_015_01_get_basic_catalogs_meter_reading_import_types_test2 -->
        <test-method status="PASS" signature="pxd_015_01_get_basic_catalogs_meter_reading_import_types_test3()[pri:0, instance:com.platformX.api.tests.PXD_016_BasicCatalogs_MeterReadingImportTypes_Test@481ba2cf]" name="pxd_015_01_get_basic_catalogs_meter_reading_import_types_test3" duration-ms="354" started-at="2024-04-08T22:04:19Z" description="negative test case: wrong bearer token" finished-at="2024-04-08T22:04:19Z">
          <reporter-output>
          </reporter-output>
        </test-method> <!-- pxd_015_01_get_basic_catalogs_meter_reading_import_types_test3 -->
        <test-method status="PASS" signature="pxd_016_01_get_basic_catalogs_meter_reading_import_types_test1()[pri:0, instance:com.platformX.api.tests.PXD_016_BasicCatalogs_MeterReadingImportTypes_Test@481ba2cf]" name="pxd_016_01_get_basic_catalogs_meter_reading_import_types_test1" duration-ms="418" started-at="2024-04-08T22:04:19Z" description="positive test case" finished-at="2024-04-08T22:04:20Z">
          <reporter-output>
          </reporter-output>
        </test-method> <!-- pxd_016_01_get_basic_catalogs_meter_reading_import_types_test1 -->
      </class> <!-- com.platformX.api.tests.PXD_016_BasicCatalogs_MeterReadingImportTypes_Test -->
    </test> <!-- Default test -->
  </suite> <!-- Default suite -->
</testng-results>
