<?xml version="1.0" encoding="UTF-8"?>
<testng-results skipped="0" failed="0" ignored="0" total="1" passed="1">
  <reporter-output>
  </reporter-output>
  <suite name="Default suite" duration-ms="30603" started-at="2021-03-17T13:55:50Z" finished-at="2021-03-17T13:56:21Z">
    <groups>
    </groups>
    <test name="Default test" duration-ms="30603" started-at="2021-03-17T13:55:50Z" finished-at="2021-03-17T13:56:21Z">
      <class name="com.platformX.tests.QA_006_Verifikacija_Sekcije_Obracun_Test">
        <test-method status="PASS" signature="setUp(java.lang.String)[pri:0, instance:com.platformX.tests.QA_006_Verifikacija_Sekcije_Obracun_Test@3967e60c]" name="setUp" is-config="true" duration-ms="5365" started-at="2021-03-17T14:55:50Z" finished-at="2021-03-17T14:55:55Z">
          <params>
            <param index="0">
              <value>
                <![CDATA[chrome]]>
              </value>
            </param>
          </params>
          <reporter-output>
          </reporter-output>
        </test-method> <!-- setUp -->
        <test-method status="PASS" signature="qa_006_verifikacija_sekcije_obracun_test()[pri:0, instance:com.platformX.tests.QA_006_Verifikacija_Sekcije_Obracun_Test@3967e60c]" name="qa_006_verifikacija_sekcije_obracun_test" duration-ms="25221" started-at="2021-03-17T14:55:55Z" finished-at="2021-03-17T14:56:21Z">
          <reporter-output>
          </reporter-output>
        </test-method> <!-- qa_006_verifikacija_sekcije_obracun_test -->
        <test-method status="PASS" signature="cleanUp()[pri:0, instance:com.platformX.tests.QA_006_Verifikacija_Sekcije_Obracun_Test@3967e60c]" name="cleanUp" is-config="true" duration-ms="0" started-at="2021-03-17T14:56:21Z" finished-at="2021-03-17T14:56:21Z">
          <reporter-output>
          </reporter-output>
        </test-method> <!-- cleanUp -->
      </class> <!-- com.platformX.tests.QA_006_Verifikacija_Sekcije_Obracun_Test -->
    </test> <!-- Default test -->
  </suite> <!-- Default suite -->
</testng-results>
