<?xml version="1.0" encoding="UTF-8"?>
<testng-results ignored="0" total="1" passed="1" failed="0" skipped="0">
  <reporter-output>
  </reporter-output>
  <suite started-at="2022-09-26T09:45:08Z" name="Default suite" finished-at="2022-09-26T09:45:32Z" duration-ms="23540">
    <groups>
    </groups>
    <test started-at="2022-09-26T09:45:08Z" name="Default test" finished-at="2022-09-26T09:45:32Z" duration-ms="23540">
      <class name="com.platformX.distribution.tests.PX_DIST_Verifikacija_Sekcije_Brojila_Test">
        <test-method signature="px_dist_verifikacije_sekcije_brojila_test()[pri:0, instance:com.platformX.distribution.tests.PX_DIST_Verifikacija_Sekcije_Brojila_Test@3ad2e17]" started-at="2022-09-26T11:45:08Z" name="px_dist_verifikacije_sekcije_brojila_test" description="test prolazi kroz sve stranice iz sekcije BROJILA i verifikuje ih" finished-at="2022-09-26T11:45:32Z" duration-ms="23377" status="PASS">
          <reporter-output>
          </reporter-output>
        </test-method> <!-- px_dist_verifikacije_sekcije_brojila_test -->
        <test-method is-config="true" signature="terminateBrowser()[pri:0, instance:com.platformX.distribution.tests.PX_DIST_Verifikacija_Sekcije_Brojila_Test@3ad2e17]" started-at="2022-09-26T11:45:32Z" name="terminateBrowser" finished-at="2022-09-26T11:45:32Z" duration-ms="148" status="PASS">
          <reporter-output>
          </reporter-output>
        </test-method> <!-- terminateBrowser -->
      </class> <!-- com.platformX.distribution.tests.PX_DIST_Verifikacija_Sekcije_Brojila_Test -->
    </test> <!-- Default test -->
  </suite> <!-- Default suite -->
</testng-results>
