<?xml version="1.0" encoding="UTF-8"?>
<testng-results skipped="0" failed="0" ignored="0" total="1" passed="1">
  <reporter-output>
  </reporter-output>
  <suite name="Default suite" duration-ms="60138" started-at="2021-06-06T08:10:50Z" finished-at="2021-06-06T08:11:50Z">
    <groups>
    </groups>
    <test name="Default test" duration-ms="60138" started-at="2021-06-06T08:10:50Z" finished-at="2021-06-06T08:11:50Z">
      <class name="com.platformX.tests.QA_034_Odbacivanje_Ugovora_Test">
        <test-method status="PASS" signature="setUp(java.lang.String)[pri:0, instance:com.platformX.tests.QA_034_Odbacivanje_Ugovora_Test@3967e60c]" name="setUp" is-config="true" duration-ms="5478" started-at="2021-06-06T10:10:50Z" finished-at="2021-06-06T10:10:55Z">
          <params>
            <param index="0">
              <value>
                <![CDATA[chrome]]>
              </value>
            </param>
          </params>
          <reporter-output>
          </reporter-output>
        </test-method> <!-- setUp -->
        <test-method status="PASS" signature="qa_034_odbacivanje_ugovora_test()[pri:0, instance:com.platformX.tests.QA_034_Odbacivanje_Ugovora_Test@3967e60c]" name="qa_034_odbacivanje_ugovora_test" duration-ms="54632" started-at="2021-06-06T10:10:55Z" finished-at="2021-06-06T10:11:50Z">
          <reporter-output>
          </reporter-output>
        </test-method> <!-- qa_034_odbacivanje_ugovora_test -->
        <test-method status="PASS" signature="cleanUp()[pri:0, instance:com.platformX.tests.QA_034_Odbacivanje_Ugovora_Test@3967e60c]" name="cleanUp" is-config="true" duration-ms="0" started-at="2021-06-06T10:11:50Z" finished-at="2021-06-06T10:11:50Z">
          <reporter-output>
          </reporter-output>
        </test-method> <!-- cleanUp -->
      </class> <!-- com.platformX.tests.QA_034_Odbacivanje_Ugovora_Test -->
    </test> <!-- Default test -->
  </suite> <!-- Default suite -->
</testng-results>
