<?xml version="1.0" encoding="UTF-8"?>
<testng-results skipped="0" failed="2" ignored="0" total="10" passed="8">
  <reporter-output>
  </reporter-output>
  <suite name="Default suite" duration-ms="76951" started-at="2024-01-07T22:45:25Z" finished-at="2024-01-07T22:46:42Z">
    <groups>
      <group name="Pronadji Poruku">
        <method signature="PXD_000_Prepare_And_Read_Data_Tests.pxd_003_01_get_administration_message_test1()[pri:0, instance:com.platformX.api.tests.PXD_000_Prepare_And_Read_Data_Tests@479460a6]" name="pxd_003_01_get_administration_message_test1" class="com.platformX.api.tests.PXD_000_Prepare_And_Read_Data_Tests"/>
      </group> <!-- Pronadji Poruku -->
      <group name="Pronadji Organizaciju">
        <method signature="PXD_000_Prepare_And_Read_Data_Tests.pxd_004_01_get_company_test1()[pri:0, instance:com.platformX.api.tests.PXD_000_Prepare_And_Read_Data_Tests@479460a6]" name="pxd_004_01_get_company_test1" class="com.platformX.api.tests.PXD_000_Prepare_And_Read_Data_Tests"/>
      </group> <!-- Pronadji Organizaciju -->
      <group name="Pronadji Terensku Jedinicu">
        <method signature="PXD_000_Prepare_And_Read_Data_Tests.pxd_005_01_get_field_unit_test1()[pri:0, instance:com.platformX.api.tests.PXD_000_Prepare_And_Read_Data_Tests@479460a6]" name="pxd_005_01_get_field_unit_test1" class="com.platformX.api.tests.PXD_000_Prepare_And_Read_Data_Tests"/>
      </group> <!-- Pronadji Terensku Jedinicu -->
    </groups>
    <test name="Default test" duration-ms="76951" started-at="2024-01-07T22:45:25Z" finished-at="2024-01-07T22:46:42Z">
      <class name="com.platformX.api.tests.PXD_004_BasicCatalogs_Companies_Test">
        <test-method status="PASS" signature="pxd_004_02_post_companies_list_test1()[pri:0, instance:com.platformX.api.tests.PXD_004_BasicCatalogs_Companies_Test@68df9280]" name="pxd_004_02_post_companies_list_test1" duration-ms="1582" started-at="2024-01-07T23:45:25Z" description="positive test case" finished-at="2024-01-07T23:45:27Z">
          <reporter-output>
          </reporter-output>
        </test-method> <!-- pxd_004_02_post_companies_list_test1 -->
        <test-method status="PASS" signature="pxd_004_01_get_company_test2()[pri:0, instance:com.platformX.api.tests.PXD_004_BasicCatalogs_Companies_Test@68df9280]" name="pxd_004_01_get_company_test2" duration-ms="148" started-at="2024-01-07T23:45:27Z" description="negative test case: bearer token missing" finished-at="2024-01-07T23:45:27Z">
          <reporter-output>
          </reporter-output>
        </test-method> <!-- pxd_004_01_get_company_test2 -->
        <test-method status="PASS" signature="pxd_004_01_get_company_test3()[pri:0, instance:com.platformX.api.tests.PXD_004_BasicCatalogs_Companies_Test@68df9280]" name="pxd_004_01_get_company_test3" duration-ms="187" started-at="2024-01-07T23:45:27Z" description="negative test case: wrong bearer token" finished-at="2024-01-07T23:45:27Z">
          <reporter-output>
          </reporter-output>
        </test-method> <!-- pxd_004_01_get_company_test3 -->
        <test-method status="PASS" signature="pxd_004_01_get_company_test4()[pri:0, instance:com.platformX.api.tests.PXD_004_BasicCatalogs_Companies_Test@68df9280]" name="pxd_004_01_get_company_test4" duration-ms="356" started-at="2024-01-07T23:45:27Z" description="negative test case: wrong id" finished-at="2024-01-07T23:45:27Z">
          <reporter-output>
          </reporter-output>
        </test-method> <!-- pxd_004_01_get_company_test4 -->
        <test-method status="PASS" signature="pxd_004_03_get_company_lookup_test2()[pri:0, instance:com.platformX.api.tests.PXD_004_BasicCatalogs_Companies_Test@68df9280]" name="pxd_004_03_get_company_lookup_test2" duration-ms="278" started-at="2024-01-07T23:45:27Z" description="negative test case: wrong id" finished-at="2024-01-07T23:45:28Z">
          <reporter-output>
          </reporter-output>
        </test-method> <!-- pxd_004_03_get_company_lookup_test2 -->
        <test-method status="FAIL" signature="pxd_004_01_get_company_test1()[pri:0, instance:com.platformX.api.tests.PXD_004_BasicCatalogs_Companies_Test@68df9280]" name="pxd_004_01_get_company_test1" duration-ms="275" depends-on-groups="Pronadji Organizaciju" started-at="2024-01-07T23:46:42Z" description="positive test case" finished-at="2024-01-07T23:46:42Z">
          <exception class="java.lang.AssertionError">
            <message>
              <![CDATA[expected [200] but found [404]]]>
            </message>
            <full-stacktrace>
              <![CDATA[java.lang.AssertionError: expected [200] but found [404]
	at org.testng.Assert.fail(Assert.java:93)
	at org.testng.Assert.failNotEquals(Assert.java:512)
	at org.testng.Assert.assertEqualsImpl(Assert.java:134)
	at org.testng.Assert.assertEquals(Assert.java:115)
	at org.testng.Assert.assertEquals(Assert.java:388)
	at org.testng.Assert.assertEquals(Assert.java:398)
	at com.platformX.api.tests.PXD_004_BasicCatalogs_Companies_Test.pxd_004_01_get_company_test1(PXD_004_BasicCatalogs_Companies_Test.java:42)
	at sun.reflect.NativeMethodAccessorImpl.invoke0(Native Method)
	at sun.reflect.NativeMethodAccessorImpl.invoke(Unknown Source)
	at sun.reflect.DelegatingMethodAccessorImpl.invoke(Unknown Source)
	at java.lang.reflect.Method.invoke(Unknown Source)
	at org.testng.internal.MethodInvocationHelper.invokeMethod(MethodInvocationHelper.java:108)
	at org.testng.internal.Invoker.invokeMethod(Invoker.java:661)
	at org.testng.internal.Invoker.invokeTestMethod(Invoker.java:869)
	at org.testng.internal.Invoker.invokeTestMethods(Invoker.java:1193)
	at org.testng.internal.TestMethodWorker.invokeTestMethods(TestMethodWorker.java:126)
	at org.testng.internal.TestMethodWorker.run(TestMethodWorker.java:109)
	at org.testng.TestRunner.privateRun(TestRunner.java:744)
	at org.testng.TestRunner.run(TestRunner.java:602)
	at org.testng.SuiteRunner.runTest(SuiteRunner.java:380)
	at org.testng.SuiteRunner.runSequentially(SuiteRunner.java:375)
	at org.testng.SuiteRunner.privateRun(SuiteRunner.java:340)
	at org.testng.SuiteRunner.run(SuiteRunner.java:289)
	at org.testng.SuiteRunnerWorker.runSuite(SuiteRunnerWorker.java:52)
	at org.testng.SuiteRunnerWorker.run(SuiteRunnerWorker.java:86)
	at org.testng.TestNG.runSuitesSequentially(TestNG.java:1301)
	at org.testng.TestNG.runSuitesLocally(TestNG.java:1226)
	at org.testng.TestNG.runSuites(TestNG.java:1144)
	at org.testng.TestNG.run(TestNG.java:1115)
	at org.testng.remote.AbstractRemoteTestNG.run(AbstractRemoteTestNG.java:115)
	at org.testng.remote.RemoteTestNG.initAndRun(RemoteTestNG.java:251)
	at org.testng.remote.RemoteTestNG.main(RemoteTestNG.java:77)
]]>
            </full-stacktrace>
          </exception> <!-- java.lang.AssertionError -->
          <reporter-output>
          </reporter-output>
        </test-method> <!-- pxd_004_01_get_company_test1 -->
        <test-method status="PASS" signature="pxd_004_03_get_company_lookup_test1()[pri:0, instance:com.platformX.api.tests.PXD_004_BasicCatalogs_Companies_Test@68df9280]" name="pxd_004_03_get_company_lookup_test1" duration-ms="272" depends-on-groups="Pronadji Organizaciju" started-at="2024-01-07T23:46:42Z" description="positive test case" finished-at="2024-01-07T23:46:42Z">
          <reporter-output>
          </reporter-output>
        </test-method> <!-- pxd_004_03_get_company_lookup_test1 -->
      </class> <!-- com.platformX.api.tests.PXD_004_BasicCatalogs_Companies_Test -->
      <class name="com.platformX.api.tests.PXD_000_Prepare_And_Read_Data_Tests">
        <test-method status="PASS" signature="setUp(java.lang.String)[pri:0, instance:com.platformX.api.tests.PXD_000_Prepare_And_Read_Data_Tests@479460a6]" name="setUp" is-config="true" duration-ms="5528" started-at="2024-01-07T23:45:28Z" finished-at="2024-01-07T23:45:33Z">
          <params>
            <param index="0">
              <value>
                <![CDATA[chrome]]>
              </value>
            </param>
          </params>
          <reporter-output>
          </reporter-output>
        </test-method> <!-- setUp -->
        <test-method status="FAIL" signature="pxd_003_01_get_administration_message_test1()[pri:0, instance:com.platformX.api.tests.PXD_000_Prepare_And_Read_Data_Tests@479460a6]" name="pxd_003_01_get_administration_message_test1" duration-ms="42586" started-at="2024-01-07T23:45:33Z" finished-at="2024-01-07T23:46:16Z">
          <exception class="org.openqa.selenium.TimeoutException">
            <message>
              <![CDATA[Expected condition failed: waiting for visibility of element located by By.xpath: //div[contains(@class, 'v-toolbar__title subtitle-2 ml-0 pl-0 text-default') and starts-with(., ' Poruke')] (tried for 20 second(s) with 500 milliseconds interval)]]>
            </message>
            <full-stacktrace>
              <![CDATA[org.openqa.selenium.TimeoutException: Expected condition failed: waiting for visibility of element located by By.xpath: //div[contains(@class, 'v-toolbar__title subtitle-2 ml-0 pl-0 text-default') and starts-with(., ' Poruke')] (tried for 20 second(s) with 500 milliseconds interval)
	at org.openqa.selenium.support.ui.WebDriverWait.timeoutException(WebDriverWait.java:113)
	at org.openqa.selenium.support.ui.FluentWait.until(FluentWait.java:283)
	at com.platformX.distribution.page.Poruke.verifikujPoruke(Poruke.java:51)
	at com.platformX.api.tests.PXD_000_Prepare_And_Read_Data_Tests.pxd_003_01_get_administration_message_test1(PXD_000_Prepare_And_Read_Data_Tests.java:60)
	at sun.reflect.NativeMethodAccessorImpl.invoke0(Native Method)
	at sun.reflect.NativeMethodAccessorImpl.invoke(Unknown Source)
	at sun.reflect.DelegatingMethodAccessorImpl.invoke(Unknown Source)
	at java.lang.reflect.Method.invoke(Unknown Source)
	at org.testng.internal.MethodInvocationHelper.invokeMethod(MethodInvocationHelper.java:108)
	at org.testng.internal.Invoker.invokeMethod(Invoker.java:661)
	at org.testng.internal.Invoker.invokeTestMethod(Invoker.java:869)
	at org.testng.internal.Invoker.invokeTestMethods(Invoker.java:1193)
	at org.testng.internal.TestMethodWorker.invokeTestMethods(TestMethodWorker.java:126)
	at org.testng.internal.TestMethodWorker.run(TestMethodWorker.java:109)
	at org.testng.TestRunner.privateRun(TestRunner.java:744)
	at org.testng.TestRunner.run(TestRunner.java:602)
	at org.testng.SuiteRunner.runTest(SuiteRunner.java:380)
	at org.testng.SuiteRunner.runSequentially(SuiteRunner.java:375)
	at org.testng.SuiteRunner.privateRun(SuiteRunner.java:340)
	at org.testng.SuiteRunner.run(SuiteRunner.java:289)
	at org.testng.SuiteRunnerWorker.runSuite(SuiteRunnerWorker.java:52)
	at org.testng.SuiteRunnerWorker.run(SuiteRunnerWorker.java:86)
	at org.testng.TestNG.runSuitesSequentially(TestNG.java:1301)
	at org.testng.TestNG.runSuitesLocally(TestNG.java:1226)
	at org.testng.TestNG.runSuites(TestNG.java:1144)
	at org.testng.TestNG.run(TestNG.java:1115)
	at org.testng.remote.AbstractRemoteTestNG.run(AbstractRemoteTestNG.java:115)
	at org.testng.remote.RemoteTestNG.initAndRun(RemoteTestNG.java:251)
	at org.testng.remote.RemoteTestNG.main(RemoteTestNG.java:77)
Caused by: org.openqa.selenium.NoSuchElementException: Cannot locate an element using By.xpath: //div[contains(@class, 'v-toolbar__title subtitle-2 ml-0 pl-0 text-default') and starts-with(., ' Poruke')]
For documentation on this error, please visit: http://seleniumhq.org/exceptions/no_such_element.html
Build info: version: '3.14.0', revision: 'aacccce0', time: '2018-08-02T20:19:58.91Z'
System info: host: 'LAPTOP-D8GBQRP8', ip: '192.168.255.105', os.name: 'Windows 10', os.arch: 'amd64', os.version: '10.0', java.version: '1.8.0_261'
Driver info: driver.version: unknown
	at org.openqa.selenium.support.ui.ExpectedConditions.lambda$findElement$0(ExpectedConditions.java:896)
	at java.util.Optional.orElseThrow(Unknown Source)
	at org.openqa.selenium.support.ui.ExpectedConditions.findElement(ExpectedConditions.java:895)
	at org.openqa.selenium.support.ui.ExpectedConditions.access$000(ExpectedConditions.java:44)
	at org.openqa.selenium.support.ui.ExpectedConditions$7.apply(ExpectedConditions.java:206)
	at org.openqa.selenium.support.ui.ExpectedConditions$7.apply(ExpectedConditions.java:202)
	at org.openqa.selenium.support.ui.FluentWait.until(FluentWait.java:260)
	... 27 more
]]>
            </full-stacktrace>
          </exception> <!-- org.openqa.selenium.TimeoutException -->
          <reporter-output>
          </reporter-output>
        </test-method> <!-- pxd_003_01_get_administration_message_test1 -->
        <test-method status="PASS" signature="cleanUp()[pri:0, instance:com.platformX.api.tests.PXD_000_Prepare_And_Read_Data_Tests@479460a6]" name="cleanUp" is-config="true" duration-ms="622" started-at="2024-01-07T23:46:16Z" finished-at="2024-01-07T23:46:16Z">
          <reporter-output>
          </reporter-output>
        </test-method> <!-- cleanUp -->
        <test-method status="PASS" signature="setUp(java.lang.String)[pri:0, instance:com.platformX.api.tests.PXD_000_Prepare_And_Read_Data_Tests@479460a6]" name="setUp" is-config="true" duration-ms="5212" started-at="2024-01-07T23:46:16Z" finished-at="2024-01-07T23:46:22Z">
          <params>
            <param index="0">
              <value>
                <![CDATA[chrome]]>
              </value>
            </param>
          </params>
          <reporter-output>
          </reporter-output>
        </test-method> <!-- setUp -->
        <test-method status="PASS" signature="pxd_004_01_get_company_test1()[pri:0, instance:com.platformX.api.tests.PXD_000_Prepare_And_Read_Data_Tests@479460a6]" name="pxd_004_01_get_company_test1" duration-ms="6990" started-at="2024-01-07T23:46:22Z" finished-at="2024-01-07T23:46:29Z">
          <reporter-output>
          </reporter-output>
        </test-method> <!-- pxd_004_01_get_company_test1 -->
        <test-method status="PASS" signature="cleanUp()[pri:0, instance:com.platformX.api.tests.PXD_000_Prepare_And_Read_Data_Tests@479460a6]" name="cleanUp" is-config="true" duration-ms="641" started-at="2024-01-07T23:46:29Z" finished-at="2024-01-07T23:46:29Z">
          <reporter-output>
          </reporter-output>
        </test-method> <!-- cleanUp -->
        <test-method status="PASS" signature="setUp(java.lang.String)[pri:0, instance:com.platformX.api.tests.PXD_000_Prepare_And_Read_Data_Tests@479460a6]" name="setUp" is-config="true" duration-ms="5192" started-at="2024-01-07T23:46:29Z" finished-at="2024-01-07T23:46:34Z">
          <params>
            <param index="0">
              <value>
                <![CDATA[chrome]]>
              </value>
            </param>
          </params>
          <reporter-output>
          </reporter-output>
        </test-method> <!-- setUp -->
        <test-method status="PASS" signature="pxd_005_01_get_field_unit_test1()[pri:0, instance:com.platformX.api.tests.PXD_000_Prepare_And_Read_Data_Tests@479460a6]" name="pxd_005_01_get_field_unit_test1" duration-ms="6356" started-at="2024-01-07T23:46:34Z" finished-at="2024-01-07T23:46:41Z">
          <reporter-output>
          </reporter-output>
        </test-method> <!-- pxd_005_01_get_field_unit_test1 -->
        <test-method status="PASS" signature="cleanUp()[pri:0, instance:com.platformX.api.tests.PXD_000_Prepare_And_Read_Data_Tests@479460a6]" name="cleanUp" is-config="true" duration-ms="668" started-at="2024-01-07T23:46:41Z" finished-at="2024-01-07T23:46:41Z">
          <reporter-output>
          </reporter-output>
        </test-method> <!-- cleanUp -->
      </class> <!-- com.platformX.api.tests.PXD_000_Prepare_And_Read_Data_Tests -->
    </test> <!-- Default test -->
  </suite> <!-- Default suite -->
</testng-results>
