<?xml version="1.0" encoding="UTF-8"?>
<testng-results skipped="0" failed="0" ignored="0" total="1" passed="1">
  <reporter-output>
  </reporter-output>
  <suite name="Default suite" duration-ms="27267" started-at="2022-02-25T10:28:38Z" finished-at="2022-02-25T10:29:05Z">
    <groups>
    </groups>
    <test name="Default test" duration-ms="27267" started-at="2022-02-25T10:28:38Z" finished-at="2022-02-25T10:29:05Z">
      <class name="com.platformX.distribution.tests.PX_DIST_004_Verifikacija_Sekcije_Tarifni_Sistem_Test">
        <test-method status="PASS" signature="setUp(java.lang.String)[pri:0, instance:com.platformX.distribution.tests.PX_DIST_004_Verifikacija_Sekcije_Tarifni_Sistem_Test@3967e60c]" name="setUp" is-config="true" duration-ms="5555" started-at="2022-02-25T11:28:38Z" finished-at="2022-02-25T11:28:43Z">
          <params>
            <param index="0">
              <value>
                <![CDATA[chrome]]>
              </value>
            </param>
          </params>
          <reporter-output>
          </reporter-output>
        </test-method> <!-- setUp -->
        <test-method status="PASS" signature="px_004_verifikacije_sekcije_tarifni_sistem_test()[pri:0, instance:com.platformX.distribution.tests.PX_DIST_004_Verifikacija_Sekcije_Tarifni_Sistem_Test@3967e60c]" name="px_004_verifikacije_sekcije_tarifni_sistem_test" duration-ms="21006" started-at="2022-02-25T11:28:43Z" description="test prolazi kroz sve stranice iz sekcije TARIFNI SISTEM i verifikuje ih" finished-at="2022-02-25T11:29:04Z">
          <reporter-output>
          </reporter-output>
        </test-method> <!-- px_004_verifikacije_sekcije_tarifni_sistem_test -->
        <test-method status="PASS" signature="cleanUp()[pri:0, instance:com.platformX.distribution.tests.PX_DIST_004_Verifikacija_Sekcije_Tarifni_Sistem_Test@3967e60c]" name="cleanUp" is-config="true" duration-ms="687" started-at="2022-02-25T11:29:04Z" finished-at="2022-02-25T11:29:05Z">
          <reporter-output>
          </reporter-output>
        </test-method> <!-- cleanUp -->
      </class> <!-- com.platformX.distribution.tests.PX_DIST_004_Verifikacija_Sekcije_Tarifni_Sistem_Test -->
    </test> <!-- Default test -->
  </suite> <!-- Default suite -->
</testng-results>
