<?xml version="1.0" encoding="UTF-8"?>
<testng-results skipped="0" failed="0" ignored="0" total="17" passed="17">
  <reporter-output>
  </reporter-output>
  <suite name="api" duration-ms="9789" started-at="2023-03-11T20:36:27Z" finished-at="2023-03-11T20:36:37Z">
    <groups>
    </groups>
    <test name="api" duration-ms="9789" started-at="2023-03-11T20:36:27Z" finished-at="2023-03-11T20:36:37Z">
      <class name="com.platformX.api.tests.PXD_004_Get_Administration_Users_Test">
        <test-method status="PASS" signature="pxd_get_administration_users_test1()[pri:0, instance:com.platformX.api.tests.PXD_004_Get_Administration_Users_Test@16eb3ea3]" name="pxd_get_administration_users_test1" duration-ms="808" started-at="2023-03-11T21:36:34Z" description="positive test case" finished-at="2023-03-11T21:36:35Z">
          <reporter-output>
          </reporter-output>
        </test-method> <!-- pxd_get_administration_users_test1 -->
        <test-method status="PASS" signature="pxd_get_administration_users_test2()[pri:0, instance:com.platformX.api.tests.PXD_004_Get_Administration_Users_Test@16eb3ea3]" name="pxd_get_administration_users_test2" duration-ms="408" started-at="2023-03-11T21:36:35Z" description="negative test case: wrong bearer token" finished-at="2023-03-11T21:36:35Z">
          <reporter-output>
          </reporter-output>
        </test-method> <!-- pxd_get_administration_users_test2 -->
        <test-method status="PASS" signature="pxd_get_user_data_test3()[pri:0, instance:com.platformX.api.tests.PXD_004_Get_Administration_Users_Test@16eb3ea3]" name="pxd_get_user_data_test3" duration-ms="959" started-at="2023-03-11T21:36:35Z" description="negative test case: missing bearer token" finished-at="2023-03-11T21:36:36Z">
          <reporter-output>
          </reporter-output>
        </test-method> <!-- pxd_get_user_data_test3 -->
        <test-method status="PASS" signature="pxd_get_user_data_test4()[pri:0, instance:com.platformX.api.tests.PXD_004_Get_Administration_Users_Test@16eb3ea3]" name="pxd_get_user_data_test4" duration-ms="548" started-at="2023-03-11T21:36:36Z" description="negative test case: wrong id" finished-at="2023-03-11T21:36:37Z">
          <reporter-output>
          </reporter-output>
        </test-method> <!-- pxd_get_user_data_test4 -->
      </class> <!-- com.platformX.api.tests.PXD_004_Get_Administration_Users_Test -->
      <class name="com.platformX.api.tests.PXD_002_Get_User_Data_Test">
        <test-method status="PASS" signature="pxd_get_user_data_test1()[pri:0, instance:com.platformX.api.tests.PXD_002_Get_User_Data_Test@6caf0677]" name="pxd_get_user_data_test1" duration-ms="872" started-at="2023-03-11T21:36:31Z" description="positive test case" finished-at="2023-03-11T21:36:31Z">
          <reporter-output>
          </reporter-output>
        </test-method> <!-- pxd_get_user_data_test1 -->
        <test-method status="PASS" signature="pxd_get_user_data_test2()[pri:0, instance:com.platformX.api.tests.PXD_002_Get_User_Data_Test@6caf0677]" name="pxd_get_user_data_test2" duration-ms="206" started-at="2023-03-11T21:36:31Z" description="negative test case: wrong bearer token" finished-at="2023-03-11T21:36:32Z">
          <reporter-output>
          </reporter-output>
        </test-method> <!-- pxd_get_user_data_test2 -->
        <test-method status="PASS" signature="pxd_get_user_data_test3()[pri:0, instance:com.platformX.api.tests.PXD_002_Get_User_Data_Test@6caf0677]" name="pxd_get_user_data_test3" duration-ms="261" started-at="2023-03-11T21:36:32Z" description="negative test case: missing bearer token" finished-at="2023-03-11T21:36:32Z">
          <reporter-output>
          </reporter-output>
        </test-method> <!-- pxd_get_user_data_test3 -->
      </class> <!-- com.platformX.api.tests.PXD_002_Get_User_Data_Test -->
      <class name="com.platformX.api.tests.PXD_003_Get_Administration_Message_Test">
        <test-method status="PASS" signature="get_administration_message_test1()[pri:0, instance:com.platformX.api.tests.PXD_003_Get_Administration_Message_Test@413d1baf]" name="get_administration_message_test1" duration-ms="641" started-at="2023-03-11T21:36:32Z" description="positive test case" finished-at="2023-03-11T21:36:33Z">
          <reporter-output>
          </reporter-output>
        </test-method> <!-- get_administration_message_test1 -->
        <test-method status="PASS" signature="get_administration_message_test2()[pri:0, instance:com.platformX.api.tests.PXD_003_Get_Administration_Message_Test@413d1baf]" name="get_administration_message_test2" duration-ms="191" started-at="2023-03-11T21:36:33Z" description="negative test case: bearer token missing" finished-at="2023-03-11T21:36:33Z">
          <reporter-output>
          </reporter-output>
        </test-method> <!-- get_administration_message_test2 -->
        <test-method status="PASS" signature="get_administration_message_test3()[pri:0, instance:com.platformX.api.tests.PXD_003_Get_Administration_Message_Test@413d1baf]" name="get_administration_message_test3" duration-ms="283" started-at="2023-03-11T21:36:33Z" description="negative test case: wrong bearer token" finished-at="2023-03-11T21:36:33Z">
          <reporter-output>
          </reporter-output>
        </test-method> <!-- get_administration_message_test3 -->
        <test-method status="PASS" signature="get_administration_message_test4()[pri:0, instance:com.platformX.api.tests.PXD_003_Get_Administration_Message_Test@413d1baf]" name="get_administration_message_test4" duration-ms="815" started-at="2023-03-11T21:36:33Z" description="negative test case: wrong id" finished-at="2023-03-11T21:36:34Z">
          <reporter-output>
          </reporter-output>
        </test-method> <!-- get_administration_message_test4 -->
      </class> <!-- com.platformX.api.tests.PXD_003_Get_Administration_Message_Test -->
      <class name="com.platformX.api.tests.PXD_001_Authentication_Test">
        <test-method status="PASS" signature="pxd_authentication_test1()[pri:0, instance:com.platformX.api.tests.PXD_001_Authentication_Test@cc43f62]" name="pxd_authentication_test1" duration-ms="1957" started-at="2023-03-11T21:36:27Z" description="positive test case" finished-at="2023-03-11T21:36:29Z">
          <reporter-output>
          </reporter-output>
        </test-method> <!-- pxd_authentication_test1 -->
        <test-method status="PASS" signature="pxd_authentication_test2()[pri:0, instance:com.platformX.api.tests.PXD_001_Authentication_Test@cc43f62]" name="pxd_authentication_test2" duration-ms="244" started-at="2023-03-11T21:36:29Z" description="negative test case: wrong username" finished-at="2023-03-11T21:36:29Z">
          <reporter-output>
          </reporter-output>
        </test-method> <!-- pxd_authentication_test2 -->
        <test-method status="PASS" signature="pxd_authentication_test3()[pri:0, instance:com.platformX.api.tests.PXD_001_Authentication_Test@cc43f62]" name="pxd_authentication_test3" duration-ms="481" started-at="2023-03-11T21:36:29Z" description="negative test case: wrong password" finished-at="2023-03-11T21:36:30Z">
          <reporter-output>
          </reporter-output>
        </test-method> <!-- pxd_authentication_test3 -->
        <test-method status="PASS" signature="pxd_authentication_test4()[pri:0, instance:com.platformX.api.tests.PXD_001_Authentication_Test@cc43f62]" name="pxd_authentication_test4" duration-ms="390" started-at="2023-03-11T21:36:30Z" description="negative test case: username missing" finished-at="2023-03-11T21:36:30Z">
          <reporter-output>
          </reporter-output>
        </test-method> <!-- pxd_authentication_test4 -->
        <test-method status="PASS" signature="pxd_authentication_test5()[pri:0, instance:com.platformX.api.tests.PXD_001_Authentication_Test@cc43f62]" name="pxd_authentication_test5" duration-ms="319" started-at="2023-03-11T21:36:30Z" description="negative test case: password missing" finished-at="2023-03-11T21:36:30Z">
          <reporter-output>
          </reporter-output>
        </test-method> <!-- pxd_authentication_test5 -->
        <test-method status="PASS" signature="pxd_authentication_test6()[pri:0, instance:com.platformX.api.tests.PXD_001_Authentication_Test@cc43f62]" name="pxd_authentication_test6" duration-ms="366" started-at="2023-03-11T21:36:30Z" description="negative test case: username and password missing" finished-at="2023-03-11T21:36:31Z">
          <reporter-output>
          </reporter-output>
        </test-method> <!-- pxd_authentication_test6 -->
      </class> <!-- com.platformX.api.tests.PXD_001_Authentication_Test -->
    </test> <!-- api -->
  </suite> <!-- api -->
</testng-results>
