<?xml version="1.0" encoding="UTF-8"?>
<testng-results skipped="0" failed="0" ignored="0" total="1" passed="1">
  <reporter-output>
  </reporter-output>
  <suite name="Default suite" duration-ms="26139" started-at="2022-01-31T17:33:17Z" finished-at="2022-01-31T17:33:43Z">
    <groups>
    </groups>
    <test name="Default test" duration-ms="26139" started-at="2022-01-31T17:33:17Z" finished-at="2022-01-31T17:33:43Z">
      <class name="com.platformX.tests.PX_071_Brisanje_Radne_Jedinice_Test">
        <test-method status="PASS" signature="setUp(java.lang.String)[pri:0, instance:com.platformX.tests.PX_071_Brisanje_Radne_Jedinice_Test@3967e60c]" name="setUp" is-config="true" duration-ms="5857" started-at="2022-01-31T18:33:17Z" finished-at="2022-01-31T18:33:23Z">
          <params>
            <param index="0">
              <value>
                <![CDATA[chrome]]>
              </value>
            </param>
          </params>
          <reporter-output>
          </reporter-output>
        </test-method> <!-- setUp -->
        <test-method status="PASS" signature="px_071_brisanje_radne_jedinice_test()[pri:0, instance:com.platformX.tests.PX_071_Brisanje_Radne_Jedinice_Test@3967e60c]" name="px_071_brisanje_radne_jedinice_test" duration-ms="20152" started-at="2022-01-31T18:33:23Z" finished-at="2022-01-31T18:33:43Z">
          <reporter-output>
          </reporter-output>
        </test-method> <!-- px_071_brisanje_radne_jedinice_test -->
        <test-method status="PASS" signature="cleanUp()[pri:0, instance:com.platformX.tests.PX_071_Brisanje_Radne_Jedinice_Test@3967e60c]" name="cleanUp" is-config="true" duration-ms="87" started-at="2022-01-31T18:33:43Z" finished-at="2022-01-31T18:33:43Z">
          <reporter-output>
          </reporter-output>
        </test-method> <!-- cleanUp -->
      </class> <!-- com.platformX.tests.PX_071_Brisanje_Radne_Jedinice_Test -->
    </test> <!-- Default test -->
  </suite> <!-- Default suite -->
</testng-results>
