<?xml version="1.0" encoding="UTF-8"?>
<testng-results skipped="2" failed="1" ignored="0" total="8" passed="5">
  <reporter-output>
  </reporter-output>
  <suite name="Default suite" duration-ms="52087" started-at="2024-01-07T19:56:02Z" finished-at="2024-01-07T19:56:54Z">
    <groups>
    </groups>
    <test name="Default test" duration-ms="52087" started-at="2024-01-07T19:56:02Z" finished-at="2024-01-07T19:56:54Z">
      <class name="com.platformX.api.tests.PXD_003_Administration_Message_Test">
        <test-method status="PASS" signature="setUp(java.lang.String)[pri:0, instance:com.platformX.api.tests.PXD_003_Administration_Message_Test@49c66ade]" name="setUp" is-config="true" duration-ms="5776" started-at="2024-01-07T20:56:02Z" finished-at="2024-01-07T20:56:08Z">
          <params>
            <param index="0">
              <value>
                <![CDATA[chrome]]>
              </value>
            </param>
          </params>
          <reporter-output>
          </reporter-output>
        </test-method> <!-- setUp -->
        <test-method status="PASS" signature="pxd_003_01_get_administration_message_test1()[pri:0, instance:com.platformX.api.tests.PXD_003_Administration_Message_Test@49c66ade]" name="pxd_003_01_get_administration_message_test1" duration-ms="14761" started-at="2024-01-07T20:56:08Z" description="positive test case" finished-at="2024-01-07T20:56:23Z">
          <reporter-output>
          </reporter-output>
        </test-method> <!-- pxd_003_01_get_administration_message_test1 -->
        <test-method status="PASS" signature="cleanUp()[pri:0, instance:com.platformX.api.tests.PXD_003_Administration_Message_Test@49c66ade]" name="cleanUp" is-config="true" duration-ms="655" started-at="2024-01-07T20:56:23Z" finished-at="2024-01-07T20:56:23Z">
          <reporter-output>
          </reporter-output>
        </test-method> <!-- cleanUp -->
        <test-method status="PASS" signature="setUp(java.lang.String)[pri:0, instance:com.platformX.api.tests.PXD_003_Administration_Message_Test@49c66ade]" name="setUp" is-config="true" duration-ms="5073" started-at="2024-01-07T20:56:23Z" finished-at="2024-01-07T20:56:29Z">
          <params>
            <param index="0">
              <value>
                <![CDATA[chrome]]>
              </value>
            </param>
          </params>
          <reporter-output>
          </reporter-output>
        </test-method> <!-- setUp -->
        <test-method status="PASS" signature="pxd_003_01_get_administration_message_test2()[pri:0, instance:com.platformX.api.tests.PXD_003_Administration_Message_Test@49c66ade]" name="pxd_003_01_get_administration_message_test2" duration-ms="192" started-at="2024-01-07T20:56:29Z" description="negative test case: bearer token missing" finished-at="2024-01-07T20:56:29Z">
          <reporter-output>
          </reporter-output>
        </test-method> <!-- pxd_003_01_get_administration_message_test2 -->
        <test-method status="PASS" signature="cleanUp()[pri:0, instance:com.platformX.api.tests.PXD_003_Administration_Message_Test@49c66ade]" name="cleanUp" is-config="true" duration-ms="610" started-at="2024-01-07T20:56:29Z" finished-at="2024-01-07T20:56:29Z">
          <reporter-output>
          </reporter-output>
        </test-method> <!-- cleanUp -->
        <test-method status="PASS" signature="setUp(java.lang.String)[pri:0, instance:com.platformX.api.tests.PXD_003_Administration_Message_Test@49c66ade]" name="setUp" is-config="true" duration-ms="5291" started-at="2024-01-07T20:56:29Z" finished-at="2024-01-07T20:56:35Z">
          <params>
            <param index="0">
              <value>
                <![CDATA[chrome]]>
              </value>
            </param>
          </params>
          <reporter-output>
          </reporter-output>
        </test-method> <!-- setUp -->
        <test-method status="PASS" signature="pxd_003_01_get_administration_message_test3()[pri:0, instance:com.platformX.api.tests.PXD_003_Administration_Message_Test@49c66ade]" name="pxd_003_01_get_administration_message_test3" duration-ms="131" started-at="2024-01-07T20:56:35Z" description="negative test case: wrong bearer token" finished-at="2024-01-07T20:56:35Z">
          <reporter-output>
          </reporter-output>
        </test-method> <!-- pxd_003_01_get_administration_message_test3 -->
        <test-method status="PASS" signature="cleanUp()[pri:0, instance:com.platformX.api.tests.PXD_003_Administration_Message_Test@49c66ade]" name="cleanUp" is-config="true" duration-ms="668" started-at="2024-01-07T20:56:35Z" finished-at="2024-01-07T20:56:35Z">
          <reporter-output>
          </reporter-output>
        </test-method> <!-- cleanUp -->
        <test-method status="PASS" signature="setUp(java.lang.String)[pri:0, instance:com.platformX.api.tests.PXD_003_Administration_Message_Test@49c66ade]" name="setUp" is-config="true" duration-ms="5209" started-at="2024-01-07T20:56:35Z" finished-at="2024-01-07T20:56:41Z">
          <params>
            <param index="0">
              <value>
                <![CDATA[chrome]]>
              </value>
            </param>
          </params>
          <reporter-output>
          </reporter-output>
        </test-method> <!-- setUp -->
        <test-method status="PASS" signature="pxd_003_01_get_administration_message_test4()[pri:0, instance:com.platformX.api.tests.PXD_003_Administration_Message_Test@49c66ade]" name="pxd_003_01_get_administration_message_test4" duration-ms="408" started-at="2024-01-07T20:56:41Z" description="negative test case: wrong id" finished-at="2024-01-07T20:56:41Z">
          <reporter-output>
          </reporter-output>
        </test-method> <!-- pxd_003_01_get_administration_message_test4 -->
        <test-method status="PASS" signature="cleanUp()[pri:0, instance:com.platformX.api.tests.PXD_003_Administration_Message_Test@49c66ade]" name="cleanUp" is-config="true" duration-ms="690" started-at="2024-01-07T20:56:41Z" finished-at="2024-01-07T20:56:42Z">
          <reporter-output>
          </reporter-output>
        </test-method> <!-- cleanUp -->
        <test-method status="PASS" signature="setUp(java.lang.String)[pri:0, instance:com.platformX.api.tests.PXD_003_Administration_Message_Test@49c66ade]" name="setUp" is-config="true" duration-ms="5213" started-at="2024-01-07T20:56:42Z" finished-at="2024-01-07T20:56:47Z">
          <params>
            <param index="0">
              <value>
                <![CDATA[chrome]]>
              </value>
            </param>
          </params>
          <reporter-output>
          </reporter-output>
        </test-method> <!-- setUp -->
        <test-method status="PASS" signature="pxd_003_02_post_administration_messages_list_test1()[pri:0, instance:com.platformX.api.tests.PXD_003_Administration_Message_Test@49c66ade]" name="pxd_003_02_post_administration_messages_list_test1" duration-ms="430" started-at="2024-01-07T20:56:47Z" description="positive test case" finished-at="2024-01-07T20:56:47Z">
          <reporter-output>
          </reporter-output>
        </test-method> <!-- pxd_003_02_post_administration_messages_list_test1 -->
        <test-method status="PASS" signature="cleanUp()[pri:0, instance:com.platformX.api.tests.PXD_003_Administration_Message_Test@49c66ade]" name="cleanUp" is-config="true" duration-ms="623" started-at="2024-01-07T20:56:47Z" finished-at="2024-01-07T20:56:48Z">
          <reporter-output>
          </reporter-output>
        </test-method> <!-- cleanUp -->
        <test-method status="PASS" signature="setUp(java.lang.String)[pri:0, instance:com.platformX.api.tests.PXD_003_Administration_Message_Test@49c66ade]" name="setUp" is-config="true" duration-ms="5258" started-at="2024-01-07T20:56:48Z" finished-at="2024-01-07T20:56:53Z">
          <params>
            <param index="0">
              <value>
                <![CDATA[chrome]]>
              </value>
            </param>
          </params>
          <reporter-output>
          </reporter-output>
        </test-method> <!-- setUp -->
        <test-method status="FAIL" signature="pxd_003_03_create_administration_message_test1()[pri:0, instance:com.platformX.api.tests.PXD_003_Administration_Message_Test@49c66ade]" name="pxd_003_03_create_administration_message_test1" duration-ms="414" started-at="2024-01-07T20:56:53Z" description="positive test case" finished-at="2024-01-07T20:56:54Z">
          <exception class="java.lang.AssertionError">
            <message>
              <![CDATA[expected [200] but found [400]]]>
            </message>
            <full-stacktrace>
              <![CDATA[java.lang.AssertionError: expected [200] but found [400]
	at org.testng.Assert.fail(Assert.java:93)
	at org.testng.Assert.failNotEquals(Assert.java:512)
	at org.testng.Assert.assertEqualsImpl(Assert.java:134)
	at org.testng.Assert.assertEquals(Assert.java:115)
	at org.testng.Assert.assertEquals(Assert.java:388)
	at org.testng.Assert.assertEquals(Assert.java:398)
	at com.platformX.api.tests.PXD_003_Administration_Message_Test.pxd_003_03_create_administration_message_test1(PXD_003_Administration_Message_Test.java:121)
	at sun.reflect.NativeMethodAccessorImpl.invoke0(Native Method)
	at sun.reflect.NativeMethodAccessorImpl.invoke(Unknown Source)
	at sun.reflect.DelegatingMethodAccessorImpl.invoke(Unknown Source)
	at java.lang.reflect.Method.invoke(Unknown Source)
	at org.testng.internal.MethodInvocationHelper.invokeMethod(MethodInvocationHelper.java:108)
	at org.testng.internal.Invoker.invokeMethod(Invoker.java:661)
	at org.testng.internal.Invoker.invokeTestMethod(Invoker.java:869)
	at org.testng.internal.Invoker.invokeTestMethods(Invoker.java:1193)
	at org.testng.internal.TestMethodWorker.invokeTestMethods(TestMethodWorker.java:126)
	at org.testng.internal.TestMethodWorker.run(TestMethodWorker.java:109)
	at org.testng.TestRunner.privateRun(TestRunner.java:744)
	at org.testng.TestRunner.run(TestRunner.java:602)
	at org.testng.SuiteRunner.runTest(SuiteRunner.java:380)
	at org.testng.SuiteRunner.runSequentially(SuiteRunner.java:375)
	at org.testng.SuiteRunner.privateRun(SuiteRunner.java:340)
	at org.testng.SuiteRunner.run(SuiteRunner.java:289)
	at org.testng.SuiteRunnerWorker.runSuite(SuiteRunnerWorker.java:52)
	at org.testng.SuiteRunnerWorker.run(SuiteRunnerWorker.java:86)
	at org.testng.TestNG.runSuitesSequentially(TestNG.java:1301)
	at org.testng.TestNG.runSuitesLocally(TestNG.java:1226)
	at org.testng.TestNG.runSuites(TestNG.java:1144)
	at org.testng.TestNG.run(TestNG.java:1115)
	at org.testng.remote.AbstractRemoteTestNG.run(AbstractRemoteTestNG.java:115)
	at org.testng.remote.RemoteTestNG.initAndRun(RemoteTestNG.java:251)
	at org.testng.remote.RemoteTestNG.main(RemoteTestNG.java:77)
]]>
            </full-stacktrace>
          </exception> <!-- java.lang.AssertionError -->
          <reporter-output>
          </reporter-output>
        </test-method> <!-- pxd_003_03_create_administration_message_test1 -->
        <test-method status="PASS" signature="cleanUp()[pri:0, instance:com.platformX.api.tests.PXD_003_Administration_Message_Test@49c66ade]" name="cleanUp" is-config="true" duration-ms="641" started-at="2024-01-07T20:56:54Z" finished-at="2024-01-07T20:56:54Z">
          <reporter-output>
          </reporter-output>
        </test-method> <!-- cleanUp -->
        <test-method status="SKIP" signature="pxd_003_04_update_administration_message_test1()[pri:0, instance:com.platformX.api.tests.PXD_003_Administration_Message_Test@49c66ade]" name="pxd_003_04_update_administration_message_test1" duration-ms="0" started-at="2024-01-07T20:56:54Z" description="positive test case" depends-on-methods="com.platformX.api.tests.PXD_003_Administration_Message_Test.pxd_003_03_create_administration_message_test1" finished-at="2024-01-07T20:56:54Z">
          <exception class="java.lang.Throwable">
            <message>
              <![CDATA[Method PXD_003_Administration_Message_Test.pxd_003_04_update_administration_message_test1()[pri:0, instance:com.platformX.api.tests.PXD_003_Administration_Message_Test@49c66ade] depends on not successfully finished methods]]>
            </message>
            <full-stacktrace>
              <![CDATA[java.lang.Throwable: Method PXD_003_Administration_Message_Test.pxd_003_04_update_administration_message_test1()[pri:0, instance:com.platformX.api.tests.PXD_003_Administration_Message_Test@49c66ade] depends on not successfully finished methods
	at org.testng.internal.Invoker.invokeTestMethods(Invoker.java:1084)
	at org.testng.internal.TestMethodWorker.invokeTestMethods(TestMethodWorker.java:126)
	at org.testng.internal.TestMethodWorker.run(TestMethodWorker.java:109)
	at org.testng.TestRunner.privateRun(TestRunner.java:744)
	at org.testng.TestRunner.run(TestRunner.java:602)
	at org.testng.SuiteRunner.runTest(SuiteRunner.java:380)
	at org.testng.SuiteRunner.runSequentially(SuiteRunner.java:375)
	at org.testng.SuiteRunner.privateRun(SuiteRunner.java:340)
	at org.testng.SuiteRunner.run(SuiteRunner.java:289)
	at org.testng.SuiteRunnerWorker.runSuite(SuiteRunnerWorker.java:52)
	at org.testng.SuiteRunnerWorker.run(SuiteRunnerWorker.java:86)
	at org.testng.TestNG.runSuitesSequentially(TestNG.java:1301)
	at org.testng.TestNG.runSuitesLocally(TestNG.java:1226)
	at org.testng.TestNG.runSuites(TestNG.java:1144)
	at org.testng.TestNG.run(TestNG.java:1115)
	at org.testng.remote.AbstractRemoteTestNG.run(AbstractRemoteTestNG.java:115)
	at org.testng.remote.RemoteTestNG.initAndRun(RemoteTestNG.java:251)
	at org.testng.remote.RemoteTestNG.main(RemoteTestNG.java:77)
]]>
            </full-stacktrace>
          </exception> <!-- java.lang.Throwable -->
          <reporter-output>
          </reporter-output>
        </test-method> <!-- pxd_003_04_update_administration_message_test1 -->
        <test-method status="SKIP" signature="pxd_003_05_delete_administration_message_test1()[pri:0, instance:com.platformX.api.tests.PXD_003_Administration_Message_Test@49c66ade]" name="pxd_003_05_delete_administration_message_test1" duration-ms="0" started-at="2024-01-07T20:56:54Z" description="positive test case" depends-on-methods="com.platformX.api.tests.PXD_003_Administration_Message_Test.pxd_003_04_update_administration_message_test1" finished-at="2024-01-07T20:56:54Z">
          <exception class="java.lang.Throwable">
            <message>
              <![CDATA[Method PXD_003_Administration_Message_Test.pxd_003_05_delete_administration_message_test1()[pri:0, instance:com.platformX.api.tests.PXD_003_Administration_Message_Test@49c66ade] depends on not successfully finished methods]]>
            </message>
            <full-stacktrace>
              <![CDATA[java.lang.Throwable: Method PXD_003_Administration_Message_Test.pxd_003_05_delete_administration_message_test1()[pri:0, instance:com.platformX.api.tests.PXD_003_Administration_Message_Test@49c66ade] depends on not successfully finished methods
	at org.testng.internal.Invoker.invokeTestMethods(Invoker.java:1084)
	at org.testng.internal.TestMethodWorker.invokeTestMethods(TestMethodWorker.java:126)
	at org.testng.internal.TestMethodWorker.run(TestMethodWorker.java:109)
	at org.testng.TestRunner.privateRun(TestRunner.java:744)
	at org.testng.TestRunner.run(TestRunner.java:602)
	at org.testng.SuiteRunner.runTest(SuiteRunner.java:380)
	at org.testng.SuiteRunner.runSequentially(SuiteRunner.java:375)
	at org.testng.SuiteRunner.privateRun(SuiteRunner.java:340)
	at org.testng.SuiteRunner.run(SuiteRunner.java:289)
	at org.testng.SuiteRunnerWorker.runSuite(SuiteRunnerWorker.java:52)
	at org.testng.SuiteRunnerWorker.run(SuiteRunnerWorker.java:86)
	at org.testng.TestNG.runSuitesSequentially(TestNG.java:1301)
	at org.testng.TestNG.runSuitesLocally(TestNG.java:1226)
	at org.testng.TestNG.runSuites(TestNG.java:1144)
	at org.testng.TestNG.run(TestNG.java:1115)
	at org.testng.remote.AbstractRemoteTestNG.run(AbstractRemoteTestNG.java:115)
	at org.testng.remote.RemoteTestNG.initAndRun(RemoteTestNG.java:251)
	at org.testng.remote.RemoteTestNG.main(RemoteTestNG.java:77)
]]>
            </full-stacktrace>
          </exception> <!-- java.lang.Throwable -->
          <reporter-output>
          </reporter-output>
        </test-method> <!-- pxd_003_05_delete_administration_message_test1 -->
      </class> <!-- com.platformX.api.tests.PXD_003_Administration_Message_Test -->
    </test> <!-- Default test -->
  </suite> <!-- Default suite -->
</testng-results>
