<?xml version="1.0" encoding="UTF-8"?>
<testng-results skipped="0" failed="0" ignored="0" total="1" passed="1">
  <reporter-output>
  </reporter-output>
  <suite name="Default suite" duration-ms="27922" started-at="2023-05-24T11:25:56Z" finished-at="2023-05-24T11:26:23Z">
    <groups>
    </groups>
    <test name="Default test" duration-ms="27922" started-at="2023-05-24T11:25:56Z" finished-at="2023-05-24T11:26:23Z">
      <class name="com.platformX.tests.PX_015_Neuspjesno_Dodavanje_Umanjenja_Cijene_Test">
        <test-method status="PASS" signature="setUp(java.lang.String)[pri:0, instance:com.platformX.tests.PX_015_Neuspjesno_Dodavanje_Umanjenja_Cijene_Test@7f552bd3]" name="setUp" is-config="true" duration-ms="5566" started-at="2023-05-24T13:25:56Z" finished-at="2023-05-24T13:26:01Z">
          <params>
            <param index="0">
              <value>
                <![CDATA[chrome]]>
              </value>
            </param>
          </params>
          <reporter-output>
          </reporter-output>
        </test-method> <!-- setUp -->
        <test-method status="PASS" signature="px_015_neuspjesno_dodavanje_umanjenja_cijene_test()[pri:0, instance:com.platformX.tests.PX_015_Neuspjesno_Dodavanje_Umanjenja_Cijene_Test@7f552bd3]" name="px_015_neuspjesno_dodavanje_umanjenja_cijene_test" duration-ms="21654" started-at="2023-05-24T13:26:01Z" description="pokusaj dodavanja umanjenja cijene za postojeći broj mjeseci" finished-at="2023-05-24T13:26:23Z">
          <reporter-output>
          </reporter-output>
        </test-method> <!-- px_015_neuspjesno_dodavanje_umanjenja_cijene_test -->
        <test-method status="PASS" signature="cleanUp()[pri:0, instance:com.platformX.tests.PX_015_Neuspjesno_Dodavanje_Umanjenja_Cijene_Test@7f552bd3]" name="cleanUp" is-config="true" duration-ms="682" started-at="2023-05-24T13:26:23Z" finished-at="2023-05-24T13:26:23Z">
          <reporter-output>
          </reporter-output>
        </test-method> <!-- cleanUp -->
      </class> <!-- com.platformX.tests.PX_015_Neuspjesno_Dodavanje_Umanjenja_Cijene_Test -->
    </test> <!-- Default test -->
  </suite> <!-- Default suite -->
</testng-results>
