<?xml version="1.0" encoding="UTF-8"?>
<testng-results skipped="0" failed="0" ignored="0" total="1" passed="1">
  <reporter-output>
  </reporter-output>
  <suite name="Default suite" duration-ms="41832" started-at="2021-03-23T14:07:41Z" finished-at="2021-03-23T14:08:23Z">
    <groups>
    </groups>
    <test name="Default test" duration-ms="41832" started-at="2021-03-23T14:07:41Z" finished-at="2021-03-23T14:08:23Z">
      <class name="com.platformX.tests.QA_023_Neuspjesno_Dodavanje_Ugovora_Test5">
        <test-method status="PASS" signature="setUp(java.lang.String)[pri:0, instance:com.platformX.tests.QA_023_Neuspjesno_Dodavanje_Ugovora_Test5@3967e60c]" name="setUp" is-config="true" duration-ms="5418" started-at="2021-03-23T15:07:41Z" finished-at="2021-03-23T15:07:47Z">
          <params>
            <param index="0">
              <value>
                <![CDATA[chrome]]>
              </value>
            </param>
          </params>
          <reporter-output>
          </reporter-output>
        </test-method> <!-- setUp -->
        <test-method status="PASS" signature="qa_023_nesupjesno_dodavanje_ugovora_test5()[pri:0, instance:com.platformX.tests.QA_023_Neuspjesno_Dodavanje_Ugovora_Test5@3967e60c]" name="qa_023_nesupjesno_dodavanje_ugovora_test5" duration-ms="36397" started-at="2021-03-23T15:07:47Z" finished-at="2021-03-23T15:08:23Z">
          <reporter-output>
          </reporter-output>
        </test-method> <!-- qa_023_nesupjesno_dodavanje_ugovora_test5 -->
        <test-method status="PASS" signature="cleanUp()[pri:0, instance:com.platformX.tests.QA_023_Neuspjesno_Dodavanje_Ugovora_Test5@3967e60c]" name="cleanUp" is-config="true" duration-ms="0" started-at="2021-03-23T15:08:23Z" finished-at="2021-03-23T15:08:23Z">
          <reporter-output>
          </reporter-output>
        </test-method> <!-- cleanUp -->
      </class> <!-- com.platformX.tests.QA_023_Neuspjesno_Dodavanje_Ugovora_Test5 -->
    </test> <!-- Default test -->
  </suite> <!-- Default suite -->
</testng-results>
