<?xml version="1.0" encoding="UTF-8"?>
<testng-results skipped="0" failed="0" ignored="0" total="39" passed="39">
  <reporter-output>
  </reporter-output>
  <suite name="Svi testovi" duration-ms="1435605" started-at="2021-05-09T08:10:36Z" finished-at="2021-05-09T08:34:32Z">
    <groups>
    </groups>
    <test name="Svi testovi" duration-ms="1435605" started-at="2021-05-09T08:10:36Z" finished-at="2021-05-09T08:34:32Z">
      <class name="com.platformX.tests.QA_041_Preregistracija_Ugovora_Test">
        <test-method status="PASS" signature="setUp(java.lang.String)[pri:0, instance:com.platformX.tests.QA_041_Preregistracija_Ugovora_Test@185d8b6]" name="setUp" is-config="true" duration-ms="5114" started-at="2021-05-09T10:34:02Z" finished-at="2021-05-09T10:34:07Z">
          <params>
            <param index="0">
              <value>
                <![CDATA[chrome]]>
              </value>
            </param>
          </params>
          <reporter-output>
          </reporter-output>
        </test-method> <!-- setUp -->
        <test-method status="PASS" signature="qa_041_preregistracija_ugovora_test()[pri:0, instance:com.platformX.tests.QA_041_Preregistracija_Ugovora_Test@185d8b6]" name="qa_041_preregistracija_ugovora_test" duration-ms="24106" started-at="2021-05-09T10:34:07Z" finished-at="2021-05-09T10:34:31Z">
          <reporter-output>
          </reporter-output>
        </test-method> <!-- qa_041_preregistracija_ugovora_test -->
        <test-method status="PASS" signature="cleanUp()[pri:0, instance:com.platformX.tests.QA_041_Preregistracija_Ugovora_Test@185d8b6]" name="cleanUp" is-config="true" duration-ms="633" started-at="2021-05-09T10:34:31Z" finished-at="2021-05-09T10:34:32Z">
          <reporter-output>
          </reporter-output>
        </test-method> <!-- cleanUp -->
      </class> <!-- com.platformX.tests.QA_041_Preregistracija_Ugovora_Test -->
      <class name="com.platformX.tests.QA_039_Neuspjesno_Odbacivanje_Ugovora_Test">
        <test-method status="PASS" signature="setUp(java.lang.String)[pri:0, instance:com.platformX.tests.QA_039_Neuspjesno_Odbacivanje_Ugovora_Test@6c3708b3]" name="setUp" is-config="true" duration-ms="5045" started-at="2021-05-09T10:33:28Z" finished-at="2021-05-09T10:33:33Z">
          <params>
            <param index="0">
              <value>
                <![CDATA[chrome]]>
              </value>
            </param>
          </params>
          <reporter-output>
          </reporter-output>
        </test-method> <!-- setUp -->
        <test-method status="PASS" signature="qa_039_neuspjesno_odbacivanje_ugovora_test()[pri:0, instance:com.platformX.tests.QA_039_Neuspjesno_Odbacivanje_Ugovora_Test@6c3708b3]" name="qa_039_neuspjesno_odbacivanje_ugovora_test" duration-ms="11163" started-at="2021-05-09T10:33:33Z" finished-at="2021-05-09T10:33:44Z">
          <reporter-output>
          </reporter-output>
        </test-method> <!-- qa_039_neuspjesno_odbacivanje_ugovora_test -->
        <test-method status="PASS" signature="cleanUp()[pri:0, instance:com.platformX.tests.QA_039_Neuspjesno_Odbacivanje_Ugovora_Test@6c3708b3]" name="cleanUp" is-config="true" duration-ms="630" started-at="2021-05-09T10:33:44Z" finished-at="2021-05-09T10:33:45Z">
          <reporter-output>
          </reporter-output>
        </test-method> <!-- cleanUp -->
      </class> <!-- com.platformX.tests.QA_039_Neuspjesno_Odbacivanje_Ugovora_Test -->
      <class name="com.platformX.tests.QA_029_Provjera_Validacija_Na_Izmjeni_Ugovora_Test">
        <test-method status="PASS" signature="setUp(java.lang.String)[pri:0, instance:com.platformX.tests.QA_029_Provjera_Validacija_Na_Izmjeni_Ugovora_Test@370736d9]" name="setUp" is-config="true" duration-ms="5151" started-at="2021-05-09T10:26:51Z" finished-at="2021-05-09T10:26:56Z">
          <params>
            <param index="0">
              <value>
                <![CDATA[chrome]]>
              </value>
            </param>
          </params>
          <reporter-output>
          </reporter-output>
        </test-method> <!-- setUp -->
        <test-method status="PASS" signature="qa_029_provjera_validacija_na_izmjeni_ugovora_test()[pri:0, instance:com.platformX.tests.QA_029_Provjera_Validacija_Na_Izmjeni_Ugovora_Test@370736d9]" name="qa_029_provjera_validacija_na_izmjeni_ugovora_test" duration-ms="33239" started-at="2021-05-09T10:26:56Z" finished-at="2021-05-09T10:27:29Z">
          <reporter-output>
          </reporter-output>
        </test-method> <!-- qa_029_provjera_validacija_na_izmjeni_ugovora_test -->
        <test-method status="PASS" signature="cleanUp()[pri:0, instance:com.platformX.tests.QA_029_Provjera_Validacija_Na_Izmjeni_Ugovora_Test@370736d9]" name="cleanUp" is-config="true" duration-ms="644" started-at="2021-05-09T10:27:29Z" finished-at="2021-05-09T10:27:30Z">
          <reporter-output>
          </reporter-output>
        </test-method> <!-- cleanUp -->
      </class> <!-- com.platformX.tests.QA_029_Provjera_Validacija_Na_Izmjeni_Ugovora_Test -->
      <class name="com.platformX.tests.QA_003_Verifikacija_Sekcije_Tarifni_Sistem_Test">
        <test-method status="PASS" signature="setUp(java.lang.String)[pri:0, instance:com.platformX.tests.QA_003_Verifikacija_Sekcije_Tarifni_Sistem_Test@31610302]" name="setUp" is-config="true" duration-ms="5121" started-at="2021-05-09T10:11:15Z" finished-at="2021-05-09T10:11:20Z">
          <params>
            <param index="0">
              <value>
                <![CDATA[chrome]]>
              </value>
            </param>
          </params>
          <reporter-output>
          </reporter-output>
        </test-method> <!-- setUp -->
        <test-method status="PASS" signature="qa_003_verifikacije_sekcije_tarifni_sistem_test()[pri:0, instance:com.platformX.tests.QA_003_Verifikacija_Sekcije_Tarifni_Sistem_Test@31610302]" name="qa_003_verifikacije_sekcije_tarifni_sistem_test" duration-ms="15227" started-at="2021-05-09T10:11:20Z" finished-at="2021-05-09T10:11:35Z">
          <reporter-output>
          </reporter-output>
        </test-method> <!-- qa_003_verifikacije_sekcije_tarifni_sistem_test -->
        <test-method status="PASS" signature="cleanUp()[pri:0, instance:com.platformX.tests.QA_003_Verifikacija_Sekcije_Tarifni_Sistem_Test@31610302]" name="cleanUp" is-config="true" duration-ms="626" started-at="2021-05-09T10:11:35Z" finished-at="2021-05-09T10:11:36Z">
          <reporter-output>
          </reporter-output>
        </test-method> <!-- cleanUp -->
      </class> <!-- com.platformX.tests.QA_003_Verifikacija_Sekcije_Tarifni_Sistem_Test -->
      <class name="com.platformX.tests.QA_025_Dodavanje_Potpisanog_Ugovora_Test">
        <test-method status="PASS" signature="setUp(java.lang.String)[pri:0, instance:com.platformX.tests.QA_025_Dodavanje_Potpisanog_Ugovora_Test@6d7b4f4c]" name="setUp" is-config="true" duration-ms="5121" started-at="2021-05-09T10:24:34Z" finished-at="2021-05-09T10:24:39Z">
          <params>
            <param index="0">
              <value>
                <![CDATA[chrome]]>
              </value>
            </param>
          </params>
          <reporter-output>
          </reporter-output>
        </test-method> <!-- setUp -->
        <test-method status="PASS" signature="qa_025_dodavanje_potpisanog_ugovora_test()[pri:0, instance:com.platformX.tests.QA_025_Dodavanje_Potpisanog_Ugovora_Test@6d7b4f4c]" name="qa_025_dodavanje_potpisanog_ugovora_test" duration-ms="31054" started-at="2021-05-09T10:24:39Z" finished-at="2021-05-09T10:25:10Z">
          <reporter-output>
          </reporter-output>
        </test-method> <!-- qa_025_dodavanje_potpisanog_ugovora_test -->
        <test-method status="PASS" signature="cleanUp()[pri:0, instance:com.platformX.tests.QA_025_Dodavanje_Potpisanog_Ugovora_Test@6d7b4f4c]" name="cleanUp" is-config="true" duration-ms="631" started-at="2021-05-09T10:25:10Z" finished-at="2021-05-09T10:25:11Z">
          <reporter-output>
          </reporter-output>
        </test-method> <!-- cleanUp -->
      </class> <!-- com.platformX.tests.QA_025_Dodavanje_Potpisanog_Ugovora_Test -->
      <class name="com.platformX.tests.QA_034_Odbacivanje_Ugovora_Test">
        <test-method status="PASS" signature="setUp(java.lang.String)[pri:0, instance:com.platformX.tests.QA_034_Odbacivanje_Ugovora_Test@6b09bb57]" name="setUp" is-config="true" duration-ms="5073" started-at="2021-05-09T10:29:11Z" finished-at="2021-05-09T10:29:16Z">
          <params>
            <param index="0">
              <value>
                <![CDATA[chrome]]>
              </value>
            </param>
          </params>
          <reporter-output>
          </reporter-output>
        </test-method> <!-- setUp -->
        <test-method status="PASS" signature="qa_034_odbacivanje_ugovora_test()[pri:0, instance:com.platformX.tests.QA_034_Odbacivanje_Ugovora_Test@6b09bb57]" name="qa_034_odbacivanje_ugovora_test" duration-ms="37832" started-at="2021-05-09T10:29:16Z" finished-at="2021-05-09T10:29:54Z">
          <reporter-output>
          </reporter-output>
        </test-method> <!-- qa_034_odbacivanje_ugovora_test -->
        <test-method status="PASS" signature="cleanUp()[pri:0, instance:com.platformX.tests.QA_034_Odbacivanje_Ugovora_Test@6b09bb57]" name="cleanUp" is-config="true" duration-ms="641" started-at="2021-05-09T10:29:54Z" finished-at="2021-05-09T10:29:55Z">
          <reporter-output>
          </reporter-output>
        </test-method> <!-- cleanUp -->
      </class> <!-- com.platformX.tests.QA_034_Odbacivanje_Ugovora_Test -->
      <class name="com.platformX.tests.QA_035_Ukljucivanje_Ugovora_Test">
        <test-method status="PASS" signature="setUp(java.lang.String)[pri:0, instance:com.platformX.tests.QA_035_Ukljucivanje_Ugovora_Test@6536e911]" name="setUp" is-config="true" duration-ms="5154" started-at="2021-05-09T10:29:55Z" finished-at="2021-05-09T10:30:00Z">
          <params>
            <param index="0">
              <value>
                <![CDATA[chrome]]>
              </value>
            </param>
          </params>
          <reporter-output>
          </reporter-output>
        </test-method> <!-- setUp -->
        <test-method status="PASS" signature="qa_035_ukljucivanje_ugovora_test()[pri:0, instance:com.platformX.tests.QA_035_Ukljucivanje_Ugovora_Test@6536e911]" name="qa_035_ukljucivanje_ugovora_test" duration-ms="49277" started-at="2021-05-09T10:30:00Z" finished-at="2021-05-09T10:30:49Z">
          <reporter-output>
          </reporter-output>
        </test-method> <!-- qa_035_ukljucivanje_ugovora_test -->
        <test-method status="PASS" signature="cleanUp()[pri:0, instance:com.platformX.tests.QA_035_Ukljucivanje_Ugovora_Test@6536e911]" name="cleanUp" is-config="true" duration-ms="625" started-at="2021-05-09T10:30:49Z" finished-at="2021-05-09T10:30:50Z">
          <reporter-output>
          </reporter-output>
        </test-method> <!-- cleanUp -->
      </class> <!-- com.platformX.tests.QA_035_Ukljucivanje_Ugovora_Test -->
      <class name="com.platformX.tests.QA_038_Neuspjesno_Iskljucivanje_Ugovora_Test">
        <test-method status="PASS" signature="setUp(java.lang.String)[pri:0, instance:com.platformX.tests.QA_038_Neuspjesno_Iskljucivanje_Ugovora_Test@3e9b1010]" name="setUp" is-config="true" duration-ms="5050" started-at="2021-05-09T10:32:37Z" finished-at="2021-05-09T10:32:42Z">
          <params>
            <param index="0">
              <value>
                <![CDATA[chrome]]>
              </value>
            </param>
          </params>
          <reporter-output>
          </reporter-output>
        </test-method> <!-- setUp -->
        <test-method status="PASS" signature="qa_038_neuspjesno_iskljucivanje_ugovora_test()[pri:0, instance:com.platformX.tests.QA_038_Neuspjesno_Iskljucivanje_Ugovora_Test@3e9b1010]" name="qa_038_neuspjesno_iskljucivanje_ugovora_test" duration-ms="45278" started-at="2021-05-09T10:32:42Z" finished-at="2021-05-09T10:33:28Z">
          <reporter-output>
          </reporter-output>
        </test-method> <!-- qa_038_neuspjesno_iskljucivanje_ugovora_test -->
        <test-method status="PASS" signature="cleanUp()[pri:0, instance:com.platformX.tests.QA_038_Neuspjesno_Iskljucivanje_Ugovora_Test@3e9b1010]" name="cleanUp" is-config="true" duration-ms="639" started-at="2021-05-09T10:33:28Z" finished-at="2021-05-09T10:33:28Z">
          <reporter-output>
          </reporter-output>
        </test-method> <!-- cleanUp -->
      </class> <!-- com.platformX.tests.QA_038_Neuspjesno_Iskljucivanje_Ugovora_Test -->
      <class name="com.platformX.tests.QA_016_Preknjizavanje_Dnevnika_Uplata_Test">
        <test-method status="PASS" signature="setUp(java.lang.String)[pri:0, instance:com.platformX.tests.QA_016_Preknjizavanje_Dnevnika_Uplata_Test@20398b7c]" name="setUp" is-config="true" duration-ms="5135" started-at="2021-05-09T10:19:17Z" finished-at="2021-05-09T10:19:22Z">
          <params>
            <param index="0">
              <value>
                <![CDATA[chrome]]>
              </value>
            </param>
          </params>
          <reporter-output>
          </reporter-output>
        </test-method> <!-- setUp -->
        <test-method status="PASS" signature="qa_016_preknjizavanje_dnevnika_uplata_test()[pri:0, instance:com.platformX.tests.QA_016_Preknjizavanje_Dnevnika_Uplata_Test@20398b7c]" name="qa_016_preknjizavanje_dnevnika_uplata_test" duration-ms="48392" started-at="2021-05-09T10:19:22Z" finished-at="2021-05-09T10:20:11Z">
          <reporter-output>
          </reporter-output>
        </test-method> <!-- qa_016_preknjizavanje_dnevnika_uplata_test -->
        <test-method status="PASS" signature="cleanUp()[pri:0, instance:com.platformX.tests.QA_016_Preknjizavanje_Dnevnika_Uplata_Test@20398b7c]" name="cleanUp" is-config="true" duration-ms="616" started-at="2021-05-09T10:20:11Z" finished-at="2021-05-09T10:20:11Z">
          <reporter-output>
          </reporter-output>
        </test-method> <!-- cleanUp -->
      </class> <!-- com.platformX.tests.QA_016_Preknjizavanje_Dnevnika_Uplata_Test -->
      <class name="com.platformX.tests.QA_033_Neuspjesna_Deaktivacija_Ugovora_Test">
        <test-method status="PASS" signature="setUp(java.lang.String)[pri:0, instance:com.platformX.tests.QA_033_Neuspjesna_Deaktivacija_Ugovora_Test@63753b6d]" name="setUp" is-config="true" duration-ms="5124" started-at="2021-05-09T10:28:22Z" finished-at="2021-05-09T10:28:27Z">
          <params>
            <param index="0">
              <value>
                <![CDATA[chrome]]>
              </value>
            </param>
          </params>
          <reporter-output>
          </reporter-output>
        </test-method> <!-- setUp -->
        <test-method status="PASS" signature="qa_033_neuspjesna_deaktivacija_ugovora_test()[pri:0, instance:com.platformX.tests.QA_033_Neuspjesna_Deaktivacija_Ugovora_Test@63753b6d]" name="qa_033_neuspjesna_deaktivacija_ugovora_test" duration-ms="43341" started-at="2021-05-09T10:28:27Z" finished-at="2021-05-09T10:29:10Z">
          <reporter-output>
          </reporter-output>
        </test-method> <!-- qa_033_neuspjesna_deaktivacija_ugovora_test -->
        <test-method status="PASS" signature="cleanUp()[pri:0, instance:com.platformX.tests.QA_033_Neuspjesna_Deaktivacija_Ugovora_Test@63753b6d]" name="cleanUp" is-config="true" duration-ms="616" started-at="2021-05-09T10:29:10Z" finished-at="2021-05-09T10:29:11Z">
          <reporter-output>
          </reporter-output>
        </test-method> <!-- cleanUp -->
      </class> <!-- com.platformX.tests.QA_033_Neuspjesna_Deaktivacija_Ugovora_Test -->
      <class name="com.platformX.tests.QA_018_Dodavanje_Ugovora_Test">
        <test-method status="PASS" signature="setUp(java.lang.String)[pri:0, instance:com.platformX.tests.QA_018_Dodavanje_Ugovora_Test@56235b8e]" name="setUp" is-config="true" duration-ms="5102" started-at="2021-05-09T10:20:35Z" finished-at="2021-05-09T10:20:41Z">
          <params>
            <param index="0">
              <value>
                <![CDATA[chrome]]>
              </value>
            </param>
          </params>
          <reporter-output>
          </reporter-output>
        </test-method> <!-- setUp -->
        <test-method status="PASS" signature="qa_018_dodavanje_ugovora_test()[pri:0, instance:com.platformX.tests.QA_018_Dodavanje_Ugovora_Test@56235b8e]" name="qa_018_dodavanje_ugovora_test" duration-ms="40851" started-at="2021-05-09T10:20:41Z" finished-at="2021-05-09T10:21:21Z">
          <reporter-output>
          </reporter-output>
        </test-method> <!-- qa_018_dodavanje_ugovora_test -->
        <test-method status="PASS" signature="cleanUp()[pri:0, instance:com.platformX.tests.QA_018_Dodavanje_Ugovora_Test@56235b8e]" name="cleanUp" is-config="true" duration-ms="666" started-at="2021-05-09T10:21:21Z" finished-at="2021-05-09T10:21:22Z">
          <reporter-output>
          </reporter-output>
        </test-method> <!-- cleanUp -->
      </class> <!-- com.platformX.tests.QA_018_Dodavanje_Ugovora_Test -->
      <class name="com.platformX.tests.QA_002_Verifikacija_Sekcije_Sifarnici_Test">
        <test-method status="PASS" signature="setUp(java.lang.String)[pri:0, instance:com.platformX.tests.QA_002_Verifikacija_Sekcije_Sifarnici_Test@544fe44c]" name="setUp" is-config="true" duration-ms="5140" started-at="2021-05-09T10:10:49Z" finished-at="2021-05-09T10:10:54Z">
          <params>
            <param index="0">
              <value>
                <![CDATA[chrome]]>
              </value>
            </param>
          </params>
          <reporter-output>
          </reporter-output>
        </test-method> <!-- setUp -->
        <test-method status="PASS" signature="qa_002_verifikacije_sekcije_sifarnici_test()[pri:0, instance:com.platformX.tests.QA_002_Verifikacija_Sekcije_Sifarnici_Test@544fe44c]" name="qa_002_verifikacije_sekcije_sifarnici_test" duration-ms="19984" started-at="2021-05-09T10:10:54Z" finished-at="2021-05-09T10:11:14Z">
          <reporter-output>
          </reporter-output>
        </test-method> <!-- qa_002_verifikacije_sekcije_sifarnici_test -->
        <test-method status="PASS" signature="cleanUp()[pri:0, instance:com.platformX.tests.QA_002_Verifikacija_Sekcije_Sifarnici_Test@544fe44c]" name="cleanUp" is-config="true" duration-ms="614" started-at="2021-05-09T10:11:14Z" finished-at="2021-05-09T10:11:15Z">
          <reporter-output>
          </reporter-output>
        </test-method> <!-- cleanUp -->
      </class> <!-- com.platformX.tests.QA_002_Verifikacija_Sekcije_Sifarnici_Test -->
      <class name="com.platformX.tests.QA_008_Dodavanje_Banke_Test">
        <test-method status="PASS" signature="setUp(java.lang.String)[pri:0, instance:com.platformX.tests.QA_008_Dodavanje_Banke_Test@4e1d422d]" name="setUp" is-config="true" duration-ms="5131" started-at="2021-05-09T10:13:08Z" finished-at="2021-05-09T10:13:13Z">
          <params>
            <param index="0">
              <value>
                <![CDATA[chrome]]>
              </value>
            </param>
          </params>
          <reporter-output>
          </reporter-output>
        </test-method> <!-- setUp -->
        <test-method status="PASS" signature="qa_008_dodavanje_banke_test()[pri:0, instance:com.platformX.tests.QA_008_Dodavanje_Banke_Test@4e1d422d]" name="qa_008_dodavanje_banke_test" duration-ms="10568" started-at="2021-05-09T10:13:13Z" finished-at="2021-05-09T10:13:24Z">
          <reporter-output>
          </reporter-output>
        </test-method> <!-- qa_008_dodavanje_banke_test -->
        <test-method status="PASS" signature="cleanUp()[pri:0, instance:com.platformX.tests.QA_008_Dodavanje_Banke_Test@4e1d422d]" name="cleanUp" is-config="true" duration-ms="632" started-at="2021-05-09T10:13:24Z" finished-at="2021-05-09T10:13:25Z">
          <reporter-output>
          </reporter-output>
        </test-method> <!-- cleanUp -->
      </class> <!-- com.platformX.tests.QA_008_Dodavanje_Banke_Test -->
      <class name="com.platformX.tests.QA_037_Iskljucivanje_Ugovora_Test">
        <test-method status="PASS" signature="setUp(java.lang.String)[pri:0, instance:com.platformX.tests.QA_037_Iskljucivanje_Ugovora_Test@18eed359]" name="setUp" is-config="true" duration-ms="5142" started-at="2021-05-09T10:31:46Z" finished-at="2021-05-09T10:31:51Z">
          <params>
            <param index="0">
              <value>
                <![CDATA[chrome]]>
              </value>
            </param>
          </params>
          <reporter-output>
          </reporter-output>
        </test-method> <!-- setUp -->
        <test-method status="PASS" signature="qa_037_iskljucivanje_ugovora_test()[pri:0, instance:com.platformX.tests.QA_037_Iskljucivanje_Ugovora_Test@18eed359]" name="qa_037_iskljucivanje_ugovora_test" duration-ms="45740" started-at="2021-05-09T10:31:51Z" finished-at="2021-05-09T10:32:37Z">
          <reporter-output>
          </reporter-output>
        </test-method> <!-- qa_037_iskljucivanje_ugovora_test -->
        <test-method status="PASS" signature="cleanUp()[pri:0, instance:com.platformX.tests.QA_037_Iskljucivanje_Ugovora_Test@18eed359]" name="cleanUp" is-config="true" duration-ms="654" started-at="2021-05-09T10:32:37Z" finished-at="2021-05-09T10:32:37Z">
          <reporter-output>
          </reporter-output>
        </test-method> <!-- cleanUp -->
      </class> <!-- com.platformX.tests.QA_037_Iskljucivanje_Ugovora_Test -->
      <class name="com.platformX.tests.QA_007_Verifikacija_Sekcije_Finansije_Test">
        <test-method status="PASS" signature="setUp(java.lang.String)[pri:0, instance:com.platformX.tests.QA_007_Verifikacija_Sekcije_Finansije_Test@3327bd23]" name="setUp" is-config="true" duration-ms="5163" started-at="2021-05-09T10:12:43Z" finished-at="2021-05-09T10:12:48Z">
          <params>
            <param index="0">
              <value>
                <![CDATA[chrome]]>
              </value>
            </param>
          </params>
          <reporter-output>
          </reporter-output>
        </test-method> <!-- setUp -->
        <test-method status="PASS" signature="qa_007_verifikacija_sekcije_finansije_test()[pri:0, instance:com.platformX.tests.QA_007_Verifikacija_Sekcije_Finansije_Test@3327bd23]" name="qa_007_verifikacija_sekcije_finansije_test" duration-ms="19562" started-at="2021-05-09T10:12:48Z" finished-at="2021-05-09T10:13:08Z">
          <reporter-output>
          </reporter-output>
        </test-method> <!-- qa_007_verifikacija_sekcije_finansije_test -->
        <test-method status="PASS" signature="cleanUp()[pri:0, instance:com.platformX.tests.QA_007_Verifikacija_Sekcije_Finansije_Test@3327bd23]" name="cleanUp" is-config="true" duration-ms="603" started-at="2021-05-09T10:13:08Z" finished-at="2021-05-09T10:13:08Z">
          <reporter-output>
          </reporter-output>
        </test-method> <!-- cleanUp -->
      </class> <!-- com.platformX.tests.QA_007_Verifikacija_Sekcije_Finansije_Test -->
      <class name="com.platformX.tests.QA_004_Verifikacija_Sekcije_Kupci_Test">
        <test-method status="PASS" signature="setUp(java.lang.String)[pri:0, instance:com.platformX.tests.QA_004_Verifikacija_Sekcije_Kupci_Test@71318ec4]" name="setUp" is-config="true" duration-ms="5079" started-at="2021-05-09T10:11:36Z" finished-at="2021-05-09T10:11:41Z">
          <params>
            <param index="0">
              <value>
                <![CDATA[chrome]]>
              </value>
            </param>
          </params>
          <reporter-output>
          </reporter-output>
        </test-method> <!-- setUp -->
        <test-method status="PASS" signature="qa_004_verifikacija_sekcije_kupci_test()[pri:0, instance:com.platformX.tests.QA_004_Verifikacija_Sekcije_Kupci_Test@71318ec4]" name="qa_004_verifikacija_sekcije_kupci_test" duration-ms="22357" started-at="2021-05-09T10:11:41Z" finished-at="2021-05-09T10:12:03Z">
          <reporter-output>
          </reporter-output>
        </test-method> <!-- qa_004_verifikacija_sekcije_kupci_test -->
        <test-method status="PASS" signature="cleanUp()[pri:0, instance:com.platformX.tests.QA_004_Verifikacija_Sekcije_Kupci_Test@71318ec4]" name="cleanUp" is-config="true" duration-ms="601" started-at="2021-05-09T10:12:03Z" finished-at="2021-05-09T10:12:04Z">
          <reporter-output>
          </reporter-output>
        </test-method> <!-- cleanUp -->
      </class> <!-- com.platformX.tests.QA_004_Verifikacija_Sekcije_Kupci_Test -->
      <class name="com.platformX.tests.QA_024_Neuspjesno_Dodavanje_Ugovora_Test6">
        <test-method status="PASS" signature="setUp(java.lang.String)[pri:0, instance:com.platformX.tests.QA_024_Neuspjesno_Dodavanje_Ugovora_Test6@4e9ba398]" name="setUp" is-config="true" duration-ms="5125" started-at="2021-05-09T10:23:51Z" finished-at="2021-05-09T10:23:56Z">
          <params>
            <param index="0">
              <value>
                <![CDATA[chrome]]>
              </value>
            </param>
          </params>
          <reporter-output>
          </reporter-output>
        </test-method> <!-- setUp -->
        <test-method status="PASS" signature="qa_024_nesupjesno_dodavanje_ugovora_test6()[pri:0, instance:com.platformX.tests.QA_024_Neuspjesno_Dodavanje_Ugovora_Test6@4e9ba398]" name="qa_024_nesupjesno_dodavanje_ugovora_test6" duration-ms="37831" started-at="2021-05-09T10:23:56Z" finished-at="2021-05-09T10:24:33Z">
          <reporter-output>
          </reporter-output>
        </test-method> <!-- qa_024_nesupjesno_dodavanje_ugovora_test6 -->
        <test-method status="PASS" signature="cleanUp()[pri:0, instance:com.platformX.tests.QA_024_Neuspjesno_Dodavanje_Ugovora_Test6@4e9ba398]" name="cleanUp" is-config="true" duration-ms="644" started-at="2021-05-09T10:24:33Z" finished-at="2021-05-09T10:24:34Z">
          <reporter-output>
          </reporter-output>
        </test-method> <!-- cleanUp -->
      </class> <!-- com.platformX.tests.QA_024_Neuspjesno_Dodavanje_Ugovora_Test6 -->
      <class name="com.platformX.tests.QA_014_Dodavanje_Operativnog_Podrucja_Test">
        <test-method status="PASS" signature="setUp(java.lang.String)[pri:0, instance:com.platformX.tests.QA_014_Dodavanje_Operativnog_Podrucja_Test@2ac273d3]" name="setUp" is-config="true" duration-ms="5163" started-at="2021-05-09T10:18:08Z" finished-at="2021-05-09T10:18:13Z">
          <params>
            <param index="0">
              <value>
                <![CDATA[chrome]]>
              </value>
            </param>
          </params>
          <reporter-output>
          </reporter-output>
        </test-method> <!-- setUp -->
        <test-method status="PASS" signature="qa_014_dodavanje_operativnog_podrucja_test()[pri:0, instance:com.platformX.tests.QA_014_Dodavanje_Operativnog_Podrucja_Test@2ac273d3]" name="qa_014_dodavanje_operativnog_podrucja_test" duration-ms="8759" started-at="2021-05-09T10:18:13Z" finished-at="2021-05-09T10:18:22Z">
          <reporter-output>
          </reporter-output>
        </test-method> <!-- qa_014_dodavanje_operativnog_podrucja_test -->
        <test-method status="PASS" signature="cleanUp()[pri:0, instance:com.platformX.tests.QA_014_Dodavanje_Operativnog_Podrucja_Test@2ac273d3]" name="cleanUp" is-config="true" duration-ms="624" started-at="2021-05-09T10:18:22Z" finished-at="2021-05-09T10:18:23Z">
          <reporter-output>
          </reporter-output>
        </test-method> <!-- cleanUp -->
      </class> <!-- com.platformX.tests.QA_014_Dodavanje_Operativnog_Podrucja_Test -->
      <class name="com.platformX.tests.QA_028_Izmjena_Ugovora_Test">
        <test-method status="PASS" signature="setUp(java.lang.String)[pri:0, instance:com.platformX.tests.QA_028_Izmjena_Ugovora_Test@3108bc]" name="setUp" is-config="true" duration-ms="5050" started-at="2021-05-09T10:25:53Z" finished-at="2021-05-09T10:25:58Z">
          <params>
            <param index="0">
              <value>
                <![CDATA[chrome]]>
              </value>
            </param>
          </params>
          <reporter-output>
          </reporter-output>
        </test-method> <!-- setUp -->
        <test-method status="PASS" signature="qa_028_izmjena_ugovora_test()[pri:0, instance:com.platformX.tests.QA_028_Izmjena_Ugovora_Test@3108bc]" name="qa_028_izmjena_ugovora_test" duration-ms="51632" started-at="2021-05-09T10:25:58Z" finished-at="2021-05-09T10:26:50Z">
          <reporter-output>
          </reporter-output>
        </test-method> <!-- qa_028_izmjena_ugovora_test -->
        <test-method status="PASS" signature="cleanUp()[pri:0, instance:com.platformX.tests.QA_028_Izmjena_Ugovora_Test@3108bc]" name="cleanUp" is-config="true" duration-ms="622" started-at="2021-05-09T10:26:50Z" finished-at="2021-05-09T10:26:51Z">
          <reporter-output>
          </reporter-output>
        </test-method> <!-- cleanUp -->
      </class> <!-- com.platformX.tests.QA_028_Izmjena_Ugovora_Test -->
      <class name="com.platformX.tests.QA_032_Deaktivacija_Ugovora_Test">
        <test-method status="PASS" signature="setUp(java.lang.String)[pri:0, instance:com.platformX.tests.QA_032_Deaktivacija_Ugovora_Test@5f9d02cb]" name="setUp" is-config="true" duration-ms="5056" started-at="2021-05-09T10:27:30Z" finished-at="2021-05-09T10:27:35Z">
          <params>
            <param index="0">
              <value>
                <![CDATA[chrome]]>
              </value>
            </param>
          </params>
          <reporter-output>
          </reporter-output>
        </test-method> <!-- setUp -->
        <test-method status="PASS" signature="qa_032_deaktivacija_ugovora_test()[pri:0, instance:com.platformX.tests.QA_032_Deaktivacija_Ugovora_Test@5f9d02cb]" name="qa_032_deaktivacija_ugovora_test" duration-ms="46722" started-at="2021-05-09T10:27:35Z" finished-at="2021-05-09T10:28:21Z">
          <reporter-output>
          </reporter-output>
        </test-method> <!-- qa_032_deaktivacija_ugovora_test -->
        <test-method status="PASS" signature="cleanUp()[pri:0, instance:com.platformX.tests.QA_032_Deaktivacija_Ugovora_Test@5f9d02cb]" name="cleanUp" is-config="true" duration-ms="628" started-at="2021-05-09T10:28:21Z" finished-at="2021-05-09T10:28:22Z">
          <reporter-output>
          </reporter-output>
        </test-method> <!-- cleanUp -->
      </class> <!-- com.platformX.tests.QA_032_Deaktivacija_Ugovora_Test -->
      <class name="com.platformX.tests.QA_009_Dodavanje_Ziro_Racuna_Test">
        <test-method status="PASS" signature="setUp(java.lang.String)[pri:0, instance:com.platformX.tests.QA_009_Dodavanje_Ziro_Racuna_Test@52a86356]" name="setUp" is-config="true" duration-ms="5157" started-at="2021-05-09T10:13:49Z" finished-at="2021-05-09T10:13:54Z">
          <params>
            <param index="0">
              <value>
                <![CDATA[chrome]]>
              </value>
            </param>
          </params>
          <reporter-output>
          </reporter-output>
        </test-method> <!-- setUp -->
        <test-method status="PASS" signature="qa_009_dodavanje_ziro_racuna_test()[pri:0, instance:com.platformX.tests.QA_009_Dodavanje_Ziro_Racuna_Test@52a86356]" name="qa_009_dodavanje_ziro_racuna_test" duration-ms="21536" started-at="2021-05-09T10:13:54Z" finished-at="2021-05-09T10:14:15Z">
          <reporter-output>
          </reporter-output>
        </test-method> <!-- qa_009_dodavanje_ziro_racuna_test -->
        <test-method status="PASS" signature="cleanUp()[pri:0, instance:com.platformX.tests.QA_009_Dodavanje_Ziro_Racuna_Test@52a86356]" name="cleanUp" is-config="true" duration-ms="627" started-at="2021-05-09T10:14:15Z" finished-at="2021-05-09T10:14:16Z">
          <reporter-output>
          </reporter-output>
        </test-method> <!-- cleanUp -->
      </class> <!-- com.platformX.tests.QA_009_Dodavanje_Ziro_Racuna_Test -->
      <class name="com.platformX.tests.QA_012_Dodavanje_Uplate_Poziv_Na_Broj_Test2">
        <test-method status="PASS" signature="setUp(java.lang.String)[pri:0, instance:com.platformX.tests.QA_012_Dodavanje_Uplate_Poziv_Na_Broj_Test2@4fe3c938]" name="setUp" is-config="true" duration-ms="5136" started-at="2021-05-09T10:16:57Z" finished-at="2021-05-09T10:17:02Z">
          <params>
            <param index="0">
              <value>
                <![CDATA[chrome]]>
              </value>
            </param>
          </params>
          <reporter-output>
          </reporter-output>
        </test-method> <!-- setUp -->
        <test-method status="PASS" signature="qa_012_dodavanje_uplate_poziv_na_broj_test2()[pri:0, instance:com.platformX.tests.QA_012_Dodavanje_Uplate_Poziv_Na_Broj_Test2@4fe3c938]" name="qa_012_dodavanje_uplate_poziv_na_broj_test2" duration-ms="50489" started-at="2021-05-09T10:17:02Z" finished-at="2021-05-09T10:17:52Z">
          <reporter-output>
          </reporter-output>
        </test-method> <!-- qa_012_dodavanje_uplate_poziv_na_broj_test2 -->
        <test-method status="PASS" signature="cleanUp()[pri:0, instance:com.platformX.tests.QA_012_Dodavanje_Uplate_Poziv_Na_Broj_Test2@4fe3c938]" name="cleanUp" is-config="true" duration-ms="633" started-at="2021-05-09T10:17:52Z" finished-at="2021-05-09T10:17:53Z">
          <reporter-output>
          </reporter-output>
        </test-method> <!-- cleanUp -->
      </class> <!-- com.platformX.tests.QA_012_Dodavanje_Uplate_Poziv_Na_Broj_Test2 -->
      <class name="com.platformX.tests.QA_005_Verifikacija_Sekcije_Mjerna_Mjesta_Test">
        <test-method status="PASS" signature="setUp(java.lang.String)[pri:0, instance:com.platformX.tests.QA_005_Verifikacija_Sekcije_Mjerna_Mjesta_Test@21213b92]" name="setUp" is-config="true" duration-ms="5053" started-at="2021-05-09T10:12:04Z" finished-at="2021-05-09T10:12:09Z">
          <params>
            <param index="0">
              <value>
                <![CDATA[chrome]]>
              </value>
            </param>
          </params>
          <reporter-output>
          </reporter-output>
        </test-method> <!-- setUp -->
        <test-method status="PASS" signature="qa_005_verifikacija_sekcije_mjerna_mjesta_test()[pri:0, instance:com.platformX.tests.QA_005_Verifikacija_Sekcije_Mjerna_Mjesta_Test@21213b92]" name="qa_005_verifikacija_sekcije_mjerna_mjesta_test" duration-ms="10755" started-at="2021-05-09T10:12:09Z" finished-at="2021-05-09T10:12:19Z">
          <reporter-output>
          </reporter-output>
        </test-method> <!-- qa_005_verifikacija_sekcije_mjerna_mjesta_test -->
        <test-method status="PASS" signature="cleanUp()[pri:0, instance:com.platformX.tests.QA_005_Verifikacija_Sekcije_Mjerna_Mjesta_Test@21213b92]" name="cleanUp" is-config="true" duration-ms="611" started-at="2021-05-09T10:12:19Z" finished-at="2021-05-09T10:12:20Z">
          <reporter-output>
          </reporter-output>
        </test-method> <!-- cleanUp -->
      </class> <!-- com.platformX.tests.QA_005_Verifikacija_Sekcije_Mjerna_Mjesta_Test -->
      <class name="com.platformX.tests.QA_011_Dodavanje_Uplate_Test">
        <test-method status="PASS" signature="setUp(java.lang.String)[pri:0, instance:com.platformX.tests.QA_011_Dodavanje_Uplate_Test@5ec0a365]" name="setUp" is-config="true" duration-ms="5145" started-at="2021-05-09T10:15:58Z" finished-at="2021-05-09T10:16:03Z">
          <params>
            <param index="0">
              <value>
                <![CDATA[chrome]]>
              </value>
            </param>
          </params>
          <reporter-output>
          </reporter-output>
        </test-method> <!-- setUp -->
        <test-method status="PASS" signature="qa_011_dodavanje_uplate_test()[pri:0, instance:com.platformX.tests.QA_011_Dodavanje_Uplate_Test@5ec0a365]" name="qa_011_dodavanje_uplate_test" duration-ms="52746" started-at="2021-05-09T10:16:03Z" finished-at="2021-05-09T10:16:56Z">
          <reporter-output>
          </reporter-output>
        </test-method> <!-- qa_011_dodavanje_uplate_test -->
        <test-method status="PASS" signature="cleanUp()[pri:0, instance:com.platformX.tests.QA_011_Dodavanje_Uplate_Test@5ec0a365]" name="cleanUp" is-config="true" duration-ms="602" started-at="2021-05-09T10:16:56Z" finished-at="2021-05-09T10:16:57Z">
          <reporter-output>
          </reporter-output>
        </test-method> <!-- cleanUp -->
      </class> <!-- com.platformX.tests.QA_011_Dodavanje_Uplate_Test -->
      <class name="com.platformX.tests.QA_026_Provjera_Validacija_Na_Ugovoru_Test1">
        <test-method status="PASS" signature="setUp(java.lang.String)[pri:0, instance:com.platformX.tests.QA_026_Provjera_Validacija_Na_Ugovoru_Test1@527740a2]" name="setUp" is-config="true" duration-ms="5159" started-at="2021-05-09T10:25:11Z" finished-at="2021-05-09T10:25:16Z">
          <params>
            <param index="0">
              <value>
                <![CDATA[chrome]]>
              </value>
            </param>
          </params>
          <reporter-output>
          </reporter-output>
        </test-method> <!-- setUp -->
        <test-method status="PASS" signature="qa_026_provjera_validacija_na_ugovoru_test1()[pri:0, instance:com.platformX.tests.QA_026_Provjera_Validacija_Na_Ugovoru_Test1@527740a2]" name="qa_026_provjera_validacija_na_ugovoru_test1" duration-ms="11461" started-at="2021-05-09T10:25:16Z" finished-at="2021-05-09T10:25:28Z">
          <reporter-output>
          </reporter-output>
        </test-method> <!-- qa_026_provjera_validacija_na_ugovoru_test1 -->
        <test-method status="PASS" signature="cleanUp()[pri:0, instance:com.platformX.tests.QA_026_Provjera_Validacija_Na_Ugovoru_Test1@527740a2]" name="cleanUp" is-config="true" duration-ms="631" started-at="2021-05-09T10:25:28Z" finished-at="2021-05-09T10:25:28Z">
          <reporter-output>
          </reporter-output>
        </test-method> <!-- cleanUp -->
      </class> <!-- com.platformX.tests.QA_026_Provjera_Validacija_Na_Ugovoru_Test1 -->
      <class name="com.platformX.tests.QA_021_Neuspjesno_Dodavanje_Ugovora_Test3">
        <test-method status="PASS" signature="setUp(java.lang.String)[pri:0, instance:com.platformX.tests.QA_021_Neuspjesno_Dodavanje_Ugovora_Test3@5abca1e0]" name="setUp" is-config="true" duration-ms="5164" started-at="2021-05-09T10:22:25Z" finished-at="2021-05-09T10:22:31Z">
          <params>
            <param index="0">
              <value>
                <![CDATA[chrome]]>
              </value>
            </param>
          </params>
          <reporter-output>
          </reporter-output>
        </test-method> <!-- setUp -->
        <test-method status="PASS" signature="qa_021_nesupjesno_dodavanje_ugovora_test3()[pri:0, instance:com.platformX.tests.QA_021_Neuspjesno_Dodavanje_Ugovora_Test3@5abca1e0]" name="qa_021_nesupjesno_dodavanje_ugovora_test3" duration-ms="37612" started-at="2021-05-09T10:22:31Z" finished-at="2021-05-09T10:23:08Z">
          <reporter-output>
          </reporter-output>
        </test-method> <!-- qa_021_nesupjesno_dodavanje_ugovora_test3 -->
        <test-method status="PASS" signature="cleanUp()[pri:0, instance:com.platformX.tests.QA_021_Neuspjesno_Dodavanje_Ugovora_Test3@5abca1e0]" name="cleanUp" is-config="true" duration-ms="655" started-at="2021-05-09T10:23:08Z" finished-at="2021-05-09T10:23:09Z">
          <reporter-output>
          </reporter-output>
        </test-method> <!-- cleanUp -->
      </class> <!-- com.platformX.tests.QA_021_Neuspjesno_Dodavanje_Ugovora_Test3 -->
      <class name="com.platformX.tests.QA_015_Dodavanje_Uplate_Sa_Kupcem_Test">
        <test-method status="PASS" signature="setUp(java.lang.String)[pri:0, instance:com.platformX.tests.QA_015_Dodavanje_Uplate_Sa_Kupcem_Test@71423665]" name="setUp" is-config="true" duration-ms="5063" started-at="2021-05-09T10:18:23Z" finished-at="2021-05-09T10:18:28Z">
          <params>
            <param index="0">
              <value>
                <![CDATA[chrome]]>
              </value>
            </param>
          </params>
          <reporter-output>
          </reporter-output>
        </test-method> <!-- setUp -->
        <test-method status="PASS" signature="qa_015_dodavanje_uplate_sa_kupcem_test()[pri:0, instance:com.platformX.tests.QA_015_Dodavanje_Uplate_Sa_Kupcem_Test@71423665]" name="qa_015_dodavanje_uplate_sa_kupcem_test" duration-ms="48757" started-at="2021-05-09T10:18:28Z" finished-at="2021-05-09T10:19:17Z">
          <reporter-output>
          </reporter-output>
        </test-method> <!-- qa_015_dodavanje_uplate_sa_kupcem_test -->
        <test-method status="PASS" signature="cleanUp()[pri:0, instance:com.platformX.tests.QA_015_Dodavanje_Uplate_Sa_Kupcem_Test@71423665]" name="cleanUp" is-config="true" duration-ms="621" started-at="2021-05-09T10:19:17Z" finished-at="2021-05-09T10:19:17Z">
          <reporter-output>
          </reporter-output>
        </test-method> <!-- cleanUp -->
      </class> <!-- com.platformX.tests.QA_015_Dodavanje_Uplate_Sa_Kupcem_Test -->
      <class name="com.platformX.tests.QA_001_LogIn_LogOut_Test">
        <test-method status="PASS" signature="setUp(java.lang.String)[pri:0, instance:com.platformX.tests.QA_001_LogIn_LogOut_Test@31dc339b]" name="setUp" is-config="true" duration-ms="5819" started-at="2021-05-09T10:10:36Z" finished-at="2021-05-09T10:10:42Z">
          <params>
            <param index="0">
              <value>
                <![CDATA[chrome]]>
              </value>
            </param>
          </params>
          <reporter-output>
          </reporter-output>
        </test-method> <!-- setUp -->
        <test-method status="PASS" signature="qa_001_logIn_logOut_test()[pri:0, instance:com.platformX.tests.QA_001_LogIn_LogOut_Test@31dc339b]" name="qa_001_logIn_logOut_test" duration-ms="5945" started-at="2021-05-09T10:10:42Z" finished-at="2021-05-09T10:10:48Z">
          <reporter-output>
          </reporter-output>
        </test-method> <!-- qa_001_logIn_logOut_test -->
        <test-method status="PASS" signature="cleanUp()[pri:0, instance:com.platformX.tests.QA_001_LogIn_LogOut_Test@31dc339b]" name="cleanUp" is-config="true" duration-ms="657" started-at="2021-05-09T10:10:48Z" finished-at="2021-05-09T10:10:49Z">
          <reporter-output>
          </reporter-output>
        </test-method> <!-- cleanUp -->
      </class> <!-- com.platformX.tests.QA_001_LogIn_LogOut_Test -->
      <class name="com.platformX.tests.QA_040_Provjera_Validacija_Na_Preregistraciji_Ugovora_Test">
        <test-method status="PASS" signature="setUp(java.lang.String)[pri:0, instance:com.platformX.tests.QA_040_Provjera_Validacija_Na_Preregistraciji_Ugovora_Test@6f1fba17]" name="setUp" is-config="true" duration-ms="5052" started-at="2021-05-09T10:33:45Z" finished-at="2021-05-09T10:33:50Z">
          <params>
            <param index="0">
              <value>
                <![CDATA[chrome]]>
              </value>
            </param>
          </params>
          <reporter-output>
          </reporter-output>
        </test-method> <!-- setUp -->
        <test-method status="PASS" signature="qa_040_provjera_validacija_na_preregistraciji_ugovora_test()[pri:0, instance:com.platformX.tests.QA_040_Provjera_Validacija_Na_Preregistraciji_Ugovora_Test@6f1fba17]" name="qa_040_provjera_validacija_na_preregistraciji_ugovora_test" duration-ms="11453" started-at="2021-05-09T10:33:50Z" finished-at="2021-05-09T10:34:02Z">
          <reporter-output>
          </reporter-output>
        </test-method> <!-- qa_040_provjera_validacija_na_preregistraciji_ugovora_test -->
        <test-method status="PASS" signature="cleanUp()[pri:0, instance:com.platformX.tests.QA_040_Provjera_Validacija_Na_Preregistraciji_Ugovora_Test@6f1fba17]" name="cleanUp" is-config="true" duration-ms="632" started-at="2021-05-09T10:34:02Z" finished-at="2021-05-09T10:34:02Z">
          <reporter-output>
          </reporter-output>
        </test-method> <!-- cleanUp -->
      </class> <!-- com.platformX.tests.QA_040_Provjera_Validacija_Na_Preregistraciji_Ugovora_Test -->
      <class name="com.platformX.tests.QA_008_Verifikacija_Sekcije_Pravni_Odnosi_Test">
        <test-method status="PASS" signature="setUp(java.lang.String)[pri:0, instance:com.platformX.tests.QA_008_Verifikacija_Sekcije_Pravni_Odnosi_Test@66480dd7]" name="setUp" is-config="true" duration-ms="5122" started-at="2021-05-09T10:13:25Z" finished-at="2021-05-09T10:13:30Z">
          <params>
            <param index="0">
              <value>
                <![CDATA[chrome]]>
              </value>
            </param>
          </params>
          <reporter-output>
          </reporter-output>
        </test-method> <!-- setUp -->
        <test-method status="PASS" signature="qa_008_verifikacija_sekcije_pravni_odnosi_test()[pri:0, instance:com.platformX.tests.QA_008_Verifikacija_Sekcije_Pravni_Odnosi_Test@66480dd7]" name="qa_008_verifikacija_sekcije_pravni_odnosi_test" duration-ms="18275" started-at="2021-05-09T10:13:30Z" finished-at="2021-05-09T10:13:48Z">
          <reporter-output>
          </reporter-output>
        </test-method> <!-- qa_008_verifikacija_sekcije_pravni_odnosi_test -->
        <test-method status="PASS" signature="cleanUp()[pri:0, instance:com.platformX.tests.QA_008_Verifikacija_Sekcije_Pravni_Odnosi_Test@66480dd7]" name="cleanUp" is-config="true" duration-ms="618" started-at="2021-05-09T10:13:48Z" finished-at="2021-05-09T10:13:49Z">
          <reporter-output>
          </reporter-output>
        </test-method> <!-- cleanUp -->
      </class> <!-- com.platformX.tests.QA_008_Verifikacija_Sekcije_Pravni_Odnosi_Test -->
      <class name="com.platformX.tests.QA_019_Neuspjesno_Dodavanje_Ugovora_Test1">
        <test-method status="PASS" signature="setUp(java.lang.String)[pri:0, instance:com.platformX.tests.QA_019_Neuspjesno_Dodavanje_Ugovora_Test1@3632be31]" name="setUp" is-config="true" duration-ms="5128" started-at="2021-05-09T10:21:22Z" finished-at="2021-05-09T10:21:27Z">
          <params>
            <param index="0">
              <value>
                <![CDATA[chrome]]>
              </value>
            </param>
          </params>
          <reporter-output>
          </reporter-output>
        </test-method> <!-- setUp -->
        <test-method status="PASS" signature="qa_019_neuspjesno_dodavanje_ugovora_test1()[pri:0, instance:com.platformX.tests.QA_019_Neuspjesno_Dodavanje_Ugovora_Test1@3632be31]" name="qa_019_neuspjesno_dodavanje_ugovora_test1" duration-ms="57554" started-at="2021-05-09T10:21:27Z" finished-at="2021-05-09T10:22:25Z">
          <reporter-output>
          </reporter-output>
        </test-method> <!-- qa_019_neuspjesno_dodavanje_ugovora_test1 -->
        <test-method status="PASS" signature="cleanUp()[pri:0, instance:com.platformX.tests.QA_019_Neuspjesno_Dodavanje_Ugovora_Test1@3632be31]" name="cleanUp" is-config="true" duration-ms="631" started-at="2021-05-09T10:22:25Z" finished-at="2021-05-09T10:22:25Z">
          <reporter-output>
          </reporter-output>
        </test-method> <!-- cleanUp -->
      </class> <!-- com.platformX.tests.QA_019_Neuspjesno_Dodavanje_Ugovora_Test1 -->
      <class name="com.platformX.tests.QA_011_Dodavanje_Uplate_Poziv_Na_Broj_Test1">
        <test-method status="PASS" signature="setUp(java.lang.String)[pri:0, instance:com.platformX.tests.QA_011_Dodavanje_Uplate_Poziv_Na_Broj_Test1@78c03f1f]" name="setUp" is-config="true" duration-ms="5138" started-at="2021-05-09T10:15:02Z" finished-at="2021-05-09T10:15:07Z">
          <params>
            <param index="0">
              <value>
                <![CDATA[chrome]]>
              </value>
            </param>
          </params>
          <reporter-output>
          </reporter-output>
        </test-method> <!-- setUp -->
        <test-method status="PASS" signature="qa_011_dodavanje_uplata_poziv_na_broj_test1()[pri:0, instance:com.platformX.tests.QA_011_Dodavanje_Uplate_Poziv_Na_Broj_Test1@78c03f1f]" name="qa_011_dodavanje_uplata_poziv_na_broj_test1" duration-ms="50318" started-at="2021-05-09T10:15:07Z" finished-at="2021-05-09T10:15:58Z">
          <reporter-output>
          </reporter-output>
        </test-method> <!-- qa_011_dodavanje_uplata_poziv_na_broj_test1 -->
        <test-method status="PASS" signature="cleanUp()[pri:0, instance:com.platformX.tests.QA_011_Dodavanje_Uplate_Poziv_Na_Broj_Test1@78c03f1f]" name="cleanUp" is-config="true" duration-ms="645" started-at="2021-05-09T10:15:58Z" finished-at="2021-05-09T10:15:58Z">
          <reporter-output>
          </reporter-output>
        </test-method> <!-- cleanUp -->
      </class> <!-- com.platformX.tests.QA_011_Dodavanje_Uplate_Poziv_Na_Broj_Test1 -->
      <class name="com.platformX.tests.QA_017_Dodavanje_Pravnog_Lica_Test">
        <test-method status="PASS" signature="setUp(java.lang.String)[pri:0, instance:com.platformX.tests.QA_017_Dodavanje_Pravnog_Lica_Test@6fc6f14e]" name="setUp" is-config="true" duration-ms="5134" started-at="2021-05-09T10:20:11Z" finished-at="2021-05-09T10:20:16Z">
          <params>
            <param index="0">
              <value>
                <![CDATA[chrome]]>
              </value>
            </param>
          </params>
          <reporter-output>
          </reporter-output>
        </test-method> <!-- setUp -->
        <test-method status="PASS" signature="qa_017_dodavanje_pravnog_lica_test()[pri:0, instance:com.platformX.tests.QA_017_Dodavanje_Pravnog_Lica_Test@6fc6f14e]" name="qa_017_dodavanje_pravnog_lica_test" duration-ms="18369" started-at="2021-05-09T10:20:16Z" finished-at="2021-05-09T10:20:35Z">
          <reporter-output>
          </reporter-output>
        </test-method> <!-- qa_017_dodavanje_pravnog_lica_test -->
        <test-method status="PASS" signature="cleanUp()[pri:0, instance:com.platformX.tests.QA_017_Dodavanje_Pravnog_Lica_Test@6fc6f14e]" name="cleanUp" is-config="true" duration-ms="644" started-at="2021-05-09T10:20:35Z" finished-at="2021-05-09T10:20:35Z">
          <reporter-output>
          </reporter-output>
        </test-method> <!-- cleanUp -->
      </class> <!-- com.platformX.tests.QA_017_Dodavanje_Pravnog_Lica_Test -->
      <class name="com.platformX.tests.QA_006_Verifikacija_Sekcije_Obracun_Test">
        <test-method status="PASS" signature="setUp(java.lang.String)[pri:0, instance:com.platformX.tests.QA_006_Verifikacija_Sekcije_Obracun_Test@a67c67e]" name="setUp" is-config="true" duration-ms="5140" started-at="2021-05-09T10:12:20Z" finished-at="2021-05-09T10:12:25Z">
          <params>
            <param index="0">
              <value>
                <![CDATA[chrome]]>
              </value>
            </param>
          </params>
          <reporter-output>
          </reporter-output>
        </test-method> <!-- setUp -->
        <test-method status="PASS" signature="qa_006_verifikacija_sekcije_obracun_test()[pri:0, instance:com.platformX.tests.QA_006_Verifikacija_Sekcije_Obracun_Test@a67c67e]" name="qa_006_verifikacija_sekcije_obracun_test" duration-ms="17054" started-at="2021-05-09T10:12:25Z" finished-at="2021-05-09T10:12:42Z">
          <reporter-output>
          </reporter-output>
        </test-method> <!-- qa_006_verifikacija_sekcije_obracun_test -->
        <test-method status="PASS" signature="cleanUp()[pri:0, instance:com.platformX.tests.QA_006_Verifikacija_Sekcije_Obracun_Test@a67c67e]" name="cleanUp" is-config="true" duration-ms="615" started-at="2021-05-09T10:12:42Z" finished-at="2021-05-09T10:12:43Z">
          <reporter-output>
          </reporter-output>
        </test-method> <!-- cleanUp -->
      </class> <!-- com.platformX.tests.QA_006_Verifikacija_Sekcije_Obracun_Test -->
      <class name="com.platformX.tests.QA_036_Neuspjesno_Ukljucivanje_Ugovora_Test">
        <test-method status="PASS" signature="setUp(java.lang.String)[pri:0, instance:com.platformX.tests.QA_036_Neuspjesno_Ukljucivanje_Ugovora_Test@520a3426]" name="setUp" is-config="true" duration-ms="5334" started-at="2021-05-09T10:30:50Z" finished-at="2021-05-09T10:30:55Z">
          <params>
            <param index="0">
              <value>
                <![CDATA[chrome]]>
              </value>
            </param>
          </params>
          <reporter-output>
          </reporter-output>
        </test-method> <!-- setUp -->
        <test-method status="PASS" signature="qa_036_neuspjesno_ukljucivanje_ugovora_test()[pri:0, instance:com.platformX.tests.QA_036_Neuspjesno_Ukljucivanje_Ugovora_Test@520a3426]" name="qa_036_neuspjesno_ukljucivanje_ugovora_test" duration-ms="50020" started-at="2021-05-09T10:30:55Z" finished-at="2021-05-09T10:31:45Z">
          <reporter-output>
          </reporter-output>
        </test-method> <!-- qa_036_neuspjesno_ukljucivanje_ugovora_test -->
        <test-method status="PASS" signature="cleanUp()[pri:0, instance:com.platformX.tests.QA_036_Neuspjesno_Ukljucivanje_Ugovora_Test@520a3426]" name="cleanUp" is-config="true" duration-ms="675" started-at="2021-05-09T10:31:45Z" finished-at="2021-05-09T10:31:46Z">
          <reporter-output>
          </reporter-output>
        </test-method> <!-- cleanUp -->
      </class> <!-- com.platformX.tests.QA_036_Neuspjesno_Ukljucivanje_Ugovora_Test -->
      <class name="com.platformX.tests.QA_023_Neuspjesno_Dodavanje_Ugovora_Test5">
        <test-method status="PASS" signature="setUp(java.lang.String)[pri:0, instance:com.platformX.tests.QA_023_Neuspjesno_Dodavanje_Ugovora_Test5@2286778]" name="setUp" is-config="true" duration-ms="5055" started-at="2021-05-09T10:23:09Z" finished-at="2021-05-09T10:23:14Z">
          <params>
            <param index="0">
              <value>
                <![CDATA[chrome]]>
              </value>
            </param>
          </params>
          <reporter-output>
          </reporter-output>
        </test-method> <!-- setUp -->
        <test-method status="PASS" signature="qa_023_nesupjesno_dodavanje_ugovora_test5()[pri:0, instance:com.platformX.tests.QA_023_Neuspjesno_Dodavanje_Ugovora_Test5@2286778]" name="qa_023_nesupjesno_dodavanje_ugovora_test5" duration-ms="35976" started-at="2021-05-09T10:23:14Z" finished-at="2021-05-09T10:23:50Z">
          <reporter-output>
          </reporter-output>
        </test-method> <!-- qa_023_nesupjesno_dodavanje_ugovora_test5 -->
        <test-method status="PASS" signature="cleanUp()[pri:0, instance:com.platformX.tests.QA_023_Neuspjesno_Dodavanje_Ugovora_Test5@2286778]" name="cleanUp" is-config="true" duration-ms="641" started-at="2021-05-09T10:23:50Z" finished-at="2021-05-09T10:23:51Z">
          <reporter-output>
          </reporter-output>
        </test-method> <!-- cleanUp -->
      </class> <!-- com.platformX.tests.QA_023_Neuspjesno_Dodavanje_Ugovora_Test5 -->
      <class name="com.platformX.tests.QA_010_Dodavanje_Dnevnika_Uplata_Test">
        <test-method status="PASS" signature="setUp(java.lang.String)[pri:0, instance:com.platformX.tests.QA_010_Dodavanje_Dnevnika_Uplata_Test@5ce81285]" name="setUp" is-config="true" duration-ms="5119" started-at="2021-05-09T10:14:16Z" finished-at="2021-05-09T10:14:21Z">
          <params>
            <param index="0">
              <value>
                <![CDATA[chrome]]>
              </value>
            </param>
          </params>
          <reporter-output>
          </reporter-output>
        </test-method> <!-- setUp -->
        <test-method status="PASS" signature="qa_010_dodavanje_dnevnika_uplata_test()[pri:0, instance:com.platformX.tests.QA_010_Dodavanje_Dnevnika_Uplata_Test@5ce81285]" name="qa_010_dodavanje_dnevnika_uplata_test" duration-ms="40479" started-at="2021-05-09T10:14:21Z" finished-at="2021-05-09T10:15:01Z">
          <reporter-output>
          </reporter-output>
        </test-method> <!-- qa_010_dodavanje_dnevnika_uplata_test -->
        <test-method status="PASS" signature="cleanUp()[pri:0, instance:com.platformX.tests.QA_010_Dodavanje_Dnevnika_Uplata_Test@5ce81285]" name="cleanUp" is-config="true" duration-ms="640" started-at="2021-05-09T10:15:01Z" finished-at="2021-05-09T10:15:02Z">
          <reporter-output>
          </reporter-output>
        </test-method> <!-- cleanUp -->
      </class> <!-- com.platformX.tests.QA_010_Dodavanje_Dnevnika_Uplata_Test -->
      <class name="com.platformX.tests.QA_013_Dodavanje_Radne_Jedinice_Test">
        <test-method status="PASS" signature="setUp(java.lang.String)[pri:0, instance:com.platformX.tests.QA_013_Dodavanje_Radne_Jedinice_Test@5383967b]" name="setUp" is-config="true" duration-ms="5137" started-at="2021-05-09T10:17:53Z" finished-at="2021-05-09T10:17:58Z">
          <params>
            <param index="0">
              <value>
                <![CDATA[chrome]]>
              </value>
            </param>
          </params>
          <reporter-output>
          </reporter-output>
        </test-method> <!-- setUp -->
        <test-method status="PASS" signature="qa_013_dodavanje_radne_jedinice_test()[pri:0, instance:com.platformX.tests.QA_013_Dodavanje_Radne_Jedinice_Test@5383967b]" name="qa_013_dodavanje_radne_jedinice_test" duration-ms="9445" started-at="2021-05-09T10:17:58Z" finished-at="2021-05-09T10:18:08Z">
          <reporter-output>
          </reporter-output>
        </test-method> <!-- qa_013_dodavanje_radne_jedinice_test -->
        <test-method status="PASS" signature="cleanUp()[pri:0, instance:com.platformX.tests.QA_013_Dodavanje_Radne_Jedinice_Test@5383967b]" name="cleanUp" is-config="true" duration-ms="655" started-at="2021-05-09T10:18:08Z" finished-at="2021-05-09T10:18:08Z">
          <reporter-output>
          </reporter-output>
        </test-method> <!-- cleanUp -->
      </class> <!-- com.platformX.tests.QA_013_Dodavanje_Radne_Jedinice_Test -->
      <class name="com.platformX.tests.QA_027_Provjera_Validacija_Na_Ugovoru_Test2">
        <test-method status="PASS" signature="setUp(java.lang.String)[pri:0, instance:com.platformX.tests.QA_027_Provjera_Validacija_Na_Ugovoru_Test2@13a5fe33]" name="setUp" is-config="true" duration-ms="5155" started-at="2021-05-09T10:25:28Z" finished-at="2021-05-09T10:25:33Z">
          <params>
            <param index="0">
              <value>
                <![CDATA[chrome]]>
              </value>
            </param>
          </params>
          <reporter-output>
          </reporter-output>
        </test-method> <!-- setUp -->
        <test-method status="PASS" signature="qa_027_provjera_validacija_na_ugovoru_test2()[pri:0, instance:com.platformX.tests.QA_027_Provjera_Validacija_Na_Ugovoru_Test2@13a5fe33]" name="qa_027_provjera_validacija_na_ugovoru_test2" duration-ms="19268" started-at="2021-05-09T10:25:33Z" finished-at="2021-05-09T10:25:53Z">
          <reporter-output>
          </reporter-output>
        </test-method> <!-- qa_027_provjera_validacija_na_ugovoru_test2 -->
        <test-method status="PASS" signature="cleanUp()[pri:0, instance:com.platformX.tests.QA_027_Provjera_Validacija_Na_Ugovoru_Test2@13a5fe33]" name="cleanUp" is-config="true" duration-ms="624" started-at="2021-05-09T10:25:53Z" finished-at="2021-05-09T10:25:53Z">
          <reporter-output>
          </reporter-output>
        </test-method> <!-- cleanUp -->
      </class> <!-- com.platformX.tests.QA_027_Provjera_Validacija_Na_Ugovoru_Test2 -->
    </test> <!-- Svi testovi -->
  </suite> <!-- Svi testovi -->
</testng-results>
