<?xml version="1.0" encoding="UTF-8"?>
<testng-results ignored="0" total="1" passed="1" failed="0" skipped="0">
  <reporter-output>
  </reporter-output>
  <suite started-at="2022-08-30T14:08:16Z" name="Default suite" finished-at="2022-08-30T14:08:41Z" duration-ms="25149">
    <groups>
    </groups>
    <test started-at="2022-08-30T14:08:16Z" name="Default test" finished-at="2022-08-30T14:08:41Z" duration-ms="25149">
      <class name="com.platformX.distribution.tests.PX_DIST_005_Verifikacija_Sekcije_Mjerna_Mjesta_Test">
        <test-method is-config="true" signature="setUp(java.lang.String)[pri:0, instance:com.platformX.distribution.tests.PX_DIST_005_Verifikacija_Sekcije_Mjerna_Mjesta_Test@6b88ca8c]" started-at="2022-08-30T16:08:16Z" name="setUp" finished-at="2022-08-30T16:08:25Z" duration-ms="9637" status="PASS">
          <params>
            <param index="0">
              <value>
                <![CDATA[chrome]]>
              </value>
            </param>
          </params>
          <reporter-output>
          </reporter-output>
        </test-method> <!-- setUp -->
        <test-method signature="px_dist_005_verifikacije_sekcije_mjerna_mjesta_test()[pri:0, instance:com.platformX.distribution.tests.PX_DIST_005_Verifikacija_Sekcije_Mjerna_Mjesta_Test@6b88ca8c]" started-at="2022-08-30T16:08:25Z" name="px_dist_005_verifikacije_sekcije_mjerna_mjesta_test" description="test prolazi kroz sve stranice iz sekcije MJERNA MJESTA i verifikuje ih" finished-at="2022-08-30T16:08:41Z" duration-ms="15322" status="PASS">
          <reporter-output>
          </reporter-output>
        </test-method> <!-- px_dist_005_verifikacije_sekcije_mjerna_mjesta_test -->
        <test-method is-config="true" signature="cleanUp()[pri:0, instance:com.platformX.distribution.tests.PX_DIST_005_Verifikacija_Sekcije_Mjerna_Mjesta_Test@6b88ca8c]" started-at="2022-08-30T16:08:41Z" name="cleanUp" finished-at="2022-08-30T16:08:41Z" duration-ms="177" status="PASS">
          <reporter-output>
          </reporter-output>
        </test-method> <!-- cleanUp -->
      </class> <!-- com.platformX.distribution.tests.PX_DIST_005_Verifikacija_Sekcije_Mjerna_Mjesta_Test -->
    </test> <!-- Default test -->
  </suite> <!-- Default suite -->
</testng-results>
