<?xml version="1.0" encoding="UTF-8"?>
<testng-results skipped="0" failed="0" ignored="0" total="1" passed="1">
  <reporter-output>
  </reporter-output>
  <suite name="Default suite" duration-ms="62311" started-at="2021-02-26T09:49:34Z" finished-at="2021-02-26T09:50:36Z">
    <groups>
    </groups>
    <test name="Default test" duration-ms="62311" started-at="2021-02-26T09:49:34Z" finished-at="2021-02-26T09:50:36Z">
      <class name="com.platformX.tests.QA_002_Verifikacija_Sekcije_Sifarnici_Test">
        <test-method status="PASS" signature="setUp(java.lang.String)[pri:0, instance:com.platformX.tests.QA_002_Verifikacija_Sekcije_Sifarnici_Test@3967e60c]" name="setUp" is-config="true" duration-ms="5410" started-at="2021-02-26T10:49:34Z" finished-at="2021-02-26T10:49:40Z">
          <params>
            <param index="0">
              <value>
                <![CDATA[chrome]]>
              </value>
            </param>
          </params>
          <reporter-output>
          </reporter-output>
        </test-method> <!-- setUp -->
        <test-method status="PASS" signature="qa_002_verifikacije_sekcije_sifarnici_test()[pri:0, instance:com.platformX.tests.QA_002_Verifikacija_Sekcije_Sifarnici_Test@3967e60c]" name="qa_002_verifikacije_sekcije_sifarnici_test" duration-ms="56207" started-at="2021-02-26T10:49:40Z" finished-at="2021-02-26T10:50:36Z">
          <reporter-output>
          </reporter-output>
        </test-method> <!-- qa_002_verifikacije_sekcije_sifarnici_test -->
        <test-method status="PASS" signature="cleanUp()[pri:0, instance:com.platformX.tests.QA_002_Verifikacija_Sekcije_Sifarnici_Test@3967e60c]" name="cleanUp" is-config="true" duration-ms="674" started-at="2021-02-26T10:50:36Z" finished-at="2021-02-26T10:50:36Z">
          <reporter-output>
          </reporter-output>
        </test-method> <!-- cleanUp -->
      </class> <!-- com.platformX.tests.QA_002_Verifikacija_Sekcije_Sifarnici_Test -->
    </test> <!-- Default test -->
  </suite> <!-- Default suite -->
</testng-results>
