<?xml version="1.0" encoding="UTF-8"?>
<testng-results skipped="0" failed="0" ignored="0" total="1" passed="1">
  <reporter-output>
  </reporter-output>
  <suite name="Default suite" duration-ms="17138" started-at="2021-11-07T21:34:34Z" finished-at="2021-11-07T21:34:51Z">
    <groups>
    </groups>
    <test name="Default test" duration-ms="17138" started-at="2021-11-07T21:34:34Z" finished-at="2021-11-07T21:34:51Z">
      <class name="com.platformX.tests.PX_072_Dodavanje_Poste_Test">
        <test-method status="PASS" signature="setUp(java.lang.String)[pri:0, instance:com.platformX.tests.PX_072_Dodavanje_Poste_Test@3967e60c]" name="setUp" is-config="true" duration-ms="5359" started-at="2021-11-07T22:34:34Z" finished-at="2021-11-07T22:34:40Z">
          <params>
            <param index="0">
              <value>
                <![CDATA[chrome]]>
              </value>
            </param>
          </params>
          <reporter-output>
          </reporter-output>
        </test-method> <!-- setUp -->
        <test-method status="PASS" signature="px_072_dodavanje_poste_test()[pri:0, instance:com.platformX.tests.PX_072_Dodavanje_Poste_Test@3967e60c]" name="px_072_dodavanje_poste_test" duration-ms="11129" started-at="2021-11-07T22:34:40Z" finished-at="2021-11-07T22:34:51Z">
          <reporter-output>
          </reporter-output>
        </test-method> <!-- px_072_dodavanje_poste_test -->
        <test-method status="PASS" signature="cleanUp()[pri:0, instance:com.platformX.tests.PX_072_Dodavanje_Poste_Test@3967e60c]" name="cleanUp" is-config="true" duration-ms="635" started-at="2021-11-07T22:34:51Z" finished-at="2021-11-07T22:34:51Z">
          <reporter-output>
          </reporter-output>
        </test-method> <!-- cleanUp -->
      </class> <!-- com.platformX.tests.PX_072_Dodavanje_Poste_Test -->
    </test> <!-- Default test -->
  </suite> <!-- Default suite -->
</testng-results>
