<?xml version="1.0" encoding="UTF-8"?>
<testng-results skipped="0" failed="0" ignored="0" total="1" passed="1">
  <reporter-output>
  </reporter-output>
  <suite name="Default suite" duration-ms="21146" started-at="2022-07-31T18:34:41Z" finished-at="2022-07-31T18:35:02Z">
    <groups>
    </groups>
    <test name="Default test" duration-ms="21146" started-at="2022-07-31T18:34:41Z" finished-at="2022-07-31T18:35:02Z">
      <class name="com.platformX.distribution.tests.PX_DIST_Neuspjesno_Dodavanje_Poste_Test">
        <test-method status="PASS" signature="setUp(java.lang.String)[pri:0, instance:com.platformX.distribution.tests.PX_DIST_Neuspjesno_Dodavanje_Poste_Test@3967e60c]" name="setUp" is-config="true" duration-ms="5343" started-at="2022-07-31T20:34:41Z" finished-at="2022-07-31T20:34:46Z">
          <params>
            <param index="0">
              <value>
                <![CDATA[chrome]]>
              </value>
            </param>
          </params>
          <reporter-output>
          </reporter-output>
        </test-method> <!-- setUp -->
        <test-method status="PASS" signature="px_dist_neuspjesno_dodavanje_poste_test()[pri:0, instance:com.platformX.distribution.tests.PX_DIST_Neuspjesno_Dodavanje_Poste_Test@3967e60c]" name="px_dist_neuspjesno_dodavanje_poste_test" duration-ms="15086" started-at="2022-07-31T20:34:46Z" description="Pokušaj dodavanja poste sa istim ID-em" finished-at="2022-07-31T20:35:01Z">
          <reporter-output>
          </reporter-output>
        </test-method> <!-- px_dist_neuspjesno_dodavanje_poste_test -->
        <test-method status="PASS" signature="cleanUp()[pri:0, instance:com.platformX.distribution.tests.PX_DIST_Neuspjesno_Dodavanje_Poste_Test@3967e60c]" name="cleanUp" is-config="true" duration-ms="700" started-at="2022-07-31T20:35:01Z" finished-at="2022-07-31T20:35:02Z">
          <reporter-output>
          </reporter-output>
        </test-method> <!-- cleanUp -->
      </class> <!-- com.platformX.distribution.tests.PX_DIST_Neuspjesno_Dodavanje_Poste_Test -->
    </test> <!-- Default test -->
  </suite> <!-- Default suite -->
</testng-results>
