<?xml version="1.0" encoding="UTF-8"?>
<testng-results skipped="0" failed="0" ignored="0" total="1" passed="1">
  <reporter-output>
  </reporter-output>
  <suite name="Default suite" duration-ms="27115" started-at="2021-07-29T20:35:00Z" finished-at="2021-07-29T20:35:27Z">
    <groups>
    </groups>
    <test name="Default test" duration-ms="27115" started-at="2021-07-29T20:35:00Z" finished-at="2021-07-29T20:35:27Z">
      <class name="com.platformX.tests.QA_041_Preregistracija_Ugovora_Test">
        <test-method status="PASS" signature="setUp(java.lang.String)[pri:0, instance:com.platformX.tests.QA_041_Preregistracija_Ugovora_Test@3967e60c]" name="setUp" is-config="true" duration-ms="5390" started-at="2021-07-29T22:35:00Z" finished-at="2021-07-29T22:35:05Z">
          <params>
            <param index="0">
              <value>
                <![CDATA[chrome]]>
              </value>
            </param>
          </params>
          <reporter-output>
          </reporter-output>
        </test-method> <!-- setUp -->
        <test-method status="PASS" signature="qa_041_preregistracija_ugovora_test()[pri:0, instance:com.platformX.tests.QA_041_Preregistracija_Ugovora_Test@3967e60c]" name="qa_041_preregistracija_ugovora_test" duration-ms="21710" started-at="2021-07-29T22:35:05Z" finished-at="2021-07-29T22:35:27Z">
          <reporter-output>
          </reporter-output>
        </test-method> <!-- qa_041_preregistracija_ugovora_test -->
        <test-method status="PASS" signature="cleanUp()[pri:0, instance:com.platformX.tests.QA_041_Preregistracija_Ugovora_Test@3967e60c]" name="cleanUp" is-config="true" duration-ms="0" started-at="2021-07-29T22:35:27Z" finished-at="2021-07-29T22:35:27Z">
          <reporter-output>
          </reporter-output>
        </test-method> <!-- cleanUp -->
      </class> <!-- com.platformX.tests.QA_041_Preregistracija_Ugovora_Test -->
    </test> <!-- Default test -->
  </suite> <!-- Default suite -->
</testng-results>
