<?xml version="1.0" encoding="UTF-8"?>
<testng-results skipped="0" failed="0" ignored="0" total="1" passed="1">
  <reporter-output>
  </reporter-output>
  <suite name="Default suite" duration-ms="53201" started-at="2021-03-12T09:23:35Z" finished-at="2021-03-12T09:24:28Z">
    <groups>
    </groups>
    <test name="Default test" duration-ms="53201" started-at="2021-03-12T09:23:35Z" finished-at="2021-03-12T09:24:28Z">
      <class name="com.platformX.tests.QA_015_Dodavanje_Uplate_Sa_Kupcem_Test">
        <test-method status="PASS" signature="setUp(java.lang.String)[pri:0, instance:com.platformX.tests.QA_015_Dodavanje_Uplate_Sa_Kupcem_Test@3967e60c]" name="setUp" is-config="true" duration-ms="5511" started-at="2021-03-12T10:23:35Z" finished-at="2021-03-12T10:23:40Z">
          <params>
            <param index="0">
              <value>
                <![CDATA[chrome]]>
              </value>
            </param>
          </params>
          <reporter-output>
          </reporter-output>
        </test-method> <!-- setUp -->
        <test-method status="PASS" signature="qa_015_dodavanje_uplate_sa_kupcem_test()[pri:0, instance:com.platformX.tests.QA_015_Dodavanje_Uplate_Sa_Kupcem_Test@3967e60c]" name="qa_015_dodavanje_uplate_sa_kupcem_test" duration-ms="47673" started-at="2021-03-12T10:23:40Z" finished-at="2021-03-12T10:24:28Z">
          <reporter-output>
          </reporter-output>
        </test-method> <!-- qa_015_dodavanje_uplate_sa_kupcem_test -->
        <test-method status="PASS" signature="cleanUp()[pri:0, instance:com.platformX.tests.QA_015_Dodavanje_Uplate_Sa_Kupcem_Test@3967e60c]" name="cleanUp" is-config="true" duration-ms="0" started-at="2021-03-12T10:24:28Z" finished-at="2021-03-12T10:24:28Z">
          <reporter-output>
          </reporter-output>
        </test-method> <!-- cleanUp -->
      </class> <!-- com.platformX.tests.QA_015_Dodavanje_Uplate_Sa_Kupcem_Test -->
    </test> <!-- Default test -->
  </suite> <!-- Default suite -->
</testng-results>
