<?xml version="1.0" encoding="UTF-8"?>
<testng-results skipped="0" failed="0" ignored="0" total="1" passed="1">
  <reporter-output>
  </reporter-output>
  <suite name="Default suite" duration-ms="24599" started-at="2021-05-30T02:27:36Z" finished-at="2021-05-30T02:28:01Z">
    <groups>
    </groups>
    <test name="Default test" duration-ms="24599" started-at="2021-05-30T02:27:36Z" finished-at="2021-05-30T02:28:01Z">
      <class name="com.platformX.tests.QA_049_Brisanje_Tarifne_Grupe_Test">
        <test-method status="PASS" signature="setUp(java.lang.String)[pri:0, instance:com.platformX.tests.QA_049_Brisanje_Tarifne_Grupe_Test@3967e60c]" name="setUp" is-config="true" duration-ms="5388" started-at="2021-05-30T04:27:36Z" finished-at="2021-05-30T04:27:42Z">
          <params>
            <param index="0">
              <value>
                <![CDATA[chrome]]>
              </value>
            </param>
          </params>
          <reporter-output>
          </reporter-output>
        </test-method> <!-- setUp -->
        <test-method status="PASS" signature="qa_049_brisanje_tarifne_grupe_test()[pri:0, instance:com.platformX.tests.QA_049_Brisanje_Tarifne_Grupe_Test@3967e60c]" name="qa_049_brisanje_tarifne_grupe_test" duration-ms="19195" started-at="2021-05-30T04:27:42Z" finished-at="2021-05-30T04:28:01Z">
          <reporter-output>
          </reporter-output>
        </test-method> <!-- qa_049_brisanje_tarifne_grupe_test -->
        <test-method status="PASS" signature="cleanUp()[pri:0, instance:com.platformX.tests.QA_049_Brisanje_Tarifne_Grupe_Test@3967e60c]" name="cleanUp" is-config="true" duration-ms="0" started-at="2021-05-30T04:28:01Z" finished-at="2021-05-30T04:28:01Z">
          <reporter-output>
          </reporter-output>
        </test-method> <!-- cleanUp -->
      </class> <!-- com.platformX.tests.QA_049_Brisanje_Tarifne_Grupe_Test -->
    </test> <!-- Default test -->
  </suite> <!-- Default suite -->
</testng-results>
