<?xml version="1.0" encoding="UTF-8"?>
<testng-results skipped="0" failed="0" ignored="0" total="1" passed="1">
  <reporter-output>
  </reporter-output>
  <suite name="Default suite" duration-ms="17132" started-at="2022-04-08T08:30:46Z" finished-at="2022-04-08T08:31:03Z">
    <groups>
    </groups>
    <test name="Default test" duration-ms="17132" started-at="2022-04-08T08:30:46Z" finished-at="2022-04-08T08:31:03Z">
      <class name="com.platformX.tests.PX_080_Verifikacija_Sekcija_Administracija_Izvjestaji_Test">
        <test-method status="PASS" signature="setUp(java.lang.String)[pri:0, instance:com.platformX.tests.PX_080_Verifikacija_Sekcija_Administracija_Izvjestaji_Test@3967e60c]" name="setUp" is-config="true" duration-ms="5602" started-at="2022-04-08T10:30:46Z" finished-at="2022-04-08T10:30:52Z">
          <params>
            <param index="0">
              <value>
                <![CDATA[chrome]]>
              </value>
            </param>
          </params>
          <reporter-output>
          </reporter-output>
        </test-method> <!-- setUp -->
        <test-method status="PASS" signature="px_080_verifikacija_sekcija_administracija_izvjestaji_test()[pri:0, instance:com.platformX.tests.PX_080_Verifikacija_Sekcija_Administracija_Izvjestaji_Test@3967e60c]" name="px_080_verifikacija_sekcija_administracija_izvjestaji_test" duration-ms="10828" started-at="2022-04-08T10:30:52Z" description="test prolazi kroz sve stranice iz sekcija ADMINISTRACIJA i IZVJESTAJI i verifikuje ih" finished-at="2022-04-08T10:31:02Z">
          <reporter-output>
          </reporter-output>
        </test-method> <!-- px_080_verifikacija_sekcija_administracija_izvjestaji_test -->
        <test-method status="PASS" signature="cleanUp()[pri:0, instance:com.platformX.tests.PX_080_Verifikacija_Sekcija_Administracija_Izvjestaji_Test@3967e60c]" name="cleanUp" is-config="true" duration-ms="686" started-at="2022-04-08T10:31:02Z" finished-at="2022-04-08T10:31:03Z">
          <reporter-output>
          </reporter-output>
        </test-method> <!-- cleanUp -->
      </class> <!-- com.platformX.tests.PX_080_Verifikacija_Sekcija_Administracija_Izvjestaji_Test -->
    </test> <!-- Default test -->
  </suite> <!-- Default suite -->
</testng-results>
