<?xml version="1.0" encoding="UTF-8"?>
<testng-results skipped="0" failed="0" ignored="0" total="1" passed="1">
  <reporter-output>
  </reporter-output>
  <suite name="Default suite" duration-ms="25733" started-at="2023-05-24T18:45:51Z" finished-at="2023-05-24T18:46:16Z">
    <groups>
    </groups>
    <test name="Default test" duration-ms="25733" started-at="2023-05-24T18:45:51Z" finished-at="2023-05-24T18:46:16Z">
      <class name="com.platformX.distribution.tests.PX_DIST_071_Brisanje_Fizickog_Lica_Test">
        <test-method status="PASS" signature="setUp(java.lang.String)[pri:0, instance:com.platformX.distribution.tests.PX_DIST_071_Brisanje_Fizickog_Lica_Test@7f552bd3]" name="setUp" is-config="true" duration-ms="5468" started-at="2023-05-24T20:45:51Z" finished-at="2023-05-24T20:45:56Z">
          <params>
            <param index="0">
              <value>
                <![CDATA[chrome]]>
              </value>
            </param>
          </params>
          <reporter-output>
          </reporter-output>
        </test-method> <!-- setUp -->
        <test-method status="PASS" signature="px_dist_071_brisanje_fizickog_lica_test()[pri:0, instance:com.platformX.distribution.tests.PX_DIST_071_Brisanje_Fizickog_Lica_Test@7f552bd3]" name="px_dist_071_brisanje_fizickog_lica_test" duration-ms="19607" started-at="2023-05-24T20:45:56Z" finished-at="2023-05-24T20:46:16Z">
          <reporter-output>
          </reporter-output>
        </test-method> <!-- px_dist_071_brisanje_fizickog_lica_test -->
        <test-method status="PASS" signature="cleanUp()[pri:0, instance:com.platformX.distribution.tests.PX_DIST_071_Brisanje_Fizickog_Lica_Test@7f552bd3]" name="cleanUp" is-config="true" duration-ms="642" started-at="2023-05-24T20:46:16Z" finished-at="2023-05-24T20:46:16Z">
          <reporter-output>
          </reporter-output>
        </test-method> <!-- cleanUp -->
      </class> <!-- com.platformX.distribution.tests.PX_DIST_071_Brisanje_Fizickog_Lica_Test -->
    </test> <!-- Default test -->
  </suite> <!-- Default suite -->
</testng-results>
