<?xml version="1.0" encoding="UTF-8"?>
<testng-results skipped="0" failed="0" ignored="0" total="3" passed="3">
  <reporter-output>
  </reporter-output>
  <suite name="Default suite" duration-ms="26966" started-at="2021-05-18T17:53:18Z" finished-at="2021-05-18T17:53:45Z">
    <groups>
    </groups>
    <test name="Default test" duration-ms="26966" started-at="2021-05-18T17:53:18Z" finished-at="2021-05-18T17:53:45Z">
      <class name="com.platformX.tests.QA_045_Provjera_Validacija_Na_LogIn_Formi_Test">
        <test-method status="PASS" signature="setUp(java.lang.String)[pri:0, instance:com.platformX.tests.QA_045_Provjera_Validacija_Na_LogIn_Formi_Test@4b5a5ed1]" name="setUp" is-config="true" duration-ms="5540" started-at="2021-05-18T19:53:18Z" finished-at="2021-05-18T19:53:24Z">
          <params>
            <param index="0">
              <value>
                <![CDATA[chrome]]>
              </value>
            </param>
          </params>
          <reporter-output>
          </reporter-output>
        </test-method> <!-- setUp -->
        <test-method status="PASS" signature="qa_001_nevalidni_kredencijali_test()[pri:0, instance:com.platformX.tests.QA_045_Provjera_Validacija_Na_LogIn_Formi_Test@4b5a5ed1]" name="qa_001_nevalidni_kredencijali_test" duration-ms="2841" started-at="2021-05-18T19:53:24Z" finished-at="2021-05-18T19:53:26Z">
          <reporter-output>
          </reporter-output>
        </test-method> <!-- qa_001_nevalidni_kredencijali_test -->
        <test-method status="PASS" signature="cleanUp()[pri:0, instance:com.platformX.tests.QA_045_Provjera_Validacija_Na_LogIn_Formi_Test@4b5a5ed1]" name="cleanUp" is-config="true" duration-ms="1071" started-at="2021-05-18T19:53:26Z" finished-at="2021-05-18T19:53:27Z">
          <reporter-output>
          </reporter-output>
        </test-method> <!-- cleanUp -->
        <test-method status="PASS" signature="setUp(java.lang.String)[pri:0, instance:com.platformX.tests.QA_045_Provjera_Validacija_Na_LogIn_Formi_Test@4b5a5ed1]" name="setUp" is-config="true" duration-ms="5168" started-at="2021-05-18T19:53:27Z" finished-at="2021-05-18T19:53:33Z">
          <params>
            <param index="0">
              <value>
                <![CDATA[chrome]]>
              </value>
            </param>
          </params>
          <reporter-output>
          </reporter-output>
        </test-method> <!-- setUp -->
        <test-method status="PASS" signature="qa_001_validna_lozinka_test()[pri:0, instance:com.platformX.tests.QA_045_Provjera_Validacija_Na_LogIn_Formi_Test@4b5a5ed1]" name="qa_001_validna_lozinka_test" duration-ms="2497" started-at="2021-05-18T19:53:33Z" finished-at="2021-05-18T19:53:35Z">
          <reporter-output>
          </reporter-output>
        </test-method> <!-- qa_001_validna_lozinka_test -->
        <test-method status="PASS" signature="cleanUp()[pri:0, instance:com.platformX.tests.QA_045_Provjera_Validacija_Na_LogIn_Formi_Test@4b5a5ed1]" name="cleanUp" is-config="true" duration-ms="1347" started-at="2021-05-18T19:53:35Z" finished-at="2021-05-18T19:53:36Z">
          <reporter-output>
          </reporter-output>
        </test-method> <!-- cleanUp -->
        <test-method status="PASS" signature="setUp(java.lang.String)[pri:0, instance:com.platformX.tests.QA_045_Provjera_Validacija_Na_LogIn_Formi_Test@4b5a5ed1]" name="setUp" is-config="true" duration-ms="5169" started-at="2021-05-18T19:53:36Z" finished-at="2021-05-18T19:53:42Z">
          <params>
            <param index="0">
              <value>
                <![CDATA[chrome]]>
              </value>
            </param>
          </params>
          <reporter-output>
          </reporter-output>
        </test-method> <!-- setUp -->
        <test-method status="PASS" signature="qa_001_validno_korisnicko_ime_test()[pri:0, instance:com.platformX.tests.QA_045_Provjera_Validacija_Na_LogIn_Formi_Test@4b5a5ed1]" name="qa_001_validno_korisnicko_ime_test" duration-ms="2685" started-at="2021-05-18T19:53:42Z" finished-at="2021-05-18T19:53:44Z">
          <reporter-output>
          </reporter-output>
        </test-method> <!-- qa_001_validno_korisnicko_ime_test -->
        <test-method status="PASS" signature="cleanUp()[pri:0, instance:com.platformX.tests.QA_045_Provjera_Validacija_Na_LogIn_Formi_Test@4b5a5ed1]" name="cleanUp" is-config="true" duration-ms="628" started-at="2021-05-18T19:53:44Z" finished-at="2021-05-18T19:53:45Z">
          <reporter-output>
          </reporter-output>
        </test-method> <!-- cleanUp -->
      </class> <!-- com.platformX.tests.QA_045_Provjera_Validacija_Na_LogIn_Formi_Test -->
    </test> <!-- Default test -->
  </suite> <!-- Default suite -->
</testng-results>
