<?xml version="1.0" encoding="UTF-8"?>
<testng-results skipped="0" failed="0" ignored="0" total="1" passed="1">
  <reporter-output>
  </reporter-output>
  <suite name="Default suite" duration-ms="20126" started-at="2022-02-18T09:17:37Z" finished-at="2022-02-18T09:17:58Z">
    <groups>
    </groups>
    <test name="Default test" duration-ms="20126" started-at="2022-02-18T09:17:37Z" finished-at="2022-02-18T09:17:58Z">
      <class name="com.platformX.distribution.tests.PX_DIST_Neuspjesno_Dodavanje_Poste_Test">
        <test-method status="PASS" signature="setUp(java.lang.String)[pri:0, instance:com.platformX.distribution.tests.PX_DIST_Neuspjesno_Dodavanje_Poste_Test@3967e60c]" name="setUp" is-config="true" duration-ms="5371" started-at="2022-02-18T10:17:37Z" finished-at="2022-02-18T10:17:43Z">
          <params>
            <param index="0">
              <value>
                <![CDATA[chrome]]>
              </value>
            </param>
          </params>
          <reporter-output>
          </reporter-output>
        </test-method> <!-- setUp -->
        <test-method status="PASS" signature="px_075_neuspjesno_dodavanje_poste_test()[pri:0, instance:com.platformX.distribution.tests.PX_DIST_Neuspjesno_Dodavanje_Poste_Test@3967e60c]" name="px_075_neuspjesno_dodavanje_poste_test" duration-ms="14032" started-at="2022-02-18T10:17:43Z" description="Pokušaj dodavanja poste sa istim ID-em" finished-at="2022-02-18T10:17:57Z">
          <reporter-output>
          </reporter-output>
        </test-method> <!-- px_075_neuspjesno_dodavanje_poste_test -->
        <test-method status="PASS" signature="cleanUp()[pri:0, instance:com.platformX.distribution.tests.PX_DIST_Neuspjesno_Dodavanje_Poste_Test@3967e60c]" name="cleanUp" is-config="true" duration-ms="706" started-at="2022-02-18T10:17:57Z" finished-at="2022-02-18T10:17:58Z">
          <reporter-output>
          </reporter-output>
        </test-method> <!-- cleanUp -->
      </class> <!-- com.platformX.distribution.tests.PX_DIST_Neuspjesno_Dodavanje_Poste_Test -->
    </test> <!-- Default test -->
  </suite> <!-- Default suite -->
</testng-results>
