<?xml version="1.0" encoding="UTF-8"?>
<testng-results skipped="0" failed="0" ignored="0" total="1" passed="1">
  <reporter-output>
  </reporter-output>
  <suite name="Default suite" duration-ms="46981" started-at="2021-05-21T18:44:22Z" finished-at="2021-05-21T18:45:09Z">
    <groups>
    </groups>
    <test name="Default test" duration-ms="46981" started-at="2021-05-21T18:44:22Z" finished-at="2021-05-21T18:45:09Z">
      <class name="com.platformX.tests.QA_021_Neuspjesno_Dodavanje_Ugovora_Test3">
        <test-method status="PASS" signature="setUp(java.lang.String)[pri:0, instance:com.platformX.tests.QA_021_Neuspjesno_Dodavanje_Ugovora_Test3@3967e60c]" name="setUp" is-config="true" duration-ms="5375" started-at="2021-05-21T20:44:22Z" finished-at="2021-05-21T20:44:28Z">
          <params>
            <param index="0">
              <value>
                <![CDATA[chrome]]>
              </value>
            </param>
          </params>
          <reporter-output>
          </reporter-output>
        </test-method> <!-- setUp -->
        <test-method status="PASS" signature="qa_021_nesupjesno_dodavanje_ugovora_test3()[pri:0, instance:com.platformX.tests.QA_021_Neuspjesno_Dodavanje_Ugovora_Test3@3967e60c]" name="qa_021_nesupjesno_dodavanje_ugovora_test3" duration-ms="40947" started-at="2021-05-21T20:44:28Z" finished-at="2021-05-21T20:45:09Z">
          <reporter-output>
          </reporter-output>
        </test-method> <!-- qa_021_nesupjesno_dodavanje_ugovora_test3 -->
        <test-method status="PASS" signature="cleanUp()[pri:0, instance:com.platformX.tests.QA_021_Neuspjesno_Dodavanje_Ugovora_Test3@3967e60c]" name="cleanUp" is-config="true" duration-ms="641" started-at="2021-05-21T20:45:09Z" finished-at="2021-05-21T20:45:09Z">
          <reporter-output>
          </reporter-output>
        </test-method> <!-- cleanUp -->
      </class> <!-- com.platformX.tests.QA_021_Neuspjesno_Dodavanje_Ugovora_Test3 -->
    </test> <!-- Default test -->
  </suite> <!-- Default suite -->
</testng-results>
