<?xml version="1.0" encoding="UTF-8"?>
<testng-results ignored="0" total="1" passed="1" failed="0" skipped="0">
  <reporter-output>
  </reporter-output>
  <suite started-at="2022-11-07T09:43:16Z" name="Default suite" finished-at="2022-11-07T09:43:50Z" duration-ms="34859">
    <groups>
    </groups>
    <test started-at="2022-11-07T09:43:16Z" name="Default test" finished-at="2022-11-07T09:43:50Z" duration-ms="34859">
      <class name="com.platformX.distribution.tests.PX_DIST_Dodavanje_Zbirnog_Kontrolnog_Mjernog_Mjesta">
        <test-method is-config="true" signature="setUp(java.lang.String)[pri:0, instance:com.platformX.distribution.tests.PX_DIST_Dodavanje_Zbirnog_Kontrolnog_Mjernog_Mjesta@336f1079]" started-at="2022-11-07T10:43:16Z" name="setUp" finished-at="2022-11-07T10:43:25Z" duration-ms="9287" status="PASS">
          <params>
            <param index="0">
              <value>
                <![CDATA[chrome]]>
              </value>
            </param>
          </params>
          <reporter-output>
          </reporter-output>
        </test-method> <!-- setUp -->
        <test-method signature="px_dist_dodavanje_zbirnog_kontrolnog_mjernog_mjesta_test()[pri:0, instance:com.platformX.distribution.tests.PX_DIST_Dodavanje_Zbirnog_Kontrolnog_Mjernog_Mjesta@336f1079]" started-at="2022-11-07T10:43:25Z" name="px_dist_dodavanje_zbirnog_kontrolnog_mjernog_mjesta_test" finished-at="2022-11-07T10:43:50Z" duration-ms="25379" status="PASS">
          <reporter-output>
          </reporter-output>
        </test-method> <!-- px_dist_dodavanje_zbirnog_kontrolnog_mjernog_mjesta_test -->
        <test-method is-config="true" signature="cleanUp()[pri:0, instance:com.platformX.distribution.tests.PX_DIST_Dodavanje_Zbirnog_Kontrolnog_Mjernog_Mjesta@336f1079]" started-at="2022-11-07T10:43:50Z" name="cleanUp" finished-at="2022-11-07T10:43:50Z" duration-ms="177" status="PASS">
          <reporter-output>
          </reporter-output>
        </test-method> <!-- cleanUp -->
      </class> <!-- com.platformX.distribution.tests.PX_DIST_Dodavanje_Zbirnog_Kontrolnog_Mjernog_Mjesta -->
    </test> <!-- Default test -->
  </suite> <!-- Default suite -->
</testng-results>
