<?xml version="1.0" encoding="UTF-8"?>
<testng-results skipped="0" failed="0" ignored="0" total="1" passed="1">
  <reporter-output>
  </reporter-output>
  <suite name="Default suite" duration-ms="25015" started-at="2021-10-26T11:35:46Z" finished-at="2021-10-26T11:36:11Z">
    <groups>
    </groups>
    <test name="Default test" duration-ms="25015" started-at="2021-10-26T11:35:46Z" finished-at="2021-10-26T11:36:11Z">
      <class name="com.platformX.tests.PX_070_Brisanje_Radne_Jedinice_Test">
        <test-method status="PASS" signature="setUp(java.lang.String)[pri:0, instance:com.platformX.tests.PX_070_Brisanje_Radne_Jedinice_Test@3967e60c]" name="setUp" is-config="true" duration-ms="5360" started-at="2021-10-26T13:35:46Z" finished-at="2021-10-26T13:35:51Z">
          <params>
            <param index="0">
              <value>
                <![CDATA[chrome]]>
              </value>
            </param>
          </params>
          <reporter-output>
          </reporter-output>
        </test-method> <!-- setUp -->
        <test-method status="PASS" signature="px_070_brisanje_radne_jedinice_test()[pri:0, instance:com.platformX.tests.PX_070_Brisanje_Radne_Jedinice_Test@3967e60c]" name="px_070_brisanje_radne_jedinice_test" duration-ms="18994" started-at="2021-10-26T13:35:51Z" finished-at="2021-10-26T13:36:10Z">
          <reporter-output>
          </reporter-output>
        </test-method> <!-- px_070_brisanje_radne_jedinice_test -->
        <test-method status="PASS" signature="cleanUp()[pri:0, instance:com.platformX.tests.PX_070_Brisanje_Radne_Jedinice_Test@3967e60c]" name="cleanUp" is-config="true" duration-ms="643" started-at="2021-10-26T13:36:10Z" finished-at="2021-10-26T13:36:11Z">
          <reporter-output>
          </reporter-output>
        </test-method> <!-- cleanUp -->
      </class> <!-- com.platformX.tests.PX_070_Brisanje_Radne_Jedinice_Test -->
    </test> <!-- Default test -->
  </suite> <!-- Default suite -->
</testng-results>
