<?xml version="1.0" encoding="UTF-8"?>
<testng-results skipped="0" failed="0" ignored="0" total="1" passed="1">
  <reporter-output>
  </reporter-output>
  <suite name="Default suite" duration-ms="21280" started-at="2022-02-02T18:14:02Z" finished-at="2022-02-02T18:14:23Z">
    <groups>
    </groups>
    <test name="Default test" duration-ms="21280" started-at="2022-02-02T18:14:02Z" finished-at="2022-02-02T18:14:23Z">
      <class name="com.platformX.tests.PX_072_Neuspjesno_Brisanje_Poste_Test">
        <test-method status="PASS" signature="setUp(java.lang.String)[pri:0, instance:com.platformX.tests.PX_072_Neuspjesno_Brisanje_Poste_Test@3967e60c]" name="setUp" is-config="true" duration-ms="5417" started-at="2022-02-02T19:14:02Z" finished-at="2022-02-02T19:14:07Z">
          <params>
            <param index="0">
              <value>
                <![CDATA[chrome]]>
              </value>
            </param>
          </params>
          <reporter-output>
          </reporter-output>
        </test-method> <!-- setUp -->
        <test-method status="PASS" signature="px_072_neuspjesno_brisanje_poste_test()[pri:0, instance:com.platformX.tests.PX_072_Neuspjesno_Brisanje_Poste_Test@3967e60c]" name="px_072_neuspjesno_brisanje_poste_test" duration-ms="15147" started-at="2022-02-02T19:14:07Z" finished-at="2022-02-02T19:14:23Z">
          <reporter-output>
          </reporter-output>
        </test-method> <!-- px_072_neuspjesno_brisanje_poste_test -->
        <test-method status="PASS" signature="cleanUp()[pri:0, instance:com.platformX.tests.PX_072_Neuspjesno_Brisanje_Poste_Test@3967e60c]" name="cleanUp" is-config="true" duration-ms="701" started-at="2022-02-02T19:14:23Z" finished-at="2022-02-02T19:14:23Z">
          <reporter-output>
          </reporter-output>
        </test-method> <!-- cleanUp -->
      </class> <!-- com.platformX.tests.PX_072_Neuspjesno_Brisanje_Poste_Test -->
    </test> <!-- Default test -->
  </suite> <!-- Default suite -->
</testng-results>
