<?xml version="1.0" encoding="UTF-8"?>
<testng-results skipped="0" failed="0" ignored="0" total="1" passed="1">
  <reporter-output>
  </reporter-output>
  <suite name="Default suite" duration-ms="22883" started-at="2022-03-31T12:36:37Z" finished-at="2022-03-31T12:37:00Z">
    <groups>
    </groups>
    <test name="Default test" duration-ms="22883" started-at="2022-03-31T12:36:37Z" finished-at="2022-03-31T12:37:00Z">
      <class name="com.platformX.tests.PX_007_Verifikacija_Sekcije_Obracun_Test">
        <test-method status="PASS" signature="setUp(java.lang.String)[pri:0, instance:com.platformX.tests.PX_007_Verifikacija_Sekcije_Obracun_Test@4b5a5ed1]" name="setUp" is-config="true" duration-ms="5420" started-at="2022-03-31T14:36:37Z" finished-at="2022-03-31T14:36:42Z">
          <params>
            <param index="0">
              <value>
                <![CDATA[chrome]]>
              </value>
            </param>
          </params>
          <reporter-output>
          </reporter-output>
        </test-method> <!-- setUp -->
        <test-method status="PASS" signature="px_007_verifikacija_sekcije_obracun_test()[pri:0, instance:com.platformX.tests.PX_007_Verifikacija_Sekcije_Obracun_Test@4b5a5ed1]" name="px_007_verifikacija_sekcije_obracun_test" duration-ms="16803" started-at="2022-03-31T14:36:42Z" description="test prolazi kroz sve stranice iz sekcije OBRAČUN i verifikuje ih" finished-at="2022-03-31T14:36:59Z">
          <reporter-output>
          </reporter-output>
        </test-method> <!-- px_007_verifikacija_sekcije_obracun_test -->
        <test-method status="PASS" signature="cleanUp()[pri:0, instance:com.platformX.tests.PX_007_Verifikacija_Sekcije_Obracun_Test@4b5a5ed1]" name="cleanUp" is-config="true" duration-ms="641" started-at="2022-03-31T14:36:59Z" finished-at="2022-03-31T14:37:00Z">
          <reporter-output>
          </reporter-output>
        </test-method> <!-- cleanUp -->
      </class> <!-- com.platformX.tests.PX_007_Verifikacija_Sekcije_Obracun_Test -->
    </test> <!-- Default test -->
  </suite> <!-- Default suite -->
</testng-results>
