<?xml version="1.0" encoding="UTF-8"?>
<testng-results skipped="0" failed="0" ignored="0" total="1" passed="1">
  <reporter-output>
  </reporter-output>
  <suite name="Default suite" duration-ms="16843" started-at="2022-03-29T08:47:35Z" finished-at="2022-03-29T08:47:52Z">
    <groups>
    </groups>
    <test name="Default test" duration-ms="16843" started-at="2022-03-29T08:47:35Z" finished-at="2022-03-29T08:47:52Z">
      <class name="com.platformX.tests.PX_012_Dodavanje_Umanjenja_Cijene_Test">
        <test-method status="PASS" signature="setUp(java.lang.String)[pri:0, instance:com.platformX.tests.PX_012_Dodavanje_Umanjenja_Cijene_Test@3967e60c]" name="setUp" is-config="true" duration-ms="5514" started-at="2022-03-29T10:47:35Z" finished-at="2022-03-29T10:47:40Z">
          <params>
            <param index="0">
              <value>
                <![CDATA[chrome]]>
              </value>
            </param>
          </params>
          <reporter-output>
          </reporter-output>
        </test-method> <!-- setUp -->
        <test-method status="PASS" signature="px_012_dodavanje_umanjenja_cijene_test()[pri:0, instance:com.platformX.tests.PX_012_Dodavanje_Umanjenja_Cijene_Test@3967e60c]" name="px_012_dodavanje_umanjenja_cijene_test" duration-ms="11278" started-at="2022-03-29T10:47:40Z" finished-at="2022-03-29T10:47:52Z">
          <reporter-output>
          </reporter-output>
        </test-method> <!-- px_012_dodavanje_umanjenja_cijene_test -->
        <test-method status="PASS" signature="cleanUp()[pri:0, instance:com.platformX.tests.PX_012_Dodavanje_Umanjenja_Cijene_Test@3967e60c]" name="cleanUp" is-config="true" duration-ms="31" started-at="2022-03-29T10:47:52Z" finished-at="2022-03-29T10:47:52Z">
          <reporter-output>
          </reporter-output>
        </test-method> <!-- cleanUp -->
      </class> <!-- com.platformX.tests.PX_012_Dodavanje_Umanjenja_Cijene_Test -->
    </test> <!-- Default test -->
  </suite> <!-- Default suite -->
</testng-results>
