<?xml version="1.0" encoding="UTF-8"?>
<testng-results skipped="0" failed="0" ignored="0" total="1" passed="1">
  <reporter-output>
  </reporter-output>
  <suite name="Default suite" duration-ms="40791" started-at="2022-01-25T13:48:00Z" finished-at="2022-01-25T13:48:41Z">
    <groups>
    </groups>
    <test name="Default test" duration-ms="40791" started-at="2022-01-25T13:48:00Z" finished-at="2022-01-25T13:48:41Z">
      <class name="com.platformX.tests.PX_008_Verifikacija_Sekcije_Finansije_Test">
        <test-method status="PASS" signature="setUp(java.lang.String)[pri:0, instance:com.platformX.tests.PX_008_Verifikacija_Sekcije_Finansije_Test@3967e60c]" name="setUp" is-config="true" duration-ms="5490" started-at="2022-01-25T14:48:00Z" finished-at="2022-01-25T14:48:06Z">
          <params>
            <param index="0">
              <value>
                <![CDATA[chrome]]>
              </value>
            </param>
          </params>
          <reporter-output>
          </reporter-output>
        </test-method> <!-- setUp -->
        <test-method status="PASS" signature="px_008_verifikacija_sekcije_finansije_test()[pri:0, instance:com.platformX.tests.PX_008_Verifikacija_Sekcije_Finansije_Test@3967e60c]" name="px_008_verifikacija_sekcije_finansije_test" duration-ms="35281" started-at="2022-01-25T14:48:06Z" description="test prolazi kroz sve stranice iz sekcije FINANSIJE i verifikuje ih" finished-at="2022-01-25T14:48:41Z">
          <reporter-output>
          </reporter-output>
        </test-method> <!-- px_008_verifikacija_sekcije_finansije_test -->
        <test-method status="PASS" signature="cleanUp()[pri:0, instance:com.platformX.tests.PX_008_Verifikacija_Sekcije_Finansije_Test@3967e60c]" name="cleanUp" is-config="true" duration-ms="1" started-at="2022-01-25T14:48:41Z" finished-at="2022-01-25T14:48:41Z">
          <reporter-output>
          </reporter-output>
        </test-method> <!-- cleanUp -->
      </class> <!-- com.platformX.tests.PX_008_Verifikacija_Sekcije_Finansije_Test -->
    </test> <!-- Default test -->
  </suite> <!-- Default suite -->
</testng-results>
