<?xml version="1.0" encoding="UTF-8"?>
<testng-results skipped="0" failed="0" ignored="5" total="6" passed="1">
  <reporter-output>
  </reporter-output>
  <suite name="Default suite" duration-ms="1259" started-at="2023-04-01T21:46:38Z" finished-at="2023-04-01T21:46:39Z">
    <groups>
    </groups>
    <test name="Default test" duration-ms="1259" started-at="2023-04-01T21:46:38Z" finished-at="2023-04-01T21:46:39Z">
      <class name="com.platformX.api.tests.PXD_001_Authentication_Test">
        <test-method status="PASS" signature="pxd_authentication_test1()[pri:0, instance:com.platformX.api.tests.PXD_001_Authentication_Test@1f53a5dc]" name="pxd_authentication_test1" duration-ms="1246" started-at="2023-04-01T23:46:38Z" description="positive test case" finished-at="2023-04-01T23:46:39Z">
          <reporter-output>
          </reporter-output>
        </test-method> <!-- pxd_authentication_test1 -->
      </class> <!-- com.platformX.api.tests.PXD_001_Authentication_Test -->
    </test> <!-- Default test -->
  </suite> <!-- Default suite -->
</testng-results>
